2019-06-12 10:57:55.453  INFO [gateway-center,,,] 12364 --- [main] s.c.a.AnnotationConfigApplicationContext : Refreshing org.springframework.context.annotation.AnnotationConfigApplicationContext@383bfa16: startup date [Wed Jun 12 10:57:55 CST 2019]; root of context hierarchy
2019-06-12 10:57:55.615  INFO [gateway-center,,,] 12364 --- [main] f.a.AutowiredAnnotationBeanPostProcessor : JSR-330 'javax.inject.Inject' annotation found and supported for autowiring
2019-06-12 10:57:55.634  INFO [gateway-center,,,] 12364 --- [main] trationDelegate$BeanPostProcessorChecker : Bean 'configurationPropertiesRebinderAutoConfiguration' of type [org.springframework.cloud.autoconfigure.ConfigurationPropertiesRebinderAutoConfiguration$$EnhancerBySpringCGLIB$$2e01f9ed] is not eligible for getting processed by all BeanPostProcessors (for example: not eligible for auto-proxying)
2019-06-12 10:57:55.939  INFO [gateway-center,,,] 12364 --- [main] o.s.c.n.eureka.InstanceInfoFactory       : Setting initial instance status as: STARTING
2019-06-12 10:57:55.972  INFO [gateway-center,,,] 12364 --- [main] com.netflix.discovery.DiscoveryClient    : Initializing Eureka in region us-east-1
2019-06-12 10:57:56.241  INFO [gateway-center,,,] 12364 --- [main] c.n.d.provider.DiscoveryJerseyProvider   : Using JSON encoding codec LegacyJacksonJson
2019-06-12 10:57:56.242  INFO [gateway-center,,,] 12364 --- [main] c.n.d.provider.DiscoveryJerseyProvider   : Using JSON decoding codec LegacyJacksonJson
2019-06-12 10:57:56.298  INFO [gateway-center,,,] 12364 --- [main] c.n.d.provider.DiscoveryJerseyProvider   : Using XML encoding codec XStreamXml
2019-06-12 10:57:56.298  INFO [gateway-center,,,] 12364 --- [main] c.n.d.provider.DiscoveryJerseyProvider   : Using XML decoding codec XStreamXml
2019-06-12 10:57:56.394  INFO [gateway-center,,,] 12364 --- [main] c.n.d.s.r.aws.ConfigClusterResolver      : Resolving eureka endpoints via configuration
2019-06-12 10:57:56.547  INFO [gateway-center,,,] 12364 --- [main] com.netflix.discovery.DiscoveryClient    : Disable delta property : false
2019-06-12 10:57:56.547  INFO [gateway-center,,,] 12364 --- [main] com.netflix.discovery.DiscoveryClient    : Single vip registry refresh property : null
2019-06-12 10:57:56.547  INFO [gateway-center,,,] 12364 --- [main] com.netflix.discovery.DiscoveryClient    : Force full registry fetch : false
2019-06-12 10:57:56.547  INFO [gateway-center,,,] 12364 --- [main] com.netflix.discovery.DiscoveryClient    : Application is null : false
2019-06-12 10:57:56.548  INFO [gateway-center,,,] 12364 --- [main] com.netflix.discovery.DiscoveryClient    : Registered Applications size is zero : true
2019-06-12 10:57:56.548  INFO [gateway-center,,,] 12364 --- [main] com.netflix.discovery.DiscoveryClient    : Application version is -1: true
2019-06-12 10:57:56.548  INFO [gateway-center,,,] 12364 --- [main] com.netflix.discovery.DiscoveryClient    : Getting all instance registry info from the eureka server
2019-06-12 10:57:56.615  INFO [gateway-center,,,] 12364 --- [main] com.netflix.discovery.DiscoveryClient    : The response status is 200
2019-06-12 10:57:56.616  INFO [gateway-center,,,] 12364 --- [main] com.netflix.discovery.DiscoveryClient    : Not registering with Eureka server per configuration
2019-06-12 10:57:56.619  INFO [gateway-center,,,] 12364 --- [main] com.netflix.discovery.DiscoveryClient    : Discovery Client initialized at timestamp 1560308276618 with initial instances count: 0
2019-06-12 10:57:56.660  INFO [gateway-center,,,] 12364 --- [main] ConditionEvaluationReportLoggingListener : 

Error starting ApplicationContext. To display the conditions report re-run your application with 'debug' enabled.
2019-06-12 10:57:56.671 ERROR [gateway-center,,,] 12364 --- [main] o.s.boot.SpringApplication               : Application run failed

java.lang.IllegalStateException: No instances found of configserver (config-center)
	at org.springframework.cloud.config.client.ConfigServerInstanceProvider.getConfigServerInstances(ConfigServerInstanceProvider.java:25) ~[spring-cloud-config-client-2.0.0.RELEASE.jar:2.0.0.RELEASE]
	at org.springframework.cloud.config.client.DiscoveryClientConfigServiceBootstrapConfiguration.refresh(DiscoveryClientConfigServiceBootstrapConfiguration.java:84) ~[spring-cloud-config-client-2.0.0.RELEASE.jar:2.0.0.RELEASE]
	at org.springframework.cloud.config.client.DiscoveryClientConfigServiceBootstrapConfiguration.startup(DiscoveryClientConfigServiceBootstrapConfiguration.java:69) ~[spring-cloud-config-client-2.0.0.RELEASE.jar:2.0.0.RELEASE]
	at sun.reflect.NativeMethodAccessorImpl.invoke0(Native Method) ~[na:1.8.0_192]
	at sun.reflect.NativeMethodAccessorImpl.invoke(NativeMethodAccessorImpl.java:62) ~[na:1.8.0_192]
	at sun.reflect.DelegatingMethodAccessorImpl.invoke(DelegatingMethodAccessorImpl.java:43) ~[na:1.8.0_192]
	at java.lang.reflect.Method.invoke(Method.java:498) ~[na:1.8.0_192]
	at org.springframework.context.event.ApplicationListenerMethodAdapter.doInvoke(ApplicationListenerMethodAdapter.java:261) ~[spring-context-5.0.9.RELEASE.jar:5.0.9.RELEASE]
	at org.springframework.context.event.ApplicationListenerMethodAdapter.processEvent(ApplicationListenerMethodAdapter.java:180) ~[spring-context-5.0.9.RELEASE.jar:5.0.9.RELEASE]
	at org.springframework.context.event.ApplicationListenerMethodAdapter.onApplicationEvent(ApplicationListenerMethodAdapter.java:142) ~[spring-context-5.0.9.RELEASE.jar:5.0.9.RELEASE]
	at org.springframework.context.event.SimpleApplicationEventMulticaster.doInvokeListener(SimpleApplicationEventMulticaster.java:172) [spring-context-5.0.9.RELEASE.jar:5.0.9.RELEASE]
	at org.springframework.context.event.SimpleApplicationEventMulticaster.invokeListener(SimpleApplicationEventMulticaster.java:165) [spring-context-5.0.9.RELEASE.jar:5.0.9.RELEASE]
	at org.springframework.context.event.SimpleApplicationEventMulticaster.multicastEvent(SimpleApplicationEventMulticaster.java:139) [spring-context-5.0.9.RELEASE.jar:5.0.9.RELEASE]
	at org.springframework.context.support.AbstractApplicationContext.publishEvent(AbstractApplicationContext.java:400) ~[spring-context-5.0.9.RELEASE.jar:5.0.9.RELEASE]
	at org.springframework.context.support.AbstractApplicationContext.publishEvent(AbstractApplicationContext.java:354) ~[spring-context-5.0.9.RELEASE.jar:5.0.9.RELEASE]
	at org.springframework.context.support.AbstractApplicationContext.finishRefresh(AbstractApplicationContext.java:888) ~[spring-context-5.0.9.RELEASE.jar:5.0.9.RELEASE]
	at org.springframework.context.support.AbstractApplicationContext.refresh(AbstractApplicationContext.java:553) ~[spring-context-5.0.9.RELEASE.jar:5.0.9.RELEASE]
	at org.springframework.boot.SpringApplication.refresh(SpringApplication.java:780) [spring-boot-2.0.5.RELEASE.jar:2.0.5.RELEASE]
	at org.springframework.boot.SpringApplication.refreshContext(SpringApplication.java:412) [spring-boot-2.0.5.RELEASE.jar:2.0.5.RELEASE]
	at org.springframework.boot.SpringApplication.run(SpringApplication.java:333) [spring-boot-2.0.5.RELEASE.jar:2.0.5.RELEASE]
	at org.springframework.boot.builder.SpringApplicationBuilder.run(SpringApplicationBuilder.java:137) [spring-boot-2.0.5.RELEASE.jar:2.0.5.RELEASE]
	at org.springframework.cloud.bootstrap.BootstrapApplicationListener.bootstrapServiceContext(BootstrapApplicationListener.java:197) [spring-cloud-context-2.0.0.RELEASE.jar:2.0.0.RELEASE]
	at org.springframework.cloud.bootstrap.BootstrapApplicationListener.onApplicationEvent(BootstrapApplicationListener.java:104) [spring-cloud-context-2.0.0.RELEASE.jar:2.0.0.RELEASE]
	at org.springframework.cloud.bootstrap.BootstrapApplicationListener.onApplicationEvent(BootstrapApplicationListener.java:70) [spring-cloud-context-2.0.0.RELEASE.jar:2.0.0.RELEASE]
	at org.springframework.context.event.SimpleApplicationEventMulticaster.doInvokeListener(SimpleApplicationEventMulticaster.java:172) [spring-context-5.0.9.RELEASE.jar:5.0.9.RELEASE]
	at org.springframework.context.event.SimpleApplicationEventMulticaster.invokeListener(SimpleApplicationEventMulticaster.java:165) [spring-context-5.0.9.RELEASE.jar:5.0.9.RELEASE]
	at org.springframework.context.event.SimpleApplicationEventMulticaster.multicastEvent(SimpleApplicationEventMulticaster.java:139) [spring-context-5.0.9.RELEASE.jar:5.0.9.RELEASE]
	at org.springframework.context.event.SimpleApplicationEventMulticaster.multicastEvent(SimpleApplicationEventMulticaster.java:127) [spring-context-5.0.9.RELEASE.jar:5.0.9.RELEASE]
	at org.springframework.boot.context.event.EventPublishingRunListener.environmentPrepared(EventPublishingRunListener.java:74) [spring-boot-2.0.5.RELEASE.jar:2.0.5.RELEASE]
	at org.springframework.boot.SpringApplicationRunListeners.environmentPrepared(SpringApplicationRunListeners.java:54) [spring-boot-2.0.5.RELEASE.jar:2.0.5.RELEASE]
	at org.springframework.boot.SpringApplication.prepareEnvironment(SpringApplication.java:364) [spring-boot-2.0.5.RELEASE.jar:2.0.5.RELEASE]
	at org.springframework.boot.SpringApplication.run(SpringApplication.java:323) [spring-boot-2.0.5.RELEASE.jar:2.0.5.RELEASE]
	at org.springframework.boot.SpringApplication.run(SpringApplication.java:1277) [spring-boot-2.0.5.RELEASE.jar:2.0.5.RELEASE]
	at org.springframework.boot.SpringApplication.run(SpringApplication.java:1265) [spring-boot-2.0.5.RELEASE.jar:2.0.5.RELEASE]
	at com.test.gatewaycenter.GatewayCenterApplication.main(GatewayCenterApplication.java:16) [classes/:na]

2019-06-12 10:57:56.672  INFO [gateway-center,,,] 12364 --- [main] s.c.a.AnnotationConfigApplicationContext : Closing org.springframework.context.annotation.AnnotationConfigApplicationContext@383bfa16: startup date [Wed Jun 12 10:57:55 CST 2019]; root of context hierarchy
2019-06-12 10:57:56.674  INFO [gateway-center,,,] 12364 --- [main] com.netflix.discovery.DiscoveryClient    : Shutting down DiscoveryClient ...
2019-06-12 10:57:56.679  INFO [gateway-center,,,] 12364 --- [main] com.netflix.discovery.DiscoveryClient    : Completed shut down of DiscoveryClient
2019-06-12 10:57:56.679 ERROR [gateway-center,,,] 12364 --- [main] o.s.boot.SpringApplication               : Application run failed

java.lang.IllegalStateException: No instances found of configserver (config-center)
	at org.springframework.cloud.config.client.ConfigServerInstanceProvider.getConfigServerInstances(ConfigServerInstanceProvider.java:25) ~[spring-cloud-config-client-2.0.0.RELEASE.jar:2.0.0.RELEASE]
	at org.springframework.cloud.config.client.DiscoveryClientConfigServiceBootstrapConfiguration.refresh(DiscoveryClientConfigServiceBootstrapConfiguration.java:84) ~[spring-cloud-config-client-2.0.0.RELEASE.jar:2.0.0.RELEASE]
	at org.springframework.cloud.config.client.DiscoveryClientConfigServiceBootstrapConfiguration.startup(DiscoveryClientConfigServiceBootstrapConfiguration.java:69) ~[spring-cloud-config-client-2.0.0.RELEASE.jar:2.0.0.RELEASE]
	at sun.reflect.NativeMethodAccessorImpl.invoke0(Native Method) ~[na:1.8.0_192]
	at sun.reflect.NativeMethodAccessorImpl.invoke(NativeMethodAccessorImpl.java:62) ~[na:1.8.0_192]
	at sun.reflect.DelegatingMethodAccessorImpl.invoke(DelegatingMethodAccessorImpl.java:43) ~[na:1.8.0_192]
	at java.lang.reflect.Method.invoke(Method.java:498) ~[na:1.8.0_192]
	at org.springframework.context.event.ApplicationListenerMethodAdapter.doInvoke(ApplicationListenerMethodAdapter.java:261) ~[spring-context-5.0.9.RELEASE.jar:5.0.9.RELEASE]
	at org.springframework.context.event.ApplicationListenerMethodAdapter.processEvent(ApplicationListenerMethodAdapter.java:180) ~[spring-context-5.0.9.RELEASE.jar:5.0.9.RELEASE]
	at org.springframework.context.event.ApplicationListenerMethodAdapter.onApplicationEvent(ApplicationListenerMethodAdapter.java:142) ~[spring-context-5.0.9.RELEASE.jar:5.0.9.RELEASE]
	at org.springframework.context.event.SimpleApplicationEventMulticaster.doInvokeListener(SimpleApplicationEventMulticaster.java:172) ~[spring-context-5.0.9.RELEASE.jar:5.0.9.RELEASE]
	at org.springframework.context.event.SimpleApplicationEventMulticaster.invokeListener(SimpleApplicationEventMulticaster.java:165) ~[spring-context-5.0.9.RELEASE.jar:5.0.9.RELEASE]
	at org.springframework.context.event.SimpleApplicationEventMulticaster.multicastEvent(SimpleApplicationEventMulticaster.java:139) ~[spring-context-5.0.9.RELEASE.jar:5.0.9.RELEASE]
	at org.springframework.context.support.AbstractApplicationContext.publishEvent(AbstractApplicationContext.java:400) ~[spring-context-5.0.9.RELEASE.jar:5.0.9.RELEASE]
	at org.springframework.context.support.AbstractApplicationContext.publishEvent(AbstractApplicationContext.java:354) ~[spring-context-5.0.9.RELEASE.jar:5.0.9.RELEASE]
	at org.springframework.context.support.AbstractApplicationContext.finishRefresh(AbstractApplicationContext.java:888) ~[spring-context-5.0.9.RELEASE.jar:5.0.9.RELEASE]
	at org.springframework.context.support.AbstractApplicationContext.refresh(AbstractApplicationContext.java:553) ~[spring-context-5.0.9.RELEASE.jar:5.0.9.RELEASE]
	at org.springframework.boot.SpringApplication.refresh(SpringApplication.java:780) [spring-boot-2.0.5.RELEASE.jar:2.0.5.RELEASE]
	at org.springframework.boot.SpringApplication.refreshContext(SpringApplication.java:412) [spring-boot-2.0.5.RELEASE.jar:2.0.5.RELEASE]
	at org.springframework.boot.SpringApplication.run(SpringApplication.java:333) [spring-boot-2.0.5.RELEASE.jar:2.0.5.RELEASE]
	at org.springframework.boot.builder.SpringApplicationBuilder.run(SpringApplicationBuilder.java:137) ~[spring-boot-2.0.5.RELEASE.jar:2.0.5.RELEASE]
	at org.springframework.cloud.bootstrap.BootstrapApplicationListener.bootstrapServiceContext(BootstrapApplicationListener.java:197) ~[spring-cloud-context-2.0.0.RELEASE.jar:2.0.0.RELEASE]
	at org.springframework.cloud.bootstrap.BootstrapApplicationListener.onApplicationEvent(BootstrapApplicationListener.java:104) ~[spring-cloud-context-2.0.0.RELEASE.jar:2.0.0.RELEASE]
	at org.springframework.cloud.bootstrap.BootstrapApplicationListener.onApplicationEvent(BootstrapApplicationListener.java:70) ~[spring-cloud-context-2.0.0.RELEASE.jar:2.0.0.RELEASE]
	at org.springframework.context.event.SimpleApplicationEventMulticaster.doInvokeListener(SimpleApplicationEventMulticaster.java:172) ~[spring-context-5.0.9.RELEASE.jar:5.0.9.RELEASE]
	at org.springframework.context.event.SimpleApplicationEventMulticaster.invokeListener(SimpleApplicationEventMulticaster.java:165) ~[spring-context-5.0.9.RELEASE.jar:5.0.9.RELEASE]
	at org.springframework.context.event.SimpleApplicationEventMulticaster.multicastEvent(SimpleApplicationEventMulticaster.java:139) ~[spring-context-5.0.9.RELEASE.jar:5.0.9.RELEASE]
	at org.springframework.context.event.SimpleApplicationEventMulticaster.multicastEvent(SimpleApplicationEventMulticaster.java:127) ~[spring-context-5.0.9.RELEASE.jar:5.0.9.RELEASE]
	at org.springframework.boot.context.event.EventPublishingRunListener.environmentPrepared(EventPublishingRunListener.java:74) ~[spring-boot-2.0.5.RELEASE.jar:2.0.5.RELEASE]
	at org.springframework.boot.SpringApplicationRunListeners.environmentPrepared(SpringApplicationRunListeners.java:54) ~[spring-boot-2.0.5.RELEASE.jar:2.0.5.RELEASE]
	at org.springframework.boot.SpringApplication.prepareEnvironment(SpringApplication.java:364) [spring-boot-2.0.5.RELEASE.jar:2.0.5.RELEASE]
	at org.springframework.boot.SpringApplication.run(SpringApplication.java:323) [spring-boot-2.0.5.RELEASE.jar:2.0.5.RELEASE]
	at org.springframework.boot.SpringApplication.run(SpringApplication.java:1277) [spring-boot-2.0.5.RELEASE.jar:2.0.5.RELEASE]
	at org.springframework.boot.SpringApplication.run(SpringApplication.java:1265) [spring-boot-2.0.5.RELEASE.jar:2.0.5.RELEASE]
	at com.test.gatewaycenter.GatewayCenterApplication.main(GatewayCenterApplication.java:16) [classes/:na]

2019-06-12 10:58:54.971  INFO [gateway-center,,,] 18072 --- [main] s.c.a.AnnotationConfigApplicationContext : Refreshing org.springframework.context.annotation.AnnotationConfigApplicationContext@2c35e847: startup date [Wed Jun 12 10:58:54 CST 2019]; root of context hierarchy
2019-06-12 10:58:55.133  INFO [gateway-center,,,] 18072 --- [main] f.a.AutowiredAnnotationBeanPostProcessor : JSR-330 'javax.inject.Inject' annotation found and supported for autowiring
2019-06-12 10:58:55.151  INFO [gateway-center,,,] 18072 --- [main] trationDelegate$BeanPostProcessorChecker : Bean 'configurationPropertiesRebinderAutoConfiguration' of type [org.springframework.cloud.autoconfigure.ConfigurationPropertiesRebinderAutoConfiguration$$EnhancerBySpringCGLIB$$2fdf48ee] is not eligible for getting processed by all BeanPostProcessors (for example: not eligible for auto-proxying)
2019-06-12 10:58:55.458  INFO [gateway-center,,,] 18072 --- [main] o.s.c.n.eureka.InstanceInfoFactory       : Setting initial instance status as: STARTING
2019-06-12 10:58:55.490  INFO [gateway-center,,,] 18072 --- [main] com.netflix.discovery.DiscoveryClient    : Initializing Eureka in region us-east-1
2019-06-12 10:58:55.755  INFO [gateway-center,,,] 18072 --- [main] c.n.d.provider.DiscoveryJerseyProvider   : Using JSON encoding codec LegacyJacksonJson
2019-06-12 10:58:55.755  INFO [gateway-center,,,] 18072 --- [main] c.n.d.provider.DiscoveryJerseyProvider   : Using JSON decoding codec LegacyJacksonJson
2019-06-12 10:58:55.811  INFO [gateway-center,,,] 18072 --- [main] c.n.d.provider.DiscoveryJerseyProvider   : Using XML encoding codec XStreamXml
2019-06-12 10:58:55.812  INFO [gateway-center,,,] 18072 --- [main] c.n.d.provider.DiscoveryJerseyProvider   : Using XML decoding codec XStreamXml
2019-06-12 10:58:55.909  INFO [gateway-center,,,] 18072 --- [main] c.n.d.s.r.aws.ConfigClusterResolver      : Resolving eureka endpoints via configuration
2019-06-12 10:58:56.064  INFO [gateway-center,,,] 18072 --- [main] com.netflix.discovery.DiscoveryClient    : Disable delta property : false
2019-06-12 10:58:56.064  INFO [gateway-center,,,] 18072 --- [main] com.netflix.discovery.DiscoveryClient    : Single vip registry refresh property : null
2019-06-12 10:58:56.064  INFO [gateway-center,,,] 18072 --- [main] com.netflix.discovery.DiscoveryClient    : Force full registry fetch : false
2019-06-12 10:58:56.064  INFO [gateway-center,,,] 18072 --- [main] com.netflix.discovery.DiscoveryClient    : Application is null : false
2019-06-12 10:58:56.064  INFO [gateway-center,,,] 18072 --- [main] com.netflix.discovery.DiscoveryClient    : Registered Applications size is zero : true
2019-06-12 10:58:56.064  INFO [gateway-center,,,] 18072 --- [main] com.netflix.discovery.DiscoveryClient    : Application version is -1: true
2019-06-12 10:58:56.064  INFO [gateway-center,,,] 18072 --- [main] com.netflix.discovery.DiscoveryClient    : Getting all instance registry info from the eureka server
2019-06-12 10:58:56.165  INFO [gateway-center,,,] 18072 --- [main] com.netflix.discovery.DiscoveryClient    : The response status is 200
2019-06-12 10:58:56.166  INFO [gateway-center,,,] 18072 --- [main] com.netflix.discovery.DiscoveryClient    : Not registering with Eureka server per configuration
2019-06-12 10:58:56.168  INFO [gateway-center,,,] 18072 --- [main] com.netflix.discovery.DiscoveryClient    : Discovery Client initialized at timestamp 1560308336168 with initial instances count: 1
2019-06-12 10:58:56.475  INFO [gateway-center,,,] 18072 --- [main] c.c.c.ConfigServicePropertySourceLocator : Fetching config from server at : http://192.168.131.1:8991/
2019-06-12 10:58:56.836  INFO [gateway-center,,,] 18072 --- [main] c.c.c.ConfigServicePropertySourceLocator : Located environment: name=gateway-center, profiles=[dev], label=null, version=null, state=null
2019-06-12 10:58:56.836  INFO [gateway-center,,,] 18072 --- [main] b.c.PropertySourceBootstrapConfiguration : Located property source: CompositePropertySource {name='configService', propertySources=[MapPropertySource {name='classpath:/configs/dev/gateway-center.yml'}]}
2019-06-12 10:58:56.864  INFO [gateway-center,,,] 18072 --- [main] c.t.g.GatewayCenterApplication           : No active profile set, falling back to default profiles: default
2019-06-12 10:58:56.872  INFO [gateway-center,,,] 18072 --- [main] ConfigServletWebServerApplicationContext : Refreshing org.springframework.boot.web.servlet.context.AnnotationConfigServletWebServerApplicationContext@5fb7183b: startup date [Wed Jun 12 10:58:56 CST 2019]; parent: org.springframework.context.annotation.AnnotationConfigApplicationContext@2c35e847
2019-06-12 10:58:57.393  INFO [gateway-center,,,] 18072 --- [main] .s.d.r.c.RepositoryConfigurationDelegate : Multiple Spring Data modules found, entering strict repository configuration mode!
2019-06-12 10:58:57.481  INFO [gateway-center,,,] 18072 --- [main] o.s.b.f.s.DefaultListableBeanFactory     : Overriding bean definition for bean 'proxyRequestHelper' with a different definition: replacing [Root bean: class [null]; scope=; abstract=false; lazyInit=false; autowireMode=3; dependencyCheck=0; autowireCandidate=true; primary=false; factoryBeanName=org.springframework.cloud.netflix.zuul.ZuulProxyAutoConfiguration$EndpointConfiguration; factoryMethodName=proxyRequestHelper; initMethodName=null; destroyMethodName=(inferred); defined in class path resource [org/springframework/cloud/netflix/zuul/ZuulProxyAutoConfiguration$EndpointConfiguration.class]] with [Root bean: class [null]; scope=; abstract=false; lazyInit=false; autowireMode=3; dependencyCheck=0; autowireCandidate=true; primary=false; factoryBeanName=org.springframework.cloud.netflix.zuul.ZuulProxyAutoConfiguration$NoActuatorConfiguration; factoryMethodName=proxyRequestHelper; initMethodName=null; destroyMethodName=(inferred); defined in class path resource [org/springframework/cloud/netflix/zuul/ZuulProxyAutoConfiguration$NoActuatorConfiguration.class]]
2019-06-12 10:58:57.485  INFO [gateway-center,,,] 18072 --- [main] o.s.b.f.s.DefaultListableBeanFactory     : Overriding bean definition for bean 'counterFactory' with a different definition: replacing [Root bean: class [null]; scope=; abstract=false; lazyInit=false; autowireMode=3; dependencyCheck=0; autowireCandidate=true; primary=false; factoryBeanName=org.springframework.cloud.netflix.zuul.ZuulServerAutoConfiguration$ZuulMetricsConfiguration; factoryMethodName=counterFactory; initMethodName=null; destroyMethodName=(inferred); defined in class path resource [org/springframework/cloud/netflix/zuul/ZuulServerAutoConfiguration$ZuulMetricsConfiguration.class]] with [Root bean: class [null]; scope=; abstract=false; lazyInit=false; autowireMode=3; dependencyCheck=0; autowireCandidate=true; primary=false; factoryBeanName=org.springframework.cloud.netflix.zuul.ZuulServerAutoConfiguration$ZuulCounterFactoryConfiguration; factoryMethodName=counterFactory; initMethodName=null; destroyMethodName=(inferred); defined in class path resource [org/springframework/cloud/netflix/zuul/ZuulServerAutoConfiguration$ZuulCounterFactoryConfiguration.class]]
2019-06-12 10:58:57.686  INFO [gateway-center,,,] 18072 --- [main] o.s.cloud.context.scope.GenericScope     : BeanFactory id=4cb57e01-c2a2-342a-96dc-0d77b1f8e9d8
2019-06-12 10:58:57.710  INFO [gateway-center,,,] 18072 --- [main] f.a.AutowiredAnnotationBeanPostProcessor : JSR-330 'javax.inject.Inject' annotation found and supported for autowiring
2019-06-12 10:58:57.883  INFO [gateway-center,,,] 18072 --- [main] trationDelegate$BeanPostProcessorChecker : Bean 'org.springframework.cloud.autoconfigure.ConfigurationPropertiesRebinderAutoConfiguration' of type [org.springframework.cloud.autoconfigure.ConfigurationPropertiesRebinderAutoConfiguration$$EnhancerBySpringCGLIB$$2fdf48ee] is not eligible for getting processed by all BeanPostProcessors (for example: not eligible for auto-proxying)
2019-06-12 10:58:57.893  INFO [gateway-center,,,] 18072 --- [main] trationDelegate$BeanPostProcessorChecker : Bean 'org.springframework.cloud.sleuth.instrument.web.client.TraceWebClientAutoConfiguration$TraceOAuthConfiguration' of type [org.springframework.cloud.sleuth.instrument.web.client.TraceWebClientAutoConfiguration$TraceOAuthConfiguration$$EnhancerBySpringCGLIB$$58c1d850] is not eligible for getting processed by all BeanPostProcessors (for example: not eligible for auto-proxying)
2019-06-12 10:58:58.183  INFO [gateway-center,,,] 18072 --- [main] o.s.b.w.embedded.tomcat.TomcatWebServer  : Tomcat initialized with port(s): 8992 (http)
2019-06-12 10:58:58.198  INFO [gateway-center,,,] 18072 --- [main] o.apache.catalina.core.StandardService   : Starting service [Tomcat]
2019-06-12 10:58:58.198  INFO [gateway-center,,,] 18072 --- [main] org.apache.catalina.core.StandardEngine  : Starting Servlet Engine: Apache Tomcat/8.5.34
2019-06-12 10:58:58.200  INFO [gateway-center,,,] 18072 --- [localhost-startStop-1] o.a.catalina.core.AprLifecycleListener   : The APR based Apache Tomcat Native library which allows optimal performance in production environments was not found on the java.library.path: [C:\Program Files\Java\jdk1.8.0_192\bin;C:\Windows\Sun\Java\bin;C:\Windows\system32;C:\Windows;C:\Program Files (x86)\NetSarang\Xshell 6\;G:\ftp\;C:\Program Files (x86)\Common Files\Oracle\Java\javapath;C:\Program Files (x86)\Intel\Intel(R) Management Engine Components\iCLS\;C:\Program Files\Intel\Intel(R) Management Engine Components\iCLS\;C:\Windows\system32;C:\Windows;C:\Windows\System32\Wbem;C:\Windows\System32\WindowsPowerShell\v1.0\;C:\Windows\System32\OpenSSH\;C:\Program Files (x86)\Intel\Intel(R) Management Engine Components\DAL;C:\Program Files\Intel\Intel(R) Management Engine Components\DAL;%MAVEN_HOME%\bin;C:\Program Files (x86)\NVIDIA Corporation\PhysX\Common;C:\Program Files\NVIDIA Corporation\NVIDIA NvDLISR;G:\git\Git\cmd;D:\nodejs\;C:\Users\dell\AppData\Local\Microsoft\WindowsApps;;G:\IDEA\IntelliJ IDEA 2018.3.2\bin;;D:\vscode\Microsoft VS Code\bin;C:\Users\dell\AppData\Roaming\npm;.]
2019-06-12 10:58:58.305  INFO [gateway-center,,,] 18072 --- [localhost-startStop-1] o.a.c.c.C.[Tomcat].[localhost].[/]       : Initializing Spring embedded WebApplicationContext
2019-06-12 10:58:58.306  INFO [gateway-center,,,] 18072 --- [localhost-startStop-1] o.s.web.context.ContextLoader            : Root WebApplicationContext: initialization completed in 1434 ms
2019-06-12 10:58:58.461  WARN [gateway-center,,,] 18072 --- [localhost-startStop-1] c.n.c.sources.URLConfigurationSource     : No URLs will be polled as dynamic configuration sources.
2019-06-12 10:58:58.461  INFO [gateway-center,,,] 18072 --- [localhost-startStop-1] c.n.c.sources.URLConfigurationSource     : To enable URLs as dynamic configuration sources, define System property archaius.configurationSource.additionalUrls or make config.properties available on classpath.
2019-06-12 10:58:58.466  INFO [gateway-center,,,] 18072 --- [localhost-startStop-1] c.netflix.config.DynamicPropertyFactory  : DynamicPropertyFactory is initialized with configuration sources: com.netflix.config.ConcurrentCompositeConfiguration@549f16a7
2019-06-12 10:59:00.035  INFO [gateway-center,,,] 18072 --- [localhost-startStop-1] o.s.b.w.servlet.FilterRegistrationBean   : Mapping filter: 'characterEncodingFilter' to: [/*]
2019-06-12 10:59:00.035  INFO [gateway-center,,,] 18072 --- [localhost-startStop-1] o.s.b.w.servlet.FilterRegistrationBean   : Mapping filter: 'webMvcMetricsFilter' to: [/*]
2019-06-12 10:59:00.035  INFO [gateway-center,,,] 18072 --- [localhost-startStop-1] o.s.b.w.servlet.FilterRegistrationBean   : Mapping filter: 'tracingFilter' to: [/*]
2019-06-12 10:59:00.035  INFO [gateway-center,,,] 18072 --- [localhost-startStop-1] o.s.b.w.servlet.FilterRegistrationBean   : Mapping filter: 'exceptionLoggingFilter' to: [/*]
2019-06-12 10:59:00.035  INFO [gateway-center,,,] 18072 --- [localhost-startStop-1] o.s.b.w.servlet.FilterRegistrationBean   : Mapping filter: 'hiddenHttpMethodFilter' to: [/*]
2019-06-12 10:59:00.035  INFO [gateway-center,,,] 18072 --- [localhost-startStop-1] o.s.b.w.servlet.FilterRegistrationBean   : Mapping filter: 'httpPutFormContentFilter' to: [/*]
2019-06-12 10:59:00.035  INFO [gateway-center,,,] 18072 --- [localhost-startStop-1] o.s.b.w.servlet.FilterRegistrationBean   : Mapping filter: 'requestContextFilter' to: [/*]
2019-06-12 10:59:00.036  INFO [gateway-center,,,] 18072 --- [localhost-startStop-1] .s.DelegatingFilterProxyRegistrationBean : Mapping filter: 'springSecurityFilterChain' to: [/*]
2019-06-12 10:59:00.036  INFO [gateway-center,,,] 18072 --- [localhost-startStop-1] o.s.b.w.servlet.FilterRegistrationBean   : Mapping filter: 'httpTraceFilter' to: [/*]
2019-06-12 10:59:00.036  INFO [gateway-center,,,] 18072 --- [localhost-startStop-1] o.s.b.w.servlet.FilterRegistrationBean   : Mapping filter: 'corsFilter' to: [/*]
2019-06-12 10:59:00.036  INFO [gateway-center,,,] 18072 --- [localhost-startStop-1] o.s.b.w.servlet.ServletRegistrationBean  : Servlet dispatcherServlet mapped to [/]
2019-06-12 10:59:00.036  INFO [gateway-center,,,] 18072 --- [localhost-startStop-1] o.s.b.w.servlet.ServletRegistrationBean  : Servlet zuulServlet mapped to [/zuul/*]
2019-06-12 10:59:00.037  INFO [gateway-center,,,] 18072 --- [localhost-startStop-1] o.s.b.a.e.web.ServletEndpointRegistrar   : Registered '/actuator/hystrix.stream' to hystrix.stream-actuator-endpoint
2019-06-12 10:59:00.181  INFO [gateway-center,,,] 18072 --- [main] s.c.a.AnnotationConfigApplicationContext : Refreshing FeignContext-user-center: startup date [Wed Jun 12 10:59:00 CST 2019]; parent: org.springframework.boot.web.servlet.context.AnnotationConfigServletWebServerApplicationContext@5fb7183b
2019-06-12 10:59:00.188  INFO [gateway-center,,,] 18072 --- [main] f.a.AutowiredAnnotationBeanPostProcessor : JSR-330 'javax.inject.Inject' annotation found and supported for autowiring
2019-06-12 10:59:00.280  INFO [gateway-center,,,] 18072 --- [main] o.s.c.n.eureka.InstanceInfoFactory       : Setting initial instance status as: STARTING
2019-06-12 10:59:00.284  INFO [gateway-center,,,] 18072 --- [main] com.netflix.discovery.DiscoveryClient    : Initializing Eureka in region us-east-1
2019-06-12 10:59:00.285  INFO [gateway-center,,,] 18072 --- [main] c.n.d.provider.DiscoveryJerseyProvider   : Using JSON encoding codec LegacyJacksonJson
2019-06-12 10:59:00.285  INFO [gateway-center,,,] 18072 --- [main] c.n.d.provider.DiscoveryJerseyProvider   : Using JSON decoding codec LegacyJacksonJson
2019-06-12 10:59:00.285  INFO [gateway-center,,,] 18072 --- [main] c.n.d.provider.DiscoveryJerseyProvider   : Using XML encoding codec XStreamXml
2019-06-12 10:59:00.285  INFO [gateway-center,,,] 18072 --- [main] c.n.d.provider.DiscoveryJerseyProvider   : Using XML decoding codec XStreamXml
2019-06-12 10:59:00.326  INFO [gateway-center,,,] 18072 --- [main] c.n.d.s.r.aws.ConfigClusterResolver      : Resolving eureka endpoints via configuration
2019-06-12 10:59:00.327  INFO [gateway-center,,,] 18072 --- [main] com.netflix.discovery.DiscoveryClient    : Disable delta property : false
2019-06-12 10:59:00.327  INFO [gateway-center,,,] 18072 --- [main] com.netflix.discovery.DiscoveryClient    : Single vip registry refresh property : null
2019-06-12 10:59:00.327  INFO [gateway-center,,,] 18072 --- [main] com.netflix.discovery.DiscoveryClient    : Force full registry fetch : false
2019-06-12 10:59:00.327  INFO [gateway-center,,,] 18072 --- [main] com.netflix.discovery.DiscoveryClient    : Application is null : false
2019-06-12 10:59:00.327  INFO [gateway-center,,,] 18072 --- [main] com.netflix.discovery.DiscoveryClient    : Registered Applications size is zero : true
2019-06-12 10:59:00.327  INFO [gateway-center,,,] 18072 --- [main] com.netflix.discovery.DiscoveryClient    : Application version is -1: true
2019-06-12 10:59:00.327  INFO [gateway-center,,,] 18072 --- [main] com.netflix.discovery.DiscoveryClient    : Getting all instance registry info from the eureka server
2019-06-12 10:59:00.330  INFO [gateway-center,,,] 18072 --- [main] com.netflix.discovery.DiscoveryClient    : The response status is 200
2019-06-12 10:59:00.331  INFO [gateway-center,,,] 18072 --- [main] com.netflix.discovery.DiscoveryClient    : Starting heartbeat executor: renew interval is: 5
2019-06-12 10:59:00.332  INFO [gateway-center,,,] 18072 --- [main] c.n.discovery.InstanceInfoReplicator     : InstanceInfoReplicator onDemand update allowed rate per min is 4
2019-06-12 10:59:00.332  INFO [gateway-center,,,] 18072 --- [main] com.netflix.discovery.DiscoveryClient    : Discovery Client initialized at timestamp 1560308340332 with initial instances count: 1
2019-06-12 10:59:00.427  INFO [gateway-center,,,] 18072 --- [main] s.c.a.AnnotationConfigApplicationContext : Refreshing FeignContext-security-center: startup date [Wed Jun 12 10:59:00 CST 2019]; parent: org.springframework.boot.web.servlet.context.AnnotationConfigServletWebServerApplicationContext@5fb7183b
2019-06-12 10:59:00.434  INFO [gateway-center,,,] 18072 --- [main] f.a.AutowiredAnnotationBeanPostProcessor : JSR-330 'javax.inject.Inject' annotation found and supported for autowiring
2019-06-12 10:59:00.586  INFO [gateway-center,,,] 18072 --- [main] .s.s.UserDetailsServiceAutoConfiguration : 

Using generated security password: 042fbc34-64ba-40af-845b-456fcb8a4c53

2019-06-12 10:59:00.675  INFO [gateway-center,,,] 18072 --- [main] o.s.s.web.DefaultSecurityFilterChain     : Creating filter chain: org.springframework.security.web.util.matcher.AnyRequestMatcher@1, [org.springframework.security.web.context.request.async.WebAsyncManagerIntegrationFilter@3c6bd624, org.springframework.security.web.context.SecurityContextPersistenceFilter@73b0ed03, org.springframework.security.web.header.HeaderWriterFilter@344f9467, org.springframework.web.filter.CorsFilter@2dd8a4e0, org.springframework.security.web.authentication.logout.LogoutFilter@632d4cf2, org.springframework.security.web.savedrequest.RequestCacheAwareFilter@101c15ad, org.springframework.security.web.servletapi.SecurityContextHolderAwareRequestFilter@4b32465, org.springframework.security.web.authentication.AnonymousAuthenticationFilter@3d8d52be, org.springframework.security.web.session.SessionManagementFilter@6abb7b7d, org.springframework.security.web.access.ExceptionTranslationFilter@5a6f6cac]
2019-06-12 10:59:00.719  WARN [gateway-center,,,] 18072 --- [main] c.n.c.sources.URLConfigurationSource     : No URLs will be polled as dynamic configuration sources.
2019-06-12 10:59:00.719  INFO [gateway-center,,,] 18072 --- [main] c.n.c.sources.URLConfigurationSource     : To enable URLs as dynamic configuration sources, define System property archaius.configurationSource.additionalUrls or make config.properties available on classpath.
2019-06-12 10:59:00.802  INFO [gateway-center,,,] 18072 --- [main] o.s.w.s.handler.SimpleUrlHandlerMapping  : Mapped URL path [/**/favicon.ico] onto handler of type [class org.springframework.web.servlet.resource.ResourceHttpRequestHandler]
2019-06-12 10:59:00.985  INFO [gateway-center,,,] 18072 --- [main] s.w.s.m.m.a.RequestMappingHandlerAdapter : Looking for @ControllerAdvice: org.springframework.boot.web.servlet.context.AnnotationConfigServletWebServerApplicationContext@5fb7183b: startup date [Wed Jun 12 10:58:56 CST 2019]; parent: org.springframework.context.annotation.AnnotationConfigApplicationContext@2c35e847
2019-06-12 10:59:01.024  INFO [gateway-center,,,] 18072 --- [main] s.w.s.m.m.a.RequestMappingHandlerMapping : Mapped "{[/suibuaa/logout],methods=[GET]}" onto public com.common.apicommon.model.ResultData com.test.gatewaycenter.controller.LoginController.logout(java.lang.String)
2019-06-12 10:59:01.024  INFO [gateway-center,,,] 18072 --- [main] s.w.s.m.m.a.RequestMappingHandlerMapping : Mapped "{[/suibuaa/login],methods=[POST],params=[phoneNo && password && type],consumes=[application/x-www-form-urlencoded]}" onto public com.common.apicommon.model.ResultData com.test.gatewaycenter.controller.LoginController.login_new(java.lang.String,java.lang.String,java.lang.String)
2019-06-12 10:59:01.025  INFO [gateway-center,,,] 18072 --- [main] s.w.s.m.m.a.RequestMappingHandlerMapping : Mapped "{[/suibuaa/refresh_token],methods=[POST]}" onto public com.common.apicommon.model.ResultData com.test.gatewaycenter.controller.LoginController.refresh_token(java.lang.String)
2019-06-12 10:59:01.025  INFO [gateway-center,,,] 18072 --- [main] s.w.s.m.m.a.RequestMappingHandlerMapping : Mapped "{[/suibuaa/refresh_token_system],methods=[POST]}" onto public com.common.apicommon.model.ResultData com.test.gatewaycenter.controller.LoginController.refresh_token_system(java.lang.String)
2019-06-12 10:59:01.026  INFO [gateway-center,,,] 18072 --- [main] s.w.s.m.m.a.RequestMappingHandlerMapping : Mapped "{[/user/v1/getUserByPhoneNo],methods=[GET],params=[phoneNo]}" onto public abstract com.common.apicommon.model.ResultData<com.common.apicommon.security.LoginUser> com.test.gatewaycenter.remote.UserRemoteClient.getUserByPhoneNo(java.lang.String)
2019-06-12 10:59:01.026  INFO [gateway-center,,,] 18072 --- [main] s.w.s.m.m.a.RequestMappingHandlerMapping : Mapped "{[/user/v1/internal/getUserByName],methods=[GET],params=[name]}" onto public abstract com.common.apicommon.model.ResultData<com.common.apicommon.security.LoginUser> com.test.gatewaycenter.remote.UserRemoteClient.getUserByName(java.lang.String)
2019-06-12 10:59:01.027  INFO [gateway-center,,,] 18072 --- [main] s.w.s.m.m.a.RequestMappingHandlerMapping : Mapped "{[/error]}" onto public org.springframework.http.ResponseEntity<java.util.Map<java.lang.String, java.lang.Object>> org.springframework.boot.autoconfigure.web.servlet.error.BasicErrorController.error(javax.servlet.http.HttpServletRequest)
2019-06-12 10:59:01.027  INFO [gateway-center,,,] 18072 --- [main] s.w.s.m.m.a.RequestMappingHandlerMapping : Mapped "{[/error],produces=[text/html]}" onto public org.springframework.web.servlet.ModelAndView org.springframework.boot.autoconfigure.web.servlet.error.BasicErrorController.errorHtml(javax.servlet.http.HttpServletRequest,javax.servlet.http.HttpServletResponse)
2019-06-12 10:59:01.060  INFO [gateway-center,,,] 18072 --- [main] o.s.w.s.handler.SimpleUrlHandlerMapping  : Mapped URL path [/webjars/**] onto handler of type [class org.springframework.web.servlet.resource.ResourceHttpRequestHandler]
2019-06-12 10:59:01.060  INFO [gateway-center,,,] 18072 --- [main] o.s.w.s.handler.SimpleUrlHandlerMapping  : Mapped URL path [/**] onto handler of type [class org.springframework.web.servlet.resource.ResourceHttpRequestHandler]
2019-06-12 10:59:01.668  INFO [gateway-center,,,] 18072 --- [main] o.s.b.a.e.web.EndpointLinksResolver      : Exposing 22 endpoint(s) beneath base path '/actuator'
2019-06-12 10:59:01.676  INFO [gateway-center,,,] 18072 --- [main] s.b.a.e.w.s.WebMvcEndpointHandlerMapping : Mapped "{[/actuator/archaius],methods=[GET],produces=[application/vnd.spring-boot.actuator.v2+json || application/json]}" onto public java.lang.Object org.springframework.boot.actuate.endpoint.web.servlet.AbstractWebMvcEndpointHandlerMapping$OperationHandler.handle(javax.servlet.http.HttpServletRequest,java.util.Map<java.lang.String, java.lang.String>)
2019-06-12 10:59:01.676  INFO [gateway-center,,,] 18072 --- [main] s.b.a.e.w.s.WebMvcEndpointHandlerMapping : Mapped "{[/actuator/auditevents],methods=[GET],produces=[application/vnd.spring-boot.actuator.v2+json || application/json]}" onto public java.lang.Object org.springframework.boot.actuate.endpoint.web.servlet.AbstractWebMvcEndpointHandlerMapping$OperationHandler.handle(javax.servlet.http.HttpServletRequest,java.util.Map<java.lang.String, java.lang.String>)
2019-06-12 10:59:01.676  INFO [gateway-center,,,] 18072 --- [main] s.b.a.e.w.s.WebMvcEndpointHandlerMapping : Mapped "{[/actuator/beans],methods=[GET],produces=[application/vnd.spring-boot.actuator.v2+json || application/json]}" onto public java.lang.Object org.springframework.boot.actuate.endpoint.web.servlet.AbstractWebMvcEndpointHandlerMapping$OperationHandler.handle(javax.servlet.http.HttpServletRequest,java.util.Map<java.lang.String, java.lang.String>)
2019-06-12 10:59:01.676  INFO [gateway-center,,,] 18072 --- [main] s.b.a.e.w.s.WebMvcEndpointHandlerMapping : Mapped "{[/actuator/health],methods=[GET],produces=[application/vnd.spring-boot.actuator.v2+json || application/json]}" onto public java.lang.Object org.springframework.boot.actuate.endpoint.web.servlet.AbstractWebMvcEndpointHandlerMapping$OperationHandler.handle(javax.servlet.http.HttpServletRequest,java.util.Map<java.lang.String, java.lang.String>)
2019-06-12 10:59:01.676  INFO [gateway-center,,,] 18072 --- [main] s.b.a.e.w.s.WebMvcEndpointHandlerMapping : Mapped "{[/actuator/conditions],methods=[GET],produces=[application/vnd.spring-boot.actuator.v2+json || application/json]}" onto public java.lang.Object org.springframework.boot.actuate.endpoint.web.servlet.AbstractWebMvcEndpointHandlerMapping$OperationHandler.handle(javax.servlet.http.HttpServletRequest,java.util.Map<java.lang.String, java.lang.String>)
2019-06-12 10:59:01.677  INFO [gateway-center,,,] 18072 --- [main] s.b.a.e.w.s.WebMvcEndpointHandlerMapping : Mapped "{[/actuator/configprops],methods=[GET],produces=[application/vnd.spring-boot.actuator.v2+json || application/json]}" onto public java.lang.Object org.springframework.boot.actuate.endpoint.web.servlet.AbstractWebMvcEndpointHandlerMapping$OperationHandler.handle(javax.servlet.http.HttpServletRequest,java.util.Map<java.lang.String, java.lang.String>)
2019-06-12 10:59:01.677  INFO [gateway-center,,,] 18072 --- [main] s.b.a.e.w.s.WebMvcEndpointHandlerMapping : Mapped "{[/actuator/env],methods=[GET],produces=[application/vnd.spring-boot.actuator.v2+json || application/json]}" onto public java.lang.Object org.springframework.boot.actuate.endpoint.web.servlet.AbstractWebMvcEndpointHandlerMapping$OperationHandler.handle(javax.servlet.http.HttpServletRequest,java.util.Map<java.lang.String, java.lang.String>)
2019-06-12 10:59:01.677  INFO [gateway-center,,,] 18072 --- [main] s.b.a.e.w.s.WebMvcEndpointHandlerMapping : Mapped "{[/actuator/env/{toMatch}],methods=[GET],produces=[application/vnd.spring-boot.actuator.v2+json || application/json]}" onto public java.lang.Object org.springframework.boot.actuate.endpoint.web.servlet.AbstractWebMvcEndpointHandlerMapping$OperationHandler.handle(javax.servlet.http.HttpServletRequest,java.util.Map<java.lang.String, java.lang.String>)
2019-06-12 10:59:01.677  INFO [gateway-center,,,] 18072 --- [main] s.b.a.e.w.s.WebMvcEndpointHandlerMapping : Mapped "{[/actuator/env],methods=[POST],consumes=[application/vnd.spring-boot.actuator.v2+json || application/json],produces=[application/vnd.spring-boot.actuator.v2+json || application/json]}" onto public java.lang.Object org.springframework.boot.actuate.endpoint.web.servlet.AbstractWebMvcEndpointHandlerMapping$OperationHandler.handle(javax.servlet.http.HttpServletRequest,java.util.Map<java.lang.String, java.lang.String>)
2019-06-12 10:59:01.677  INFO [gateway-center,,,] 18072 --- [main] s.b.a.e.w.s.WebMvcEndpointHandlerMapping : Mapped "{[/actuator/env],methods=[DELETE],produces=[application/vnd.spring-boot.actuator.v2+json || application/json]}" onto public java.lang.Object org.springframework.boot.actuate.endpoint.web.servlet.AbstractWebMvcEndpointHandlerMapping$OperationHandler.handle(javax.servlet.http.HttpServletRequest,java.util.Map<java.lang.String, java.lang.String>)
2019-06-12 10:59:01.677  INFO [gateway-center,,,] 18072 --- [main] s.b.a.e.w.s.WebMvcEndpointHandlerMapping : Mapped "{[/actuator/info],methods=[GET],produces=[application/vnd.spring-boot.actuator.v2+json || application/json]}" onto public java.lang.Object org.springframework.boot.actuate.endpoint.web.servlet.AbstractWebMvcEndpointHandlerMapping$OperationHandler.handle(javax.servlet.http.HttpServletRequest,java.util.Map<java.lang.String, java.lang.String>)
2019-06-12 10:59:01.677  INFO [gateway-center,,,] 18072 --- [main] s.b.a.e.w.s.WebMvcEndpointHandlerMapping : Mapped "{[/actuator/logfile],methods=[GET],produces=[application/octet-stream]}" onto public java.lang.Object org.springframework.boot.actuate.endpoint.web.servlet.AbstractWebMvcEndpointHandlerMapping$OperationHandler.handle(javax.servlet.http.HttpServletRequest,java.util.Map<java.lang.String, java.lang.String>)
2019-06-12 10:59:01.678  INFO [gateway-center,,,] 18072 --- [main] s.b.a.e.w.s.WebMvcEndpointHandlerMapping : Mapped "{[/actuator/loggers],methods=[GET],produces=[application/vnd.spring-boot.actuator.v2+json || application/json]}" onto public java.lang.Object org.springframework.boot.actuate.endpoint.web.servlet.AbstractWebMvcEndpointHandlerMapping$OperationHandler.handle(javax.servlet.http.HttpServletRequest,java.util.Map<java.lang.String, java.lang.String>)
2019-06-12 10:59:01.678  INFO [gateway-center,,,] 18072 --- [main] s.b.a.e.w.s.WebMvcEndpointHandlerMapping : Mapped "{[/actuator/loggers/{name}],methods=[GET],produces=[application/vnd.spring-boot.actuator.v2+json || application/json]}" onto public java.lang.Object org.springframework.boot.actuate.endpoint.web.servlet.AbstractWebMvcEndpointHandlerMapping$OperationHandler.handle(javax.servlet.http.HttpServletRequest,java.util.Map<java.lang.String, java.lang.String>)
2019-06-12 10:59:01.678  INFO [gateway-center,,,] 18072 --- [main] s.b.a.e.w.s.WebMvcEndpointHandlerMapping : Mapped "{[/actuator/loggers/{name}],methods=[POST],consumes=[application/vnd.spring-boot.actuator.v2+json || application/json]}" onto public java.lang.Object org.springframework.boot.actuate.endpoint.web.servlet.AbstractWebMvcEndpointHandlerMapping$OperationHandler.handle(javax.servlet.http.HttpServletRequest,java.util.Map<java.lang.String, java.lang.String>)
2019-06-12 10:59:01.678  INFO [gateway-center,,,] 18072 --- [main] s.b.a.e.w.s.WebMvcEndpointHandlerMapping : Mapped "{[/actuator/heapdump],methods=[GET],produces=[application/octet-stream]}" onto public java.lang.Object org.springframework.boot.actuate.endpoint.web.servlet.AbstractWebMvcEndpointHandlerMapping$OperationHandler.handle(javax.servlet.http.HttpServletRequest,java.util.Map<java.lang.String, java.lang.String>)
2019-06-12 10:59:01.678  INFO [gateway-center,,,] 18072 --- [main] s.b.a.e.w.s.WebMvcEndpointHandlerMapping : Mapped "{[/actuator/threaddump],methods=[GET],produces=[application/vnd.spring-boot.actuator.v2+json || application/json]}" onto public java.lang.Object org.springframework.boot.actuate.endpoint.web.servlet.AbstractWebMvcEndpointHandlerMapping$OperationHandler.handle(javax.servlet.http.HttpServletRequest,java.util.Map<java.lang.String, java.lang.String>)
2019-06-12 10:59:01.678  INFO [gateway-center,,,] 18072 --- [main] s.b.a.e.w.s.WebMvcEndpointHandlerMapping : Mapped "{[/actuator/metrics/{requiredMetricName}],methods=[GET],produces=[application/vnd.spring-boot.actuator.v2+json || application/json]}" onto public java.lang.Object org.springframework.boot.actuate.endpoint.web.servlet.AbstractWebMvcEndpointHandlerMapping$OperationHandler.handle(javax.servlet.http.HttpServletRequest,java.util.Map<java.lang.String, java.lang.String>)
2019-06-12 10:59:01.678  INFO [gateway-center,,,] 18072 --- [main] s.b.a.e.w.s.WebMvcEndpointHandlerMapping : Mapped "{[/actuator/metrics],methods=[GET],produces=[application/vnd.spring-boot.actuator.v2+json || application/json]}" onto public java.lang.Object org.springframework.boot.actuate.endpoint.web.servlet.AbstractWebMvcEndpointHandlerMapping$OperationHandler.handle(javax.servlet.http.HttpServletRequest,java.util.Map<java.lang.String, java.lang.String>)
2019-06-12 10:59:01.678  INFO [gateway-center,,,] 18072 --- [main] s.b.a.e.w.s.WebMvcEndpointHandlerMapping : Mapped "{[/actuator/scheduledtasks],methods=[GET],produces=[application/vnd.spring-boot.actuator.v2+json || application/json]}" onto public java.lang.Object org.springframework.boot.actuate.endpoint.web.servlet.AbstractWebMvcEndpointHandlerMapping$OperationHandler.handle(javax.servlet.http.HttpServletRequest,java.util.Map<java.lang.String, java.lang.String>)
2019-06-12 10:59:01.679  INFO [gateway-center,,,] 18072 --- [main] s.b.a.e.w.s.WebMvcEndpointHandlerMapping : Mapped "{[/actuator/httptrace],methods=[GET],produces=[application/vnd.spring-boot.actuator.v2+json || application/json]}" onto public java.lang.Object org.springframework.boot.actuate.endpoint.web.servlet.AbstractWebMvcEndpointHandlerMapping$OperationHandler.handle(javax.servlet.http.HttpServletRequest,java.util.Map<java.lang.String, java.lang.String>)
2019-06-12 10:59:01.679  INFO [gateway-center,,,] 18072 --- [main] s.b.a.e.w.s.WebMvcEndpointHandlerMapping : Mapped "{[/actuator/mappings],methods=[GET],produces=[application/vnd.spring-boot.actuator.v2+json || application/json]}" onto public java.lang.Object org.springframework.boot.actuate.endpoint.web.servlet.AbstractWebMvcEndpointHandlerMapping$OperationHandler.handle(javax.servlet.http.HttpServletRequest,java.util.Map<java.lang.String, java.lang.String>)
2019-06-12 10:59:01.679  INFO [gateway-center,,,] 18072 --- [main] s.b.a.e.w.s.WebMvcEndpointHandlerMapping : Mapped "{[/actuator/refresh],methods=[POST],produces=[application/vnd.spring-boot.actuator.v2+json || application/json]}" onto public java.lang.Object org.springframework.boot.actuate.endpoint.web.servlet.AbstractWebMvcEndpointHandlerMapping$OperationHandler.handle(javax.servlet.http.HttpServletRequest,java.util.Map<java.lang.String, java.lang.String>)
2019-06-12 10:59:01.679  INFO [gateway-center,,,] 18072 --- [main] s.b.a.e.w.s.WebMvcEndpointHandlerMapping : Mapped "{[/actuator/features],methods=[GET],produces=[application/vnd.spring-boot.actuator.v2+json || application/json]}" onto public java.lang.Object org.springframework.boot.actuate.endpoint.web.servlet.AbstractWebMvcEndpointHandlerMapping$OperationHandler.handle(javax.servlet.http.HttpServletRequest,java.util.Map<java.lang.String, java.lang.String>)
2019-06-12 10:59:01.679  INFO [gateway-center,,,] 18072 --- [main] s.b.a.e.w.s.WebMvcEndpointHandlerMapping : Mapped "{[/actuator/service-registry],methods=[GET],produces=[application/vnd.spring-boot.actuator.v2+json || application/json]}" onto public java.lang.Object org.springframework.boot.actuate.endpoint.web.servlet.AbstractWebMvcEndpointHandlerMapping$OperationHandler.handle(javax.servlet.http.HttpServletRequest,java.util.Map<java.lang.String, java.lang.String>)
2019-06-12 10:59:01.679  INFO [gateway-center,,,] 18072 --- [main] s.b.a.e.w.s.WebMvcEndpointHandlerMapping : Mapped "{[/actuator/service-registry],methods=[POST],consumes=[application/vnd.spring-boot.actuator.v2+json || application/json],produces=[application/vnd.spring-boot.actuator.v2+json || application/json]}" onto public java.lang.Object org.springframework.boot.actuate.endpoint.web.servlet.AbstractWebMvcEndpointHandlerMapping$OperationHandler.handle(javax.servlet.http.HttpServletRequest,java.util.Map<java.lang.String, java.lang.String>)
2019-06-12 10:59:01.679  INFO [gateway-center,,,] 18072 --- [main] s.b.a.e.w.s.WebMvcEndpointHandlerMapping : Mapped "{[/actuator/routes],methods=[GET],produces=[application/vnd.spring-boot.actuator.v2+json || application/json]}" onto public java.lang.Object org.springframework.boot.actuate.endpoint.web.servlet.AbstractWebMvcEndpointHandlerMapping$OperationHandler.handle(javax.servlet.http.HttpServletRequest,java.util.Map<java.lang.String, java.lang.String>)
2019-06-12 10:59:01.679  INFO [gateway-center,,,] 18072 --- [main] s.b.a.e.w.s.WebMvcEndpointHandlerMapping : Mapped "{[/actuator/routes],methods=[POST],produces=[application/vnd.spring-boot.actuator.v2+json || application/json]}" onto public java.lang.Object org.springframework.boot.actuate.endpoint.web.servlet.AbstractWebMvcEndpointHandlerMapping$OperationHandler.handle(javax.servlet.http.HttpServletRequest,java.util.Map<java.lang.String, java.lang.String>)
2019-06-12 10:59:01.680  INFO [gateway-center,,,] 18072 --- [main] s.b.a.e.w.s.WebMvcEndpointHandlerMapping : Mapped "{[/actuator/routes/{format}],methods=[GET],produces=[application/vnd.spring-boot.actuator.v2+json || application/json]}" onto public java.lang.Object org.springframework.boot.actuate.endpoint.web.servlet.AbstractWebMvcEndpointHandlerMapping$OperationHandler.handle(javax.servlet.http.HttpServletRequest,java.util.Map<java.lang.String, java.lang.String>)
2019-06-12 10:59:01.680  INFO [gateway-center,,,] 18072 --- [main] s.b.a.e.w.s.WebMvcEndpointHandlerMapping : Mapped "{[/actuator/filters],methods=[GET],produces=[application/vnd.spring-boot.actuator.v2+json || application/json]}" onto public java.lang.Object org.springframework.boot.actuate.endpoint.web.servlet.AbstractWebMvcEndpointHandlerMapping$OperationHandler.handle(javax.servlet.http.HttpServletRequest,java.util.Map<java.lang.String, java.lang.String>)
2019-06-12 10:59:01.680  INFO [gateway-center,,,] 18072 --- [main] s.b.a.e.w.s.WebMvcEndpointHandlerMapping : Mapped "{[/actuator],methods=[GET],produces=[application/vnd.spring-boot.actuator.v2+json || application/json]}" onto protected java.util.Map<java.lang.String, java.util.Map<java.lang.String, org.springframework.boot.actuate.endpoint.web.Link>> org.springframework.boot.actuate.endpoint.web.servlet.WebMvcEndpointHandlerMapping.links(javax.servlet.http.HttpServletRequest,javax.servlet.http.HttpServletResponse)
2019-06-12 10:59:02.061  INFO [gateway-center,,,] 18072 --- [main] com.netflix.discovery.DiscoveryClient    : Shutting down DiscoveryClient ...
2019-06-12 10:59:02.065  INFO [gateway-center,,,] 18072 --- [main] com.netflix.discovery.DiscoveryClient    : Completed shut down of DiscoveryClient
2019-06-12 10:59:02.149  INFO [gateway-center,,,] 18072 --- [main] o.s.c.n.zuul.ZuulFilterInitializer       : Starting filter initializer
2019-06-12 10:59:02.229  INFO [gateway-center,,,] 18072 --- [main] o.s.j.e.a.AnnotationMBeanExporter        : Registering beans for JMX exposure on startup
2019-06-12 10:59:02.235  INFO [gateway-center,,,] 18072 --- [main] o.s.j.e.a.AnnotationMBeanExporter        : Bean with name 'environmentManager' has been autodetected for JMX exposure
2019-06-12 10:59:02.235  INFO [gateway-center,,,] 18072 --- [main] o.s.j.e.a.AnnotationMBeanExporter        : Bean with name 'refreshScope' has been autodetected for JMX exposure
2019-06-12 10:59:02.236  INFO [gateway-center,,,] 18072 --- [main] o.s.j.e.a.AnnotationMBeanExporter        : Bean with name 'configurationPropertiesRebinder' has been autodetected for JMX exposure
2019-06-12 10:59:02.239  INFO [gateway-center,,,] 18072 --- [main] o.s.j.e.a.AnnotationMBeanExporter        : Located managed bean 'environmentManager': registering with JMX server as MBean [org.springframework.cloud.context.environment:name=environmentManager,type=EnvironmentManager]
2019-06-12 10:59:02.245  INFO [gateway-center,,,] 18072 --- [main] o.s.j.e.a.AnnotationMBeanExporter        : Located managed bean 'refreshScope': registering with JMX server as MBean [org.springframework.cloud.context.scope.refresh:name=refreshScope,type=RefreshScope]
2019-06-12 10:59:02.251  INFO [gateway-center,,,] 18072 --- [main] o.s.j.e.a.AnnotationMBeanExporter        : Located managed bean 'configurationPropertiesRebinder': registering with JMX server as MBean [org.springframework.cloud.context.properties:name=configurationPropertiesRebinder,context=5fb7183b,type=ConfigurationPropertiesRebinder]
2019-06-12 10:59:02.268  INFO [gateway-center,,,] 18072 --- [main] o.s.c.support.DefaultLifecycleProcessor  : Starting beans in phase 0
2019-06-12 10:59:02.268  INFO [gateway-center,,,] 18072 --- [main] o.s.c.n.e.s.EurekaServiceRegistry        : Registering application gateway-center with eureka with status UP
2019-06-12 10:59:02.269  INFO [gateway-center,,,] 18072 --- [main] com.netflix.discovery.DiscoveryClient    : Saw local status change event StatusChangeEvent [timestamp=1560308342269, current=UP, previous=STARTING]
2019-06-12 10:59:02.270  INFO [gateway-center,,,] 18072 --- [DiscoveryClient-InstanceInfoReplicator-0] com.netflix.discovery.DiscoveryClient    : DiscoveryClient_GATEWAY-CENTER/gateway-center:-49192576: registering service...
2019-06-12 10:59:02.290  INFO [gateway-center,,,] 18072 --- [DiscoveryClient-InstanceInfoReplicator-0] com.netflix.discovery.DiscoveryClient    : DiscoveryClient_GATEWAY-CENTER/gateway-center:-49192576 - registration status: 204
2019-06-12 10:59:02.300  INFO [gateway-center,,,] 18072 --- [main] o.a.c.c.C.[Tomcat].[localhost].[/]       : Initializing Spring FrameworkServlet 'dispatcherServlet'
2019-06-12 10:59:02.301  INFO [gateway-center,,,] 18072 --- [main] o.s.web.servlet.DispatcherServlet        : FrameworkServlet 'dispatcherServlet': initialization started
2019-06-12 10:59:02.317  INFO [gateway-center,,,] 18072 --- [main] o.s.web.servlet.DispatcherServlet        : FrameworkServlet 'dispatcherServlet': initialization completed in 16 ms
2019-06-12 10:59:02.318  INFO [gateway-center,,,] 18072 --- [main] o.s.b.w.embedded.tomcat.TomcatWebServer  : Tomcat started on port(s): 8992 (http) with context path ''
2019-06-12 10:59:02.318  INFO [gateway-center,,,] 18072 --- [main] .s.c.n.e.s.EurekaAutoServiceRegistration : Updating port to 8992
2019-06-12 10:59:02.320  INFO [gateway-center,,,] 18072 --- [main] c.t.g.GatewayCenterApplication           : Started GatewayCenterApplication in 7.927 seconds (JVM running for 8.576)
2019-06-12 10:59:02.324  INFO [gateway-center,,,] 18072 --- [main] s.c.a.AnnotationConfigApplicationContext : Refreshing SpringClientFactory-security-center: startup date [Wed Jun 12 10:59:02 CST 2019]; parent: org.springframework.boot.web.servlet.context.AnnotationConfigServletWebServerApplicationContext@5fb7183b
2019-06-12 10:59:02.348  INFO [gateway-center,,,] 18072 --- [main] f.a.AutowiredAnnotationBeanPostProcessor : JSR-330 'javax.inject.Inject' annotation found and supported for autowiring
2019-06-12 10:59:02.375  INFO [gateway-center,,,] 18072 --- [RMI TCP Connection(4)-127.0.0.1] c.c.c.ConfigServicePropertySourceLocator : Fetching config from server at : http://192.168.131.1:8991/
2019-06-12 10:59:02.452  INFO [gateway-center,,,] 18072 --- [main] c.netflix.config.ChainedDynamicProperty  : Flipping property: security-center.ribbon.ActiveConnectionsLimit to use NEXT property: niws.loadbalancer.availabilityFilteringRule.activeConnectionsLimit = 2147483647
2019-06-12 10:59:02.461  INFO [gateway-center,,,] 18072 --- [main] c.n.u.concurrent.ShutdownEnabledTimer    : Shutdown hook installed for: NFLoadBalancer-PingTimer-security-center
2019-06-12 10:59:02.474  INFO [gateway-center,,,] 18072 --- [main] c.netflix.loadbalancer.BaseLoadBalancer  : Client: security-center instantiated a LoadBalancer: DynamicServerListLoadBalancer:{NFLoadBalancer:name=security-center,current list of Servers=[],Load balancer stats=Zone stats: {},Server stats: []}ServerList:null
2019-06-12 10:59:02.481  INFO [gateway-center,,,] 18072 --- [main] c.n.l.DynamicServerListLoadBalancer      : Using serverListUpdater PollingServerListUpdater
2019-06-12 10:59:02.484  INFO [gateway-center,,,] 18072 --- [main] c.n.l.DynamicServerListLoadBalancer      : DynamicServerListLoadBalancer for client security-center initialized: DynamicServerListLoadBalancer:{NFLoadBalancer:name=security-center,current list of Servers=[],Load balancer stats=Zone stats: {},Server stats: []}ServerList:org.springframework.cloud.netflix.ribbon.eureka.DomainExtractingServerList@1e01b195
2019-06-12 10:59:02.504  INFO [gateway-center,,,] 18072 --- [main] s.c.a.AnnotationConfigApplicationContext : Refreshing SpringClientFactory-user-center: startup date [Wed Jun 12 10:59:02 CST 2019]; parent: org.springframework.boot.web.servlet.context.AnnotationConfigServletWebServerApplicationContext@5fb7183b
2019-06-12 10:59:02.519  INFO [gateway-center,,,] 18072 --- [main] f.a.AutowiredAnnotationBeanPostProcessor : JSR-330 'javax.inject.Inject' annotation found and supported for autowiring
2019-06-12 10:59:02.553  INFO [gateway-center,,,] 18072 --- [main] c.netflix.config.ChainedDynamicProperty  : Flipping property: user-center.ribbon.ActiveConnectionsLimit to use NEXT property: niws.loadbalancer.availabilityFilteringRule.activeConnectionsLimit = 2147483647
2019-06-12 10:59:02.556  INFO [gateway-center,,,] 18072 --- [main] c.n.u.concurrent.ShutdownEnabledTimer    : Shutdown hook installed for: NFLoadBalancer-PingTimer-user-center
2019-06-12 10:59:02.556  INFO [gateway-center,,,] 18072 --- [main] c.netflix.loadbalancer.BaseLoadBalancer  : Client: user-center instantiated a LoadBalancer: DynamicServerListLoadBalancer:{NFLoadBalancer:name=user-center,current list of Servers=[],Load balancer stats=Zone stats: {},Server stats: []}ServerList:null
2019-06-12 10:59:02.557  INFO [gateway-center,,,] 18072 --- [main] c.n.l.DynamicServerListLoadBalancer      : Using serverListUpdater PollingServerListUpdater
2019-06-12 10:59:02.557  INFO [gateway-center,,,] 18072 --- [main] c.n.l.DynamicServerListLoadBalancer      : DynamicServerListLoadBalancer for client user-center initialized: DynamicServerListLoadBalancer:{NFLoadBalancer:name=user-center,current list of Servers=[],Load balancer stats=Zone stats: {},Server stats: []}ServerList:org.springframework.cloud.netflix.ribbon.eureka.DomainExtractingServerList@9825465
2019-06-12 10:59:02.586  INFO [gateway-center,,,] 18072 --- [RMI TCP Connection(4)-127.0.0.1] c.c.c.ConfigServicePropertySourceLocator : Located environment: name=gateway-center, profiles=[dev], label=null, version=null, state=null
2019-06-12 10:59:02.650  INFO [gateway-center,,,] 18072 --- [RMI TCP Connection(4)-127.0.0.1] io.lettuce.core.EpollProvider            : Starting without optional epoll library
2019-06-12 10:59:02.651  INFO [gateway-center,,,] 18072 --- [RMI TCP Connection(4)-127.0.0.1] io.lettuce.core.KqueueProvider           : Starting without optional kqueue library
2019-06-12 10:59:33.578  INFO [gateway-center,,,] 18072 --- [PollingServerListUpdater-1] c.netflix.config.ChainedDynamicProperty  : Flipping property: user-center.ribbon.ActiveConnectionsLimit to use NEXT property: niws.loadbalancer.availabilityFilteringRule.activeConnectionsLimit = 2147483647
2019-06-12 11:01:03.490  INFO [gateway-center,,,] 18072 --- [PollingServerListUpdater-0] c.netflix.config.ChainedDynamicProperty  : Flipping property: security-center.ribbon.ActiveConnectionsLimit to use NEXT property: niws.loadbalancer.availabilityFilteringRule.activeConnectionsLimit = 2147483647
2019-06-12 11:02:16.388  INFO [gateway-center,,,] 18072 --- [http-nio-8992-exec-6] o.s.c.n.zuul.web.ZuulHandlerMapping      : Mapped URL path [/api-s/**] onto handler of type [class org.springframework.cloud.netflix.zuul.web.ZuulController]
2019-06-12 11:02:16.389  INFO [gateway-center,,,] 18072 --- [http-nio-8992-exec-6] o.s.c.n.zuul.web.ZuulHandlerMapping      : Mapped URL path [/api-u/**] onto handler of type [class org.springframework.cloud.netflix.zuul.web.ZuulController]
2019-06-12 11:04:00.328  INFO [gateway-center,,,] 18072 --- [AsyncResolver-bootstrap-executor-0] c.n.d.s.r.aws.ConfigClusterResolver      : Resolving eureka endpoints via configuration
2019-06-12 11:09:00.329  INFO [gateway-center,,,] 18072 --- [AsyncResolver-bootstrap-executor-0] c.n.d.s.r.aws.ConfigClusterResolver      : Resolving eureka endpoints via configuration
2019-06-12 11:14:00.330  INFO [gateway-center,,,] 18072 --- [AsyncResolver-bootstrap-executor-0] c.n.d.s.r.aws.ConfigClusterResolver      : Resolving eureka endpoints via configuration
2019-06-12 11:19:00.332  INFO [gateway-center,,,] 18072 --- [AsyncResolver-bootstrap-executor-0] c.n.d.s.r.aws.ConfigClusterResolver      : Resolving eureka endpoints via configuration
2019-06-12 11:24:00.333  INFO [gateway-center,,,] 18072 --- [AsyncResolver-bootstrap-executor-0] c.n.d.s.r.aws.ConfigClusterResolver      : Resolving eureka endpoints via configuration
2019-06-12 11:29:00.334  INFO [gateway-center,,,] 18072 --- [AsyncResolver-bootstrap-executor-0] c.n.d.s.r.aws.ConfigClusterResolver      : Resolving eureka endpoints via configuration
2019-06-12 11:34:00.335  INFO [gateway-center,,,] 18072 --- [AsyncResolver-bootstrap-executor-0] c.n.d.s.r.aws.ConfigClusterResolver      : Resolving eureka endpoints via configuration
2019-06-12 11:39:00.337  INFO [gateway-center,,,] 18072 --- [AsyncResolver-bootstrap-executor-0] c.n.d.s.r.aws.ConfigClusterResolver      : Resolving eureka endpoints via configuration
2019-06-12 11:44:00.339  INFO [gateway-center,,,] 18072 --- [AsyncResolver-bootstrap-executor-0] c.n.d.s.r.aws.ConfigClusterResolver      : Resolving eureka endpoints via configuration
2019-06-12 11:49:00.341  INFO [gateway-center,,,] 18072 --- [AsyncResolver-bootstrap-executor-0] c.n.d.s.r.aws.ConfigClusterResolver      : Resolving eureka endpoints via configuration
2019-06-12 11:54:00.342  INFO [gateway-center,,,] 18072 --- [AsyncResolver-bootstrap-executor-0] c.n.d.s.r.aws.ConfigClusterResolver      : Resolving eureka endpoints via configuration
2019-06-12 11:59:00.344  INFO [gateway-center,,,] 18072 --- [AsyncResolver-bootstrap-executor-0] c.n.d.s.r.aws.ConfigClusterResolver      : Resolving eureka endpoints via configuration
2019-06-12 12:04:00.346  INFO [gateway-center,,,] 18072 --- [AsyncResolver-bootstrap-executor-0] c.n.d.s.r.aws.ConfigClusterResolver      : Resolving eureka endpoints via configuration
2019-06-12 12:09:00.347  INFO [gateway-center,,,] 18072 --- [AsyncResolver-bootstrap-executor-0] c.n.d.s.r.aws.ConfigClusterResolver      : Resolving eureka endpoints via configuration
2019-06-12 12:14:00.348  INFO [gateway-center,,,] 18072 --- [AsyncResolver-bootstrap-executor-0] c.n.d.s.r.aws.ConfigClusterResolver      : Resolving eureka endpoints via configuration
2019-06-12 12:19:00.349  INFO [gateway-center,,,] 18072 --- [AsyncResolver-bootstrap-executor-0] c.n.d.s.r.aws.ConfigClusterResolver      : Resolving eureka endpoints via configuration
2019-06-12 12:24:00.350  INFO [gateway-center,,,] 18072 --- [AsyncResolver-bootstrap-executor-0] c.n.d.s.r.aws.ConfigClusterResolver      : Resolving eureka endpoints via configuration
2019-06-12 12:29:00.352  INFO [gateway-center,,,] 18072 --- [AsyncResolver-bootstrap-executor-0] c.n.d.s.r.aws.ConfigClusterResolver      : Resolving eureka endpoints via configuration
2019-06-12 12:34:00.353  INFO [gateway-center,,,] 18072 --- [AsyncResolver-bootstrap-executor-0] c.n.d.s.r.aws.ConfigClusterResolver      : Resolving eureka endpoints via configuration
2019-06-12 12:39:00.354  INFO [gateway-center,,,] 18072 --- [AsyncResolver-bootstrap-executor-0] c.n.d.s.r.aws.ConfigClusterResolver      : Resolving eureka endpoints via configuration
2019-06-12 12:44:00.355  INFO [gateway-center,,,] 18072 --- [AsyncResolver-bootstrap-executor-0] c.n.d.s.r.aws.ConfigClusterResolver      : Resolving eureka endpoints via configuration
2019-06-12 12:49:00.357  INFO [gateway-center,,,] 18072 --- [AsyncResolver-bootstrap-executor-0] c.n.d.s.r.aws.ConfigClusterResolver      : Resolving eureka endpoints via configuration
2019-06-12 12:54:00.359  INFO [gateway-center,,,] 18072 --- [AsyncResolver-bootstrap-executor-0] c.n.d.s.r.aws.ConfigClusterResolver      : Resolving eureka endpoints via configuration
2019-06-12 12:59:00.360  INFO [gateway-center,,,] 18072 --- [AsyncResolver-bootstrap-executor-0] c.n.d.s.r.aws.ConfigClusterResolver      : Resolving eureka endpoints via configuration
2019-06-12 13:04:00.362  INFO [gateway-center,,,] 18072 --- [AsyncResolver-bootstrap-executor-0] c.n.d.s.r.aws.ConfigClusterResolver      : Resolving eureka endpoints via configuration
2019-06-12 13:09:00.363  INFO [gateway-center,,,] 18072 --- [AsyncResolver-bootstrap-executor-0] c.n.d.s.r.aws.ConfigClusterResolver      : Resolving eureka endpoints via configuration
2019-06-12 13:14:00.365  INFO [gateway-center,,,] 18072 --- [AsyncResolver-bootstrap-executor-0] c.n.d.s.r.aws.ConfigClusterResolver      : Resolving eureka endpoints via configuration
2019-06-12 13:19:00.367  INFO [gateway-center,,,] 18072 --- [AsyncResolver-bootstrap-executor-0] c.n.d.s.r.aws.ConfigClusterResolver      : Resolving eureka endpoints via configuration
2019-06-12 13:24:00.368  INFO [gateway-center,,,] 18072 --- [AsyncResolver-bootstrap-executor-0] c.n.d.s.r.aws.ConfigClusterResolver      : Resolving eureka endpoints via configuration
2019-06-12 13:29:00.368  INFO [gateway-center,,,] 18072 --- [AsyncResolver-bootstrap-executor-0] c.n.d.s.r.aws.ConfigClusterResolver      : Resolving eureka endpoints via configuration
2019-06-12 13:34:00.370  INFO [gateway-center,,,] 18072 --- [AsyncResolver-bootstrap-executor-0] c.n.d.s.r.aws.ConfigClusterResolver      : Resolving eureka endpoints via configuration
2019-06-12 13:39:00.372  INFO [gateway-center,,,] 18072 --- [AsyncResolver-bootstrap-executor-0] c.n.d.s.r.aws.ConfigClusterResolver      : Resolving eureka endpoints via configuration
2019-06-12 13:44:00.374  INFO [gateway-center,,,] 18072 --- [AsyncResolver-bootstrap-executor-0] c.n.d.s.r.aws.ConfigClusterResolver      : Resolving eureka endpoints via configuration
2019-06-12 13:49:00.375  INFO [gateway-center,,,] 18072 --- [AsyncResolver-bootstrap-executor-0] c.n.d.s.r.aws.ConfigClusterResolver      : Resolving eureka endpoints via configuration
2019-06-12 13:54:00.377  INFO [gateway-center,,,] 18072 --- [AsyncResolver-bootstrap-executor-0] c.n.d.s.r.aws.ConfigClusterResolver      : Resolving eureka endpoints via configuration
2019-06-12 13:59:00.379  INFO [gateway-center,,,] 18072 --- [AsyncResolver-bootstrap-executor-0] c.n.d.s.r.aws.ConfigClusterResolver      : Resolving eureka endpoints via configuration
2019-06-12 14:04:00.379  INFO [gateway-center,,,] 18072 --- [AsyncResolver-bootstrap-executor-0] c.n.d.s.r.aws.ConfigClusterResolver      : Resolving eureka endpoints via configuration
2019-06-12 14:09:00.381  INFO [gateway-center,,,] 18072 --- [AsyncResolver-bootstrap-executor-0] c.n.d.s.r.aws.ConfigClusterResolver      : Resolving eureka endpoints via configuration
2019-06-12 14:14:00.382  INFO [gateway-center,,,] 18072 --- [AsyncResolver-bootstrap-executor-0] c.n.d.s.r.aws.ConfigClusterResolver      : Resolving eureka endpoints via configuration
2019-06-12 14:19:00.384  INFO [gateway-center,,,] 18072 --- [AsyncResolver-bootstrap-executor-0] c.n.d.s.r.aws.ConfigClusterResolver      : Resolving eureka endpoints via configuration
2019-06-12 14:24:00.386  INFO [gateway-center,,,] 18072 --- [AsyncResolver-bootstrap-executor-0] c.n.d.s.r.aws.ConfigClusterResolver      : Resolving eureka endpoints via configuration
2019-06-12 14:29:00.388  INFO [gateway-center,,,] 18072 --- [AsyncResolver-bootstrap-executor-0] c.n.d.s.r.aws.ConfigClusterResolver      : Resolving eureka endpoints via configuration
2019-06-12 14:34:00.389  INFO [gateway-center,,,] 18072 --- [AsyncResolver-bootstrap-executor-0] c.n.d.s.r.aws.ConfigClusterResolver      : Resolving eureka endpoints via configuration
2019-06-12 14:39:00.389  INFO [gateway-center,,,] 18072 --- [AsyncResolver-bootstrap-executor-0] c.n.d.s.r.aws.ConfigClusterResolver      : Resolving eureka endpoints via configuration
2019-06-12 14:44:00.391  INFO [gateway-center,,,] 18072 --- [AsyncResolver-bootstrap-executor-0] c.n.d.s.r.aws.ConfigClusterResolver      : Resolving eureka endpoints via configuration
2019-06-12 14:49:00.393  INFO [gateway-center,,,] 18072 --- [AsyncResolver-bootstrap-executor-0] c.n.d.s.r.aws.ConfigClusterResolver      : Resolving eureka endpoints via configuration
2019-06-12 14:54:00.394  INFO [gateway-center,,,] 18072 --- [AsyncResolver-bootstrap-executor-0] c.n.d.s.r.aws.ConfigClusterResolver      : Resolving eureka endpoints via configuration
2019-06-12 14:59:00.396  INFO [gateway-center,,,] 18072 --- [AsyncResolver-bootstrap-executor-0] c.n.d.s.r.aws.ConfigClusterResolver      : Resolving eureka endpoints via configuration
2019-06-12 15:04:00.398  INFO [gateway-center,,,] 18072 --- [AsyncResolver-bootstrap-executor-0] c.n.d.s.r.aws.ConfigClusterResolver      : Resolving eureka endpoints via configuration
2019-06-12 15:09:00.399  INFO [gateway-center,,,] 18072 --- [AsyncResolver-bootstrap-executor-0] c.n.d.s.r.aws.ConfigClusterResolver      : Resolving eureka endpoints via configuration
2019-06-12 15:14:00.400  INFO [gateway-center,,,] 18072 --- [AsyncResolver-bootstrap-executor-0] c.n.d.s.r.aws.ConfigClusterResolver      : Resolving eureka endpoints via configuration
2019-06-12 15:19:00.402  INFO [gateway-center,,,] 18072 --- [AsyncResolver-bootstrap-executor-0] c.n.d.s.r.aws.ConfigClusterResolver      : Resolving eureka endpoints via configuration
2019-06-12 15:24:00.403  INFO [gateway-center,,,] 18072 --- [AsyncResolver-bootstrap-executor-0] c.n.d.s.r.aws.ConfigClusterResolver      : Resolving eureka endpoints via configuration
2019-06-12 15:29:00.405  INFO [gateway-center,,,] 18072 --- [AsyncResolver-bootstrap-executor-0] c.n.d.s.r.aws.ConfigClusterResolver      : Resolving eureka endpoints via configuration
2019-06-12 15:34:00.406  INFO [gateway-center,,,] 18072 --- [AsyncResolver-bootstrap-executor-0] c.n.d.s.r.aws.ConfigClusterResolver      : Resolving eureka endpoints via configuration
2019-06-12 15:39:00.407  INFO [gateway-center,,,] 18072 --- [AsyncResolver-bootstrap-executor-0] c.n.d.s.r.aws.ConfigClusterResolver      : Resolving eureka endpoints via configuration
2019-06-12 15:44:00.409  INFO [gateway-center,,,] 18072 --- [AsyncResolver-bootstrap-executor-0] c.n.d.s.r.aws.ConfigClusterResolver      : Resolving eureka endpoints via configuration
2019-06-12 15:49:00.411  INFO [gateway-center,,,] 18072 --- [AsyncResolver-bootstrap-executor-0] c.n.d.s.r.aws.ConfigClusterResolver      : Resolving eureka endpoints via configuration
2019-06-12 15:54:00.413  INFO [gateway-center,,,] 18072 --- [AsyncResolver-bootstrap-executor-0] c.n.d.s.r.aws.ConfigClusterResolver      : Resolving eureka endpoints via configuration
2019-06-12 15:59:00.414  INFO [gateway-center,,,] 18072 --- [AsyncResolver-bootstrap-executor-0] c.n.d.s.r.aws.ConfigClusterResolver      : Resolving eureka endpoints via configuration
2019-06-12 16:04:00.416  INFO [gateway-center,,,] 18072 --- [AsyncResolver-bootstrap-executor-0] c.n.d.s.r.aws.ConfigClusterResolver      : Resolving eureka endpoints via configuration
2019-06-12 16:09:00.419  INFO [gateway-center,,,] 18072 --- [AsyncResolver-bootstrap-executor-0] c.n.d.s.r.aws.ConfigClusterResolver      : Resolving eureka endpoints via configuration
2019-06-12 16:14:00.421  INFO [gateway-center,,,] 18072 --- [AsyncResolver-bootstrap-executor-0] c.n.d.s.r.aws.ConfigClusterResolver      : Resolving eureka endpoints via configuration
2019-06-12 16:19:00.423  INFO [gateway-center,,,] 18072 --- [AsyncResolver-bootstrap-executor-0] c.n.d.s.r.aws.ConfigClusterResolver      : Resolving eureka endpoints via configuration
2019-06-12 16:24:00.433  INFO [gateway-center,,,] 18072 --- [AsyncResolver-bootstrap-executor-0] c.n.d.s.r.aws.ConfigClusterResolver      : Resolving eureka endpoints via configuration
2019-06-12 16:29:00.448  INFO [gateway-center,,,] 18072 --- [AsyncResolver-bootstrap-executor-0] c.n.d.s.r.aws.ConfigClusterResolver      : Resolving eureka endpoints via configuration
2019-06-12 16:34:00.457  INFO [gateway-center,,,] 18072 --- [AsyncResolver-bootstrap-executor-0] c.n.d.s.r.aws.ConfigClusterResolver      : Resolving eureka endpoints via configuration
2019-06-12 16:39:00.468  INFO [gateway-center,,,] 18072 --- [AsyncResolver-bootstrap-executor-0] c.n.d.s.r.aws.ConfigClusterResolver      : Resolving eureka endpoints via configuration
2019-06-12 16:44:00.470  INFO [gateway-center,,,] 18072 --- [AsyncResolver-bootstrap-executor-0] c.n.d.s.r.aws.ConfigClusterResolver      : Resolving eureka endpoints via configuration
2019-06-12 16:49:00.492  INFO [gateway-center,,,] 18072 --- [AsyncResolver-bootstrap-executor-0] c.n.d.s.r.aws.ConfigClusterResolver      : Resolving eureka endpoints via configuration
2019-06-12 16:54:00.493  INFO [gateway-center,,,] 18072 --- [AsyncResolver-bootstrap-executor-0] c.n.d.s.r.aws.ConfigClusterResolver      : Resolving eureka endpoints via configuration
2019-06-12 16:59:00.494  INFO [gateway-center,,,] 18072 --- [AsyncResolver-bootstrap-executor-0] c.n.d.s.r.aws.ConfigClusterResolver      : Resolving eureka endpoints via configuration
2019-06-12 17:04:00.496  INFO [gateway-center,,,] 18072 --- [AsyncResolver-bootstrap-executor-0] c.n.d.s.r.aws.ConfigClusterResolver      : Resolving eureka endpoints via configuration
2019-06-12 17:09:00.498  INFO [gateway-center,,,] 18072 --- [AsyncResolver-bootstrap-executor-0] c.n.d.s.r.aws.ConfigClusterResolver      : Resolving eureka endpoints via configuration
2019-06-12 17:14:00.499  INFO [gateway-center,,,] 18072 --- [AsyncResolver-bootstrap-executor-0] c.n.d.s.r.aws.ConfigClusterResolver      : Resolving eureka endpoints via configuration
2019-06-12 17:19:00.500  INFO [gateway-center,,,] 18072 --- [AsyncResolver-bootstrap-executor-0] c.n.d.s.r.aws.ConfigClusterResolver      : Resolving eureka endpoints via configuration
2019-06-12 17:24:00.503  INFO [gateway-center,,,] 18072 --- [AsyncResolver-bootstrap-executor-0] c.n.d.s.r.aws.ConfigClusterResolver      : Resolving eureka endpoints via configuration
2019-06-12 17:29:00.504  INFO [gateway-center,,,] 18072 --- [AsyncResolver-bootstrap-executor-0] c.n.d.s.r.aws.ConfigClusterResolver      : Resolving eureka endpoints via configuration
2019-06-12 17:34:00.505  INFO [gateway-center,,,] 18072 --- [AsyncResolver-bootstrap-executor-0] c.n.d.s.r.aws.ConfigClusterResolver      : Resolving eureka endpoints via configuration
2019-06-12 17:39:00.507  INFO [gateway-center,,,] 18072 --- [AsyncResolver-bootstrap-executor-0] c.n.d.s.r.aws.ConfigClusterResolver      : Resolving eureka endpoints via configuration
2019-06-12 17:44:00.508  INFO [gateway-center,,,] 18072 --- [AsyncResolver-bootstrap-executor-0] c.n.d.s.r.aws.ConfigClusterResolver      : Resolving eureka endpoints via configuration
2019-06-12 17:49:00.510  INFO [gateway-center,,,] 18072 --- [AsyncResolver-bootstrap-executor-0] c.n.d.s.r.aws.ConfigClusterResolver      : Resolving eureka endpoints via configuration
2019-06-12 17:54:00.511  INFO [gateway-center,,,] 18072 --- [AsyncResolver-bootstrap-executor-0] c.n.d.s.r.aws.ConfigClusterResolver      : Resolving eureka endpoints via configuration
2019-06-12 17:59:00.512  INFO [gateway-center,,,] 18072 --- [AsyncResolver-bootstrap-executor-0] c.n.d.s.r.aws.ConfigClusterResolver      : Resolving eureka endpoints via configuration
2019-06-12 18:04:00.513  INFO [gateway-center,,,] 18072 --- [AsyncResolver-bootstrap-executor-0] c.n.d.s.r.aws.ConfigClusterResolver      : Resolving eureka endpoints via configuration
2019-06-12 18:09:00.515  INFO [gateway-center,,,] 18072 --- [AsyncResolver-bootstrap-executor-0] c.n.d.s.r.aws.ConfigClusterResolver      : Resolving eureka endpoints via configuration
2019-06-12 18:14:00.517  INFO [gateway-center,,,] 18072 --- [AsyncResolver-bootstrap-executor-0] c.n.d.s.r.aws.ConfigClusterResolver      : Resolving eureka endpoints via configuration
2019-06-12 18:19:00.519  INFO [gateway-center,,,] 18072 --- [AsyncResolver-bootstrap-executor-0] c.n.d.s.r.aws.ConfigClusterResolver      : Resolving eureka endpoints via configuration
2019-06-12 18:24:00.520  INFO [gateway-center,,,] 18072 --- [AsyncResolver-bootstrap-executor-0] c.n.d.s.r.aws.ConfigClusterResolver      : Resolving eureka endpoints via configuration
2019-06-12 18:29:00.522  INFO [gateway-center,,,] 18072 --- [AsyncResolver-bootstrap-executor-0] c.n.d.s.r.aws.ConfigClusterResolver      : Resolving eureka endpoints via configuration
2019-06-12 18:34:00.529  INFO [gateway-center,,,] 18072 --- [AsyncResolver-bootstrap-executor-0] c.n.d.s.r.aws.ConfigClusterResolver      : Resolving eureka endpoints via configuration
2019-06-12 18:39:00.531  INFO [gateway-center,,,] 18072 --- [AsyncResolver-bootstrap-executor-0] c.n.d.s.r.aws.ConfigClusterResolver      : Resolving eureka endpoints via configuration
2019-06-12 18:44:00.533  INFO [gateway-center,,,] 18072 --- [AsyncResolver-bootstrap-executor-0] c.n.d.s.r.aws.ConfigClusterResolver      : Resolving eureka endpoints via configuration
2019-06-12 18:49:00.534  INFO [gateway-center,,,] 18072 --- [AsyncResolver-bootstrap-executor-0] c.n.d.s.r.aws.ConfigClusterResolver      : Resolving eureka endpoints via configuration
2019-06-12 18:54:00.536  INFO [gateway-center,,,] 18072 --- [AsyncResolver-bootstrap-executor-0] c.n.d.s.r.aws.ConfigClusterResolver      : Resolving eureka endpoints via configuration
