2019-06-04 13:30:38.850  INFO 9368 --- [main] trationDelegate$BeanPostProcessorChecker : Bean 'configurationPropertiesRebinderAutoConfiguration' of type [org.springframework.cloud.autoconfigure.ConfigurationPropertiesRebinderAutoConfiguration$$EnhancerBySpringCGLIB$$af6a8e77] is not eligible for getting processed by all BeanPostProcessors (for example: not eligible for auto-proxying)
2019-06-04 13:30:40.113  INFO 9368 --- [main] com.test.register.RegisterApplication    : No active profile set, falling back to default profiles: default
2019-06-04 13:30:40.469  WARN 9368 --- [main] o.s.boot.actuate.endpoint.EndpointId     : Endpoint ID 'service-registry' contains invalid characters, please migrate to a valid format.
2019-06-04 13:30:40.590  INFO 9368 --- [main] o.s.cloud.context.scope.GenericScope     : BeanFactory id=da0607dc-f8ff-357b-9139-dda9430f7537
2019-06-04 13:30:40.637  INFO 9368 --- [main] trationDelegate$BeanPostProcessorChecker : Bean 'org.springframework.cloud.autoconfigure.ConfigurationPropertiesRebinderAutoConfiguration' of type [org.springframework.cloud.autoconfigure.ConfigurationPropertiesRebinderAutoConfiguration$$EnhancerBySpringCGLIB$$af6a8e77] is not eligible for getting processed by all BeanPostProcessors (for example: not eligible for auto-proxying)
2019-06-04 13:30:40.766  INFO 9368 --- [main] o.s.b.w.embedded.tomcat.TomcatWebServer  : Tomcat initialized with port(s): 8881 (http)
2019-06-04 13:30:40.783  INFO 9368 --- [main] o.apache.catalina.core.StandardService   : Starting service [Tomcat]
2019-06-04 13:30:40.784  INFO 9368 --- [main] org.apache.catalina.core.StandardEngine  : Starting Servlet engine: [Apache Tomcat/9.0.19]
2019-06-04 13:30:40.867  INFO 9368 --- [main] o.a.c.c.C.[Tomcat].[localhost].[/]       : Initializing Spring embedded WebApplicationContext
2019-06-04 13:30:40.867  INFO 9368 --- [main] o.s.web.context.ContextLoader            : Root WebApplicationContext: initialization completed in 747 ms
2019-06-04 13:30:40.919  WARN 9368 --- [main] c.n.c.sources.URLConfigurationSource     : No URLs will be polled as dynamic configuration sources.
2019-06-04 13:30:40.919  INFO 9368 --- [main] c.n.c.sources.URLConfigurationSource     : To enable URLs as dynamic configuration sources, define System property archaius.configurationSource.additionalUrls or make config.properties available on classpath.
2019-06-04 13:30:40.925  INFO 9368 --- [main] c.netflix.config.DynamicPropertyFactory  : DynamicPropertyFactory is initialized with configuration sources: com.netflix.config.ConcurrentCompositeConfiguration@73c9e8e8
2019-06-04 13:30:42.367  INFO 9368 --- [main] o.s.cloud.commons.util.InetUtils         : Cannot determine local hostname
2019-06-04 13:30:43.590  INFO 9368 --- [main] o.s.cloud.commons.util.InetUtils         : Cannot determine local hostname
2019-06-04 13:30:43.710  INFO 9368 --- [main] c.s.j.s.i.a.WebApplicationImpl           : Initiating Jersey application, version 'Jersey: 1.19.1 03/11/2016 02:08 PM'
2019-06-04 13:30:43.743  INFO 9368 --- [main] c.n.d.provider.DiscoveryJerseyProvider   : Using JSON encoding codec LegacyJacksonJson
2019-06-04 13:30:43.744  INFO 9368 --- [main] c.n.d.provider.DiscoveryJerseyProvider   : Using JSON decoding codec LegacyJacksonJson
2019-06-04 13:30:43.801  INFO 9368 --- [main] c.n.d.provider.DiscoveryJerseyProvider   : Using XML encoding codec XStreamXml
2019-06-04 13:30:43.801  INFO 9368 --- [main] c.n.d.provider.DiscoveryJerseyProvider   : Using XML decoding codec XStreamXml
2019-06-04 13:30:43.982  WARN 9368 --- [main] c.n.c.sources.URLConfigurationSource     : No URLs will be polled as dynamic configuration sources.
2019-06-04 13:30:43.982  INFO 9368 --- [main] c.n.c.sources.URLConfigurationSource     : To enable URLs as dynamic configuration sources, define System property archaius.configurationSource.additionalUrls or make config.properties available on classpath.
2019-06-04 13:30:44.086  INFO 9368 --- [main] o.s.s.concurrent.ThreadPoolTaskExecutor  : Initializing ExecutorService 'applicationTaskExecutor'
2019-06-04 13:30:44.310  INFO 9368 --- [main] o.s.c.n.eureka.InstanceInfoFactory       : Setting initial instance status as: STARTING
2019-06-04 13:30:44.326  INFO 9368 --- [main] com.netflix.discovery.DiscoveryClient    : Initializing Eureka in region us-east-1
2019-06-04 13:30:44.326  INFO 9368 --- [main] com.netflix.discovery.DiscoveryClient    : Client configured to neither register nor query for data.
2019-06-04 13:30:44.329  INFO 9368 --- [main] com.netflix.discovery.DiscoveryClient    : Discovery Client initialized at timestamp 1559626244329 with initial instances count: 0
2019-06-04 13:30:44.347  INFO 9368 --- [main] c.n.eureka.DefaultEurekaServerContext    : Initializing ...
2019-06-04 13:30:44.348  WARN 9368 --- [main] c.n.eureka.cluster.PeerEurekaNodes       : The replica size seems to be empty. Check the route 53 DNS Registry
2019-06-04 13:30:44.356  INFO 9368 --- [main] c.n.e.registry.AbstractInstanceRegistry  : Finished initializing remote region registries. All known remote regions: []
2019-06-04 13:30:44.357  INFO 9368 --- [main] c.n.eureka.DefaultEurekaServerContext    : Initialized
2019-06-04 13:30:44.363  INFO 9368 --- [main] o.s.b.a.e.web.EndpointLinksResolver      : Exposing 20 endpoint(s) beneath base path '/actuator'
2019-06-04 13:30:44.408  INFO 9368 --- [main] o.s.c.n.e.s.EurekaServiceRegistry        : Registering application register-center with eureka with status UP
2019-06-04 13:30:44.410  INFO 9368 --- [Thread-26] o.s.c.n.e.server.EurekaServerBootstrap   : Setting the eureka configuration..
2019-06-04 13:30:44.410  INFO 9368 --- [Thread-26] o.s.c.n.e.server.EurekaServerBootstrap   : Eureka data center value eureka.datacenter is not set, defaulting to default
2019-06-04 13:30:44.410  INFO 9368 --- [Thread-26] o.s.c.n.e.server.EurekaServerBootstrap   : Eureka environment value eureka.environment is not set, defaulting to test
2019-06-04 13:30:44.421  INFO 9368 --- [Thread-26] o.s.c.n.e.server.EurekaServerBootstrap   : isAws returned false
2019-06-04 13:30:44.421  INFO 9368 --- [Thread-26] o.s.c.n.e.server.EurekaServerBootstrap   : Initialized server context
2019-06-04 13:30:44.421  INFO 9368 --- [Thread-26] c.n.e.r.PeerAwareInstanceRegistryImpl    : Got 1 instances from neighboring DS node
2019-06-04 13:30:44.421  INFO 9368 --- [Thread-26] c.n.e.r.PeerAwareInstanceRegistryImpl    : Renew threshold is: 1
2019-06-04 13:30:44.421  INFO 9368 --- [Thread-26] c.n.e.r.PeerAwareInstanceRegistryImpl    : Changing status to UP
2019-06-04 13:30:44.427  INFO 9368 --- [Thread-26] e.s.EurekaServerInitializerConfiguration : Started Eureka Server
2019-06-04 13:30:44.435  INFO 9368 --- [main] o.s.b.w.embedded.tomcat.TomcatWebServer  : Tomcat started on port(s): 8881 (http) with context path ''
2019-06-04 13:30:44.436  INFO 9368 --- [main] com.test.register.RegisterApplication    : Started RegisterApplication in 7.235 seconds (JVM running for 7.795)
2019-06-04 13:30:44.912  INFO 9368 --- [RMI TCP Connection(2)-127.0.0.1] o.a.c.c.C.[Tomcat].[localhost].[/]       : Initializing Spring DispatcherServlet 'dispatcherServlet'
2019-06-04 13:30:44.912  INFO 9368 --- [RMI TCP Connection(2)-127.0.0.1] o.s.web.servlet.DispatcherServlet        : Initializing Servlet 'dispatcherServlet'
2019-06-04 13:30:44.916  INFO 9368 --- [RMI TCP Connection(2)-127.0.0.1] o.s.web.servlet.DispatcherServlet        : Completed initialization in 4 ms
2019-06-04 13:31:44.423  INFO 9368 --- [Eureka-EvictionTimer] c.n.e.registry.AbstractInstanceRegistry  : Running the evict task with compensationTime 0ms
2019-06-04 13:32:44.425  INFO 9368 --- [Eureka-EvictionTimer] c.n.e.registry.AbstractInstanceRegistry  : Running the evict task with compensationTime 0ms
2019-06-04 13:33:44.426  INFO 9368 --- [Eureka-EvictionTimer] c.n.e.registry.AbstractInstanceRegistry  : Running the evict task with compensationTime 0ms
2019-06-04 13:34:44.428  INFO 9368 --- [Eureka-EvictionTimer] c.n.e.registry.AbstractInstanceRegistry  : Running the evict task with compensationTime 0ms
2019-06-04 13:35:44.429  INFO 9368 --- [Eureka-EvictionTimer] c.n.e.registry.AbstractInstanceRegistry  : Running the evict task with compensationTime 0ms
2019-06-04 13:36:44.431  INFO 9368 --- [Eureka-EvictionTimer] c.n.e.registry.AbstractInstanceRegistry  : Running the evict task with compensationTime 0ms
2019-06-04 13:37:44.432  INFO 9368 --- [Eureka-EvictionTimer] c.n.e.registry.AbstractInstanceRegistry  : Running the evict task with compensationTime 0ms
2019-06-04 13:38:44.433  INFO 9368 --- [Eureka-EvictionTimer] c.n.e.registry.AbstractInstanceRegistry  : Running the evict task with compensationTime 0ms
2019-06-04 13:39:44.435  INFO 9368 --- [Eureka-EvictionTimer] c.n.e.registry.AbstractInstanceRegistry  : Running the evict task with compensationTime 0ms
2019-06-04 13:40:44.350  WARN 9368 --- [Eureka-PeerNodesUpdater] c.n.eureka.cluster.PeerEurekaNodes       : The replica size seems to be empty. Check the route 53 DNS Registry
2019-06-04 13:40:44.437  INFO 9368 --- [Eureka-EvictionTimer] c.n.e.registry.AbstractInstanceRegistry  : Running the evict task with compensationTime 0ms
2019-06-04 13:41:44.438  INFO 9368 --- [Eureka-EvictionTimer] c.n.e.registry.AbstractInstanceRegistry  : Running the evict task with compensationTime 0ms
2019-06-04 13:42:44.440  INFO 9368 --- [Eureka-EvictionTimer] c.n.e.registry.AbstractInstanceRegistry  : Running the evict task with compensationTime 0ms
2019-06-04 13:43:44.442  INFO 9368 --- [Eureka-EvictionTimer] c.n.e.registry.AbstractInstanceRegistry  : Running the evict task with compensationTime 0ms
2019-06-04 13:44:44.443  INFO 9368 --- [Eureka-EvictionTimer] c.n.e.registry.AbstractInstanceRegistry  : Running the evict task with compensationTime 0ms
2019-06-04 13:45:44.356  INFO 9368 --- [ReplicaAwareInstanceRegistry - RenewalThresholdUpdater] c.n.e.r.PeerAwareInstanceRegistryImpl    : Current renewal threshold is : 1
2019-06-04 13:45:44.445  INFO 9368 --- [Eureka-EvictionTimer] c.n.e.registry.AbstractInstanceRegistry  : Running the evict task with compensationTime 0ms
2019-06-04 13:45:52.613  INFO 9368 --- [http-nio-8881-exec-7] c.n.e.registry.AbstractInstanceRegistry  : Registered instance CONFIG-CENTER/config-center:1092550928 with status UP (replication=false)
2019-06-04 13:46:44.446  INFO 9368 --- [Eureka-EvictionTimer] c.n.e.registry.AbstractInstanceRegistry  : Running the evict task with compensationTime 0ms
2019-06-04 13:47:44.448  INFO 9368 --- [Eureka-EvictionTimer] c.n.e.registry.AbstractInstanceRegistry  : Running the evict task with compensationTime 0ms
2019-06-04 13:48:44.449  INFO 9368 --- [Eureka-EvictionTimer] c.n.e.registry.AbstractInstanceRegistry  : Running the evict task with compensationTime 0ms
2019-06-04 13:49:44.451  INFO 9368 --- [Eureka-EvictionTimer] c.n.e.registry.AbstractInstanceRegistry  : Running the evict task with compensationTime 0ms
2019-06-04 13:50:44.351  WARN 9368 --- [Eureka-PeerNodesUpdater] c.n.eureka.cluster.PeerEurekaNodes       : The replica size seems to be empty. Check the route 53 DNS Registry
2019-06-04 13:50:44.452  INFO 9368 --- [Eureka-EvictionTimer] c.n.e.registry.AbstractInstanceRegistry  : Running the evict task with compensationTime 0ms
2019-06-04 13:51:44.454  INFO 9368 --- [Eureka-EvictionTimer] c.n.e.registry.AbstractInstanceRegistry  : Running the evict task with compensationTime 0ms
2019-06-04 13:52:44.455  INFO 9368 --- [Eureka-EvictionTimer] c.n.e.registry.AbstractInstanceRegistry  : Running the evict task with compensationTime 0ms
2019-06-04 13:53:44.456  INFO 9368 --- [Eureka-EvictionTimer] c.n.e.registry.AbstractInstanceRegistry  : Running the evict task with compensationTime 0ms
2019-06-04 13:54:44.458  INFO 9368 --- [Eureka-EvictionTimer] c.n.e.registry.AbstractInstanceRegistry  : Running the evict task with compensationTime 0ms
2019-06-04 13:55:44.459  INFO 9368 --- [Eureka-EvictionTimer] c.n.e.registry.AbstractInstanceRegistry  : Running the evict task with compensationTime 0ms
2019-06-04 13:56:44.461  INFO 9368 --- [Eureka-EvictionTimer] c.n.e.registry.AbstractInstanceRegistry  : Running the evict task with compensationTime 0ms
2019-06-04 13:57:44.463  INFO 9368 --- [Eureka-EvictionTimer] c.n.e.registry.AbstractInstanceRegistry  : Running the evict task with compensationTime 0ms
2019-06-04 13:58:44.464  INFO 9368 --- [Eureka-EvictionTimer] c.n.e.registry.AbstractInstanceRegistry  : Running the evict task with compensationTime 0ms
2019-06-04 13:59:44.466  INFO 9368 --- [Eureka-EvictionTimer] c.n.e.registry.AbstractInstanceRegistry  : Running the evict task with compensationTime 0ms
2019-06-04 14:00:44.352  WARN 9368 --- [Eureka-PeerNodesUpdater] c.n.eureka.cluster.PeerEurekaNodes       : The replica size seems to be empty. Check the route 53 DNS Registry
2019-06-04 14:00:44.356  INFO 9368 --- [ReplicaAwareInstanceRegistry - RenewalThresholdUpdater] c.n.e.r.PeerAwareInstanceRegistryImpl    : Current renewal threshold is : 3
2019-06-04 14:00:44.467  INFO 9368 --- [Eureka-EvictionTimer] c.n.e.registry.AbstractInstanceRegistry  : Running the evict task with compensationTime 0ms
2019-06-04 14:01:44.468  INFO 9368 --- [Eureka-EvictionTimer] c.n.e.registry.AbstractInstanceRegistry  : Running the evict task with compensationTime 0ms
2019-06-04 14:02:44.470  INFO 9368 --- [Eureka-EvictionTimer] c.n.e.registry.AbstractInstanceRegistry  : Running the evict task with compensationTime 0ms
2019-06-04 14:03:44.471  INFO 9368 --- [Eureka-EvictionTimer] c.n.e.registry.AbstractInstanceRegistry  : Running the evict task with compensationTime 0ms
2019-06-04 14:04:44.473  INFO 9368 --- [Eureka-EvictionTimer] c.n.e.registry.AbstractInstanceRegistry  : Running the evict task with compensationTime 0ms
2019-06-04 14:05:44.474  INFO 9368 --- [Eureka-EvictionTimer] c.n.e.registry.AbstractInstanceRegistry  : Running the evict task with compensationTime 0ms
2019-06-04 14:06:44.476  INFO 9368 --- [Eureka-EvictionTimer] c.n.e.registry.AbstractInstanceRegistry  : Running the evict task with compensationTime 0ms
2019-06-04 14:07:44.477  INFO 9368 --- [Eureka-EvictionTimer] c.n.e.registry.AbstractInstanceRegistry  : Running the evict task with compensationTime 0ms
2019-06-04 14:08:44.479  INFO 9368 --- [Eureka-EvictionTimer] c.n.e.registry.AbstractInstanceRegistry  : Running the evict task with compensationTime 0ms
2019-06-04 14:09:44.480  INFO 9368 --- [Eureka-EvictionTimer] c.n.e.registry.AbstractInstanceRegistry  : Running the evict task with compensationTime 0ms
2019-06-04 14:10:44.353  WARN 9368 --- [Eureka-PeerNodesUpdater] c.n.eureka.cluster.PeerEurekaNodes       : The replica size seems to be empty. Check the route 53 DNS Registry
2019-06-04 14:10:44.482  INFO 9368 --- [Eureka-EvictionTimer] c.n.e.registry.AbstractInstanceRegistry  : Running the evict task with compensationTime 0ms
2019-06-04 14:11:44.483  INFO 9368 --- [Eureka-EvictionTimer] c.n.e.registry.AbstractInstanceRegistry  : Running the evict task with compensationTime 0ms
2019-06-04 14:12:44.485  INFO 9368 --- [Eureka-EvictionTimer] c.n.e.registry.AbstractInstanceRegistry  : Running the evict task with compensationTime 0ms
2019-06-04 14:13:44.486  INFO 9368 --- [Eureka-EvictionTimer] c.n.e.registry.AbstractInstanceRegistry  : Running the evict task with compensationTime 0ms
2019-06-04 14:14:44.488  INFO 9368 --- [Eureka-EvictionTimer] c.n.e.registry.AbstractInstanceRegistry  : Running the evict task with compensationTime 0ms
2019-06-04 14:15:44.357  INFO 9368 --- [ReplicaAwareInstanceRegistry - RenewalThresholdUpdater] c.n.e.r.PeerAwareInstanceRegistryImpl    : Current renewal threshold is : 3
2019-06-04 14:15:44.489  INFO 9368 --- [Eureka-EvictionTimer] c.n.e.registry.AbstractInstanceRegistry  : Running the evict task with compensationTime 0ms
2019-06-04 14:16:44.491  INFO 9368 --- [Eureka-EvictionTimer] c.n.e.registry.AbstractInstanceRegistry  : Running the evict task with compensationTime 0ms
2019-06-04 14:17:44.492  INFO 9368 --- [Eureka-EvictionTimer] c.n.e.registry.AbstractInstanceRegistry  : Running the evict task with compensationTime 0ms
2019-06-04 14:18:44.494  INFO 9368 --- [Eureka-EvictionTimer] c.n.e.registry.AbstractInstanceRegistry  : Running the evict task with compensationTime 0ms
2019-06-04 14:19:44.495  INFO 9368 --- [Eureka-EvictionTimer] c.n.e.registry.AbstractInstanceRegistry  : Running the evict task with compensationTime 0ms
2019-06-04 14:20:44.355  WARN 9368 --- [Eureka-PeerNodesUpdater] c.n.eureka.cluster.PeerEurekaNodes       : The replica size seems to be empty. Check the route 53 DNS Registry
2019-06-04 14:20:44.497  INFO 9368 --- [Eureka-EvictionTimer] c.n.e.registry.AbstractInstanceRegistry  : Running the evict task with compensationTime 0ms
2019-06-04 14:21:44.498  INFO 9368 --- [Eureka-EvictionTimer] c.n.e.registry.AbstractInstanceRegistry  : Running the evict task with compensationTime 0ms
2019-06-04 14:22:44.500  INFO 9368 --- [Eureka-EvictionTimer] c.n.e.registry.AbstractInstanceRegistry  : Running the evict task with compensationTime 0ms
2019-06-04 14:23:44.501  INFO 9368 --- [Eureka-EvictionTimer] c.n.e.registry.AbstractInstanceRegistry  : Running the evict task with compensationTime 0ms
2019-06-04 14:24:44.503  INFO 9368 --- [Eureka-EvictionTimer] c.n.e.registry.AbstractInstanceRegistry  : Running the evict task with compensationTime 0ms
2019-06-04 14:25:44.504  INFO 9368 --- [Eureka-EvictionTimer] c.n.e.registry.AbstractInstanceRegistry  : Running the evict task with compensationTime 0ms
