2019-06-04 15:27:55.512  INFO [security-center,,,] 19648 --- [main] s.c.a.AnnotationConfigApplicationContext : Refreshing org.springframework.context.annotation.AnnotationConfigApplicationContext@c333c60: startup date [Tue Jun 04 15:27:55 CST 2019]; root of context hierarchy
2019-06-04 15:27:55.661  INFO [security-center,,,] 19648 --- [main] f.a.AutowiredAnnotationBeanPostProcessor : JSR-330 'javax.inject.Inject' annotation found and supported for autowiring
2019-06-04 15:27:55.677  INFO [security-center,,,] 19648 --- [main] trationDelegate$BeanPostProcessorChecker : Bean 'configurationPropertiesRebinderAutoConfiguration' of type [org.springframework.cloud.autoconfigure.ConfigurationPropertiesRebinderAutoConfiguration$$EnhancerBySpringCGLIB$$44bef5c5] is not eligible for getting processed by all BeanPostProcessors (for example: not eligible for auto-proxying)
2019-06-04 15:27:56.942  INFO [security-center,,,] 19648 --- [main] o.s.cloud.commons.util.InetUtils         : Cannot determine local hostname
2019-06-04 15:27:56.965  INFO [security-center,,,] 19648 --- [main] o.s.c.n.eureka.InstanceInfoFactory       : Setting initial instance status as: STARTING
2019-06-04 15:27:56.996  INFO [security-center,,,] 19648 --- [main] com.netflix.discovery.DiscoveryClient    : Initializing Eureka in region us-east-1
2019-06-04 15:27:57.256  INFO [security-center,,,] 19648 --- [main] c.n.d.provider.DiscoveryJerseyProvider   : Using JSON encoding codec LegacyJacksonJson
2019-06-04 15:27:57.256  INFO [security-center,,,] 19648 --- [main] c.n.d.provider.DiscoveryJerseyProvider   : Using JSON decoding codec LegacyJacksonJson
2019-06-04 15:27:57.320  INFO [security-center,,,] 19648 --- [main] c.n.d.provider.DiscoveryJerseyProvider   : Using XML encoding codec XStreamXml
2019-06-04 15:27:57.320  INFO [security-center,,,] 19648 --- [main] c.n.d.provider.DiscoveryJerseyProvider   : Using XML decoding codec XStreamXml
2019-06-04 15:27:57.413  INFO [security-center,,,] 19648 --- [main] c.n.d.s.r.aws.ConfigClusterResolver      : Resolving eureka endpoints via configuration
2019-06-04 15:27:57.560  INFO [security-center,,,] 19648 --- [main] com.netflix.discovery.DiscoveryClient    : Disable delta property : false
2019-06-04 15:27:57.560  INFO [security-center,,,] 19648 --- [main] com.netflix.discovery.DiscoveryClient    : Single vip registry refresh property : null
2019-06-04 15:27:57.560  INFO [security-center,,,] 19648 --- [main] com.netflix.discovery.DiscoveryClient    : Force full registry fetch : false
2019-06-04 15:27:57.560  INFO [security-center,,,] 19648 --- [main] com.netflix.discovery.DiscoveryClient    : Application is null : false
2019-06-04 15:27:57.560  INFO [security-center,,,] 19648 --- [main] com.netflix.discovery.DiscoveryClient    : Registered Applications size is zero : true
2019-06-04 15:27:57.560  INFO [security-center,,,] 19648 --- [main] com.netflix.discovery.DiscoveryClient    : Application version is -1: true
2019-06-04 15:27:57.560  INFO [security-center,,,] 19648 --- [main] com.netflix.discovery.DiscoveryClient    : Getting all instance registry info from the eureka server
2019-06-04 15:27:57.647  INFO [security-center,,,] 19648 --- [main] com.netflix.discovery.DiscoveryClient    : The response status is 200
2019-06-04 15:27:57.648  INFO [security-center,,,] 19648 --- [main] com.netflix.discovery.DiscoveryClient    : Not registering with Eureka server per configuration
2019-06-04 15:27:57.650  INFO [security-center,,,] 19648 --- [main] com.netflix.discovery.DiscoveryClient    : Discovery Client initialized at timestamp 1559633277650 with initial instances count: 2
2019-06-04 15:27:58.929  INFO [security-center,,,] 19648 --- [main] c.c.c.ConfigServicePropertySourceLocator : Fetching config from server at : http://192.168.131.1:8991/
2019-06-04 15:28:00.168  INFO [security-center,,,] 19648 --- [main] c.c.c.ConfigServicePropertySourceLocator : Located environment: name=security-center, profiles=[dev], label=null, version=null, state=null
2019-06-04 15:28:00.168  INFO [security-center,,,] 19648 --- [main] b.c.PropertySourceBootstrapConfiguration : Located property source: CompositePropertySource {name='configService', propertySources=[]}
2019-06-04 15:28:00.189  INFO [security-center,,,] 19648 --- [main] c.t.s.SecurityCenterApplication          : No active profile set, falling back to default profiles: default
2019-06-04 15:28:00.194  INFO [security-center,,,] 19648 --- [main] ConfigServletWebServerApplicationContext : Refreshing org.springframework.boot.web.servlet.context.AnnotationConfigServletWebServerApplicationContext@2e140e59: startup date [Tue Jun 04 15:28:00 CST 2019]; parent: org.springframework.context.annotation.AnnotationConfigApplicationContext@c333c60
2019-06-04 15:28:00.735  INFO [security-center,,,] 19648 --- [main] o.s.cloud.context.scope.GenericScope     : BeanFactory id=3322c63f-0ab1-3a77-874b-b03539e2513f
2019-06-04 15:28:00.747  INFO [security-center,,,] 19648 --- [main] f.a.AutowiredAnnotationBeanPostProcessor : JSR-330 'javax.inject.Inject' annotation found and supported for autowiring
2019-06-04 15:28:00.890  INFO [security-center,,,] 19648 --- [main] trationDelegate$BeanPostProcessorChecker : Bean 'org.springframework.cloud.autoconfigure.ConfigurationPropertiesRebinderAutoConfiguration' of type [org.springframework.cloud.autoconfigure.ConfigurationPropertiesRebinderAutoConfiguration$$EnhancerBySpringCGLIB$$44bef5c5] is not eligible for getting processed by all BeanPostProcessors (for example: not eligible for auto-proxying)
2019-06-04 15:28:01.143  INFO [security-center,,,] 19648 --- [main] o.s.b.w.embedded.tomcat.TomcatWebServer  : Tomcat initialized with port(s): 8993 (http)
2019-06-04 15:28:01.155  INFO [security-center,,,] 19648 --- [main] o.apache.catalina.core.StandardService   : Starting service [Tomcat]
2019-06-04 15:28:01.155  INFO [security-center,,,] 19648 --- [main] org.apache.catalina.core.StandardEngine  : Starting Servlet Engine: Apache Tomcat/8.5.34
2019-06-04 15:28:01.158  INFO [security-center,,,] 19648 --- [localhost-startStop-1] o.a.catalina.core.AprLifecycleListener   : The APR based Apache Tomcat Native library which allows optimal performance in production environments was not found on the java.library.path: [C:\Program Files\Java\jdk1.8.0_192\bin;C:\Windows\Sun\Java\bin;C:\Windows\system32;C:\Windows;C:\Program Files (x86)\NetSarang\Xshell 6\;G:\ftp\;C:\Program Files (x86)\Common Files\Oracle\Java\javapath;C:\Program Files (x86)\Intel\Intel(R) Management Engine Components\iCLS\;C:\Program Files\Intel\Intel(R) Management Engine Components\iCLS\;C:\Windows\system32;C:\Windows;C:\Windows\System32\Wbem;C:\Windows\System32\WindowsPowerShell\v1.0\;C:\Windows\System32\OpenSSH\;C:\Program Files (x86)\Intel\Intel(R) Management Engine Components\DAL;C:\Program Files\Intel\Intel(R) Management Engine Components\DAL;%MAVEN_HOME%\bin;C:\Program Files (x86)\NVIDIA Corporation\PhysX\Common;C:\Program Files\NVIDIA Corporation\NVIDIA NvDLISR;G:\git\Git\cmd;D:\nodejs\;C:\Users\dell\AppData\Local\Microsoft\WindowsApps;;G:\IDEA\IntelliJ IDEA 2018.3.2\bin;;D:\vscode\Microsoft VS Code\bin;C:\Users\dell\AppData\Roaming\npm;.]
2019-06-04 15:28:01.243  INFO [security-center,,,] 19648 --- [localhost-startStop-1] o.a.c.c.C.[Tomcat].[localhost].[/]       : Initializing Spring embedded WebApplicationContext
2019-06-04 15:28:01.243  INFO [security-center,,,] 19648 --- [localhost-startStop-1] o.s.web.context.ContextLoader            : Root WebApplicationContext: initialization completed in 1049 ms
2019-06-04 15:28:01.369  WARN [security-center,,,] 19648 --- [localhost-startStop-1] c.n.c.sources.URLConfigurationSource     : No URLs will be polled as dynamic configuration sources.
2019-06-04 15:28:01.369  INFO [security-center,,,] 19648 --- [localhost-startStop-1] c.n.c.sources.URLConfigurationSource     : To enable URLs as dynamic configuration sources, define System property archaius.configurationSource.additionalUrls or make config.properties available on classpath.
2019-06-04 15:28:01.374  INFO [security-center,,,] 19648 --- [localhost-startStop-1] c.netflix.config.DynamicPropertyFactory  : DynamicPropertyFactory is initialized with configuration sources: com.netflix.config.ConcurrentCompositeConfiguration@4b232610
2019-06-04 15:28:02.598  INFO [security-center,,,] 19648 --- [localhost-startStop-1] o.s.b.w.servlet.FilterRegistrationBean   : Mapping filter: 'characterEncodingFilter' to: [/*]
2019-06-04 15:28:02.598  INFO [security-center,,,] 19648 --- [localhost-startStop-1] o.s.b.w.servlet.FilterRegistrationBean   : Mapping filter: 'webMvcMetricsFilter' to: [/*]
2019-06-04 15:28:02.598  INFO [security-center,,,] 19648 --- [localhost-startStop-1] o.s.b.w.servlet.FilterRegistrationBean   : Mapping filter: 'tracingFilter' to: [/*]
2019-06-04 15:28:02.598  INFO [security-center,,,] 19648 --- [localhost-startStop-1] o.s.b.w.servlet.FilterRegistrationBean   : Mapping filter: 'exceptionLoggingFilter' to: [/*]
2019-06-04 15:28:02.598  INFO [security-center,,,] 19648 --- [localhost-startStop-1] o.s.b.w.servlet.FilterRegistrationBean   : Mapping filter: 'hiddenHttpMethodFilter' to: [/*]
2019-06-04 15:28:02.598  INFO [security-center,,,] 19648 --- [localhost-startStop-1] o.s.b.w.servlet.FilterRegistrationBean   : Mapping filter: 'httpPutFormContentFilter' to: [/*]
2019-06-04 15:28:02.598  INFO [security-center,,,] 19648 --- [localhost-startStop-1] o.s.b.w.servlet.FilterRegistrationBean   : Mapping filter: 'requestContextFilter' to: [/*]
2019-06-04 15:28:02.598  INFO [security-center,,,] 19648 --- [localhost-startStop-1] o.s.b.w.servlet.FilterRegistrationBean   : Mapping filter: 'httpTraceFilter' to: [/*]
2019-06-04 15:28:02.598  INFO [security-center,,,] 19648 --- [localhost-startStop-1] o.s.b.w.servlet.ServletRegistrationBean  : Servlet dispatcherServlet mapped to [/]
2019-06-04 15:28:02.635  WARN [security-center,,,] 19648 --- [main] c.n.c.sources.URLConfigurationSource     : No URLs will be polled as dynamic configuration sources.
2019-06-04 15:28:02.635  INFO [security-center,,,] 19648 --- [main] c.n.c.sources.URLConfigurationSource     : To enable URLs as dynamic configuration sources, define System property archaius.configurationSource.additionalUrls or make config.properties available on classpath.
2019-06-04 15:28:02.705  INFO [security-center,,,] 19648 --- [main] o.s.w.s.handler.SimpleUrlHandlerMapping  : Mapped URL path [/**/favicon.ico] onto handler of type [class org.springframework.web.servlet.resource.ResourceHttpRequestHandler]
2019-06-04 15:28:02.873  INFO [security-center,,,] 19648 --- [main] s.w.s.m.m.a.RequestMappingHandlerAdapter : Looking for @ControllerAdvice: org.springframework.boot.web.servlet.context.AnnotationConfigServletWebServerApplicationContext@2e140e59: startup date [Tue Jun 04 15:28:00 CST 2019]; parent: org.springframework.context.annotation.AnnotationConfigApplicationContext@c333c60
2019-06-04 15:28:02.928  INFO [security-center,,,] 19648 --- [main] s.w.s.m.m.a.RequestMappingHandlerMapping : Mapped "{[/error]}" onto public org.springframework.http.ResponseEntity<java.util.Map<java.lang.String, java.lang.Object>> org.springframework.boot.autoconfigure.web.servlet.error.BasicErrorController.error(javax.servlet.http.HttpServletRequest)
2019-06-04 15:28:02.928  INFO [security-center,,,] 19648 --- [main] s.w.s.m.m.a.RequestMappingHandlerMapping : Mapped "{[/error],produces=[text/html]}" onto public org.springframework.web.servlet.ModelAndView org.springframework.boot.autoconfigure.web.servlet.error.BasicErrorController.errorHtml(javax.servlet.http.HttpServletRequest,javax.servlet.http.HttpServletResponse)
2019-06-04 15:28:02.957  INFO [security-center,,,] 19648 --- [main] o.s.w.s.handler.SimpleUrlHandlerMapping  : Mapped URL path [/webjars/**] onto handler of type [class org.springframework.web.servlet.resource.ResourceHttpRequestHandler]
2019-06-04 15:28:02.957  INFO [security-center,,,] 19648 --- [main] o.s.w.s.handler.SimpleUrlHandlerMapping  : Mapped URL path [/**] onto handler of type [class org.springframework.web.servlet.resource.ResourceHttpRequestHandler]
2019-06-04 15:28:03.552  INFO [security-center,,,] 19648 --- [main] com.netflix.discovery.DiscoveryClient    : Shutting down DiscoveryClient ...
2019-06-04 15:28:03.556  INFO [security-center,,,] 19648 --- [main] com.netflix.discovery.DiscoveryClient    : Completed shut down of DiscoveryClient
2019-06-04 15:28:03.634  INFO [security-center,,,] 19648 --- [main] o.s.b.a.e.web.EndpointLinksResolver      : Exposing 19 endpoint(s) beneath base path '/actuator'
2019-06-04 15:28:03.640  INFO [security-center,,,] 19648 --- [main] s.b.a.e.w.s.WebMvcEndpointHandlerMapping : Mapped "{[/actuator/archaius],methods=[GET],produces=[application/vnd.spring-boot.actuator.v2+json || application/json]}" onto public java.lang.Object org.springframework.boot.actuate.endpoint.web.servlet.AbstractWebMvcEndpointHandlerMapping$OperationHandler.handle(javax.servlet.http.HttpServletRequest,java.util.Map<java.lang.String, java.lang.String>)
2019-06-04 15:28:03.641  INFO [security-center,,,] 19648 --- [main] s.b.a.e.w.s.WebMvcEndpointHandlerMapping : Mapped "{[/actuator/auditevents],methods=[GET],produces=[application/vnd.spring-boot.actuator.v2+json || application/json]}" onto public java.lang.Object org.springframework.boot.actuate.endpoint.web.servlet.AbstractWebMvcEndpointHandlerMapping$OperationHandler.handle(javax.servlet.http.HttpServletRequest,java.util.Map<java.lang.String, java.lang.String>)
2019-06-04 15:28:03.641  INFO [security-center,,,] 19648 --- [main] s.b.a.e.w.s.WebMvcEndpointHandlerMapping : Mapped "{[/actuator/beans],methods=[GET],produces=[application/vnd.spring-boot.actuator.v2+json || application/json]}" onto public java.lang.Object org.springframework.boot.actuate.endpoint.web.servlet.AbstractWebMvcEndpointHandlerMapping$OperationHandler.handle(javax.servlet.http.HttpServletRequest,java.util.Map<java.lang.String, java.lang.String>)
2019-06-04 15:28:03.641  INFO [security-center,,,] 19648 --- [main] s.b.a.e.w.s.WebMvcEndpointHandlerMapping : Mapped "{[/actuator/health],methods=[GET],produces=[application/vnd.spring-boot.actuator.v2+json || application/json]}" onto public java.lang.Object org.springframework.boot.actuate.endpoint.web.servlet.AbstractWebMvcEndpointHandlerMapping$OperationHandler.handle(javax.servlet.http.HttpServletRequest,java.util.Map<java.lang.String, java.lang.String>)
2019-06-04 15:28:03.642  INFO [security-center,,,] 19648 --- [main] s.b.a.e.w.s.WebMvcEndpointHandlerMapping : Mapped "{[/actuator/conditions],methods=[GET],produces=[application/vnd.spring-boot.actuator.v2+json || application/json]}" onto public java.lang.Object org.springframework.boot.actuate.endpoint.web.servlet.AbstractWebMvcEndpointHandlerMapping$OperationHandler.handle(javax.servlet.http.HttpServletRequest,java.util.Map<java.lang.String, java.lang.String>)
2019-06-04 15:28:03.642  INFO [security-center,,,] 19648 --- [main] s.b.a.e.w.s.WebMvcEndpointHandlerMapping : Mapped "{[/actuator/configprops],methods=[GET],produces=[application/vnd.spring-boot.actuator.v2+json || application/json]}" onto public java.lang.Object org.springframework.boot.actuate.endpoint.web.servlet.AbstractWebMvcEndpointHandlerMapping$OperationHandler.handle(javax.servlet.http.HttpServletRequest,java.util.Map<java.lang.String, java.lang.String>)
2019-06-04 15:28:03.642  INFO [security-center,,,] 19648 --- [main] s.b.a.e.w.s.WebMvcEndpointHandlerMapping : Mapped "{[/actuator/env],methods=[GET],produces=[application/vnd.spring-boot.actuator.v2+json || application/json]}" onto public java.lang.Object org.springframework.boot.actuate.endpoint.web.servlet.AbstractWebMvcEndpointHandlerMapping$OperationHandler.handle(javax.servlet.http.HttpServletRequest,java.util.Map<java.lang.String, java.lang.String>)
2019-06-04 15:28:03.642  INFO [security-center,,,] 19648 --- [main] s.b.a.e.w.s.WebMvcEndpointHandlerMapping : Mapped "{[/actuator/env/{toMatch}],methods=[GET],produces=[application/vnd.spring-boot.actuator.v2+json || application/json]}" onto public java.lang.Object org.springframework.boot.actuate.endpoint.web.servlet.AbstractWebMvcEndpointHandlerMapping$OperationHandler.handle(javax.servlet.http.HttpServletRequest,java.util.Map<java.lang.String, java.lang.String>)
2019-06-04 15:28:03.642  INFO [security-center,,,] 19648 --- [main] s.b.a.e.w.s.WebMvcEndpointHandlerMapping : Mapped "{[/actuator/env],methods=[POST],consumes=[application/vnd.spring-boot.actuator.v2+json || application/json],produces=[application/vnd.spring-boot.actuator.v2+json || application/json]}" onto public java.lang.Object org.springframework.boot.actuate.endpoint.web.servlet.AbstractWebMvcEndpointHandlerMapping$OperationHandler.handle(javax.servlet.http.HttpServletRequest,java.util.Map<java.lang.String, java.lang.String>)
2019-06-04 15:28:03.643  INFO [security-center,,,] 19648 --- [main] s.b.a.e.w.s.WebMvcEndpointHandlerMapping : Mapped "{[/actuator/env],methods=[DELETE],produces=[application/vnd.spring-boot.actuator.v2+json || application/json]}" onto public java.lang.Object org.springframework.boot.actuate.endpoint.web.servlet.AbstractWebMvcEndpointHandlerMapping$OperationHandler.handle(javax.servlet.http.HttpServletRequest,java.util.Map<java.lang.String, java.lang.String>)
2019-06-04 15:28:03.643  INFO [security-center,,,] 19648 --- [main] s.b.a.e.w.s.WebMvcEndpointHandlerMapping : Mapped "{[/actuator/info],methods=[GET],produces=[application/vnd.spring-boot.actuator.v2+json || application/json]}" onto public java.lang.Object org.springframework.boot.actuate.endpoint.web.servlet.AbstractWebMvcEndpointHandlerMapping$OperationHandler.handle(javax.servlet.http.HttpServletRequest,java.util.Map<java.lang.String, java.lang.String>)
2019-06-04 15:28:03.643  INFO [security-center,,,] 19648 --- [main] s.b.a.e.w.s.WebMvcEndpointHandlerMapping : Mapped "{[/actuator/logfile],methods=[GET],produces=[application/octet-stream]}" onto public java.lang.Object org.springframework.boot.actuate.endpoint.web.servlet.AbstractWebMvcEndpointHandlerMapping$OperationHandler.handle(javax.servlet.http.HttpServletRequest,java.util.Map<java.lang.String, java.lang.String>)
2019-06-04 15:28:03.643  INFO [security-center,,,] 19648 --- [main] s.b.a.e.w.s.WebMvcEndpointHandlerMapping : Mapped "{[/actuator/loggers],methods=[GET],produces=[application/vnd.spring-boot.actuator.v2+json || application/json]}" onto public java.lang.Object org.springframework.boot.actuate.endpoint.web.servlet.AbstractWebMvcEndpointHandlerMapping$OperationHandler.handle(javax.servlet.http.HttpServletRequest,java.util.Map<java.lang.String, java.lang.String>)
2019-06-04 15:28:03.643  INFO [security-center,,,] 19648 --- [main] s.b.a.e.w.s.WebMvcEndpointHandlerMapping : Mapped "{[/actuator/loggers/{name}],methods=[POST],consumes=[application/vnd.spring-boot.actuator.v2+json || application/json]}" onto public java.lang.Object org.springframework.boot.actuate.endpoint.web.servlet.AbstractWebMvcEndpointHandlerMapping$OperationHandler.handle(javax.servlet.http.HttpServletRequest,java.util.Map<java.lang.String, java.lang.String>)
2019-06-04 15:28:03.643  INFO [security-center,,,] 19648 --- [main] s.b.a.e.w.s.WebMvcEndpointHandlerMapping : Mapped "{[/actuator/loggers/{name}],methods=[GET],produces=[application/vnd.spring-boot.actuator.v2+json || application/json]}" onto public java.lang.Object org.springframework.boot.actuate.endpoint.web.servlet.AbstractWebMvcEndpointHandlerMapping$OperationHandler.handle(javax.servlet.http.HttpServletRequest,java.util.Map<java.lang.String, java.lang.String>)
2019-06-04 15:28:03.644  INFO [security-center,,,] 19648 --- [main] s.b.a.e.w.s.WebMvcEndpointHandlerMapping : Mapped "{[/actuator/heapdump],methods=[GET],produces=[application/octet-stream]}" onto public java.lang.Object org.springframework.boot.actuate.endpoint.web.servlet.AbstractWebMvcEndpointHandlerMapping$OperationHandler.handle(javax.servlet.http.HttpServletRequest,java.util.Map<java.lang.String, java.lang.String>)
2019-06-04 15:28:03.644  INFO [security-center,,,] 19648 --- [main] s.b.a.e.w.s.WebMvcEndpointHandlerMapping : Mapped "{[/actuator/threaddump],methods=[GET],produces=[application/vnd.spring-boot.actuator.v2+json || application/json]}" onto public java.lang.Object org.springframework.boot.actuate.endpoint.web.servlet.AbstractWebMvcEndpointHandlerMapping$OperationHandler.handle(javax.servlet.http.HttpServletRequest,java.util.Map<java.lang.String, java.lang.String>)
2019-06-04 15:28:03.644  INFO [security-center,,,] 19648 --- [main] s.b.a.e.w.s.WebMvcEndpointHandlerMapping : Mapped "{[/actuator/metrics],methods=[GET],produces=[application/vnd.spring-boot.actuator.v2+json || application/json]}" onto public java.lang.Object org.springframework.boot.actuate.endpoint.web.servlet.AbstractWebMvcEndpointHandlerMapping$OperationHandler.handle(javax.servlet.http.HttpServletRequest,java.util.Map<java.lang.String, java.lang.String>)
2019-06-04 15:28:03.644  INFO [security-center,,,] 19648 --- [main] s.b.a.e.w.s.WebMvcEndpointHandlerMapping : Mapped "{[/actuator/metrics/{requiredMetricName}],methods=[GET],produces=[application/vnd.spring-boot.actuator.v2+json || application/json]}" onto public java.lang.Object org.springframework.boot.actuate.endpoint.web.servlet.AbstractWebMvcEndpointHandlerMapping$OperationHandler.handle(javax.servlet.http.HttpServletRequest,java.util.Map<java.lang.String, java.lang.String>)
2019-06-04 15:28:03.644  INFO [security-center,,,] 19648 --- [main] s.b.a.e.w.s.WebMvcEndpointHandlerMapping : Mapped "{[/actuator/scheduledtasks],methods=[GET],produces=[application/vnd.spring-boot.actuator.v2+json || application/json]}" onto public java.lang.Object org.springframework.boot.actuate.endpoint.web.servlet.AbstractWebMvcEndpointHandlerMapping$OperationHandler.handle(javax.servlet.http.HttpServletRequest,java.util.Map<java.lang.String, java.lang.String>)
2019-06-04 15:28:03.644  INFO [security-center,,,] 19648 --- [main] s.b.a.e.w.s.WebMvcEndpointHandlerMapping : Mapped "{[/actuator/httptrace],methods=[GET],produces=[application/vnd.spring-boot.actuator.v2+json || application/json]}" onto public java.lang.Object org.springframework.boot.actuate.endpoint.web.servlet.AbstractWebMvcEndpointHandlerMapping$OperationHandler.handle(javax.servlet.http.HttpServletRequest,java.util.Map<java.lang.String, java.lang.String>)
2019-06-04 15:28:03.645  INFO [security-center,,,] 19648 --- [main] s.b.a.e.w.s.WebMvcEndpointHandlerMapping : Mapped "{[/actuator/mappings],methods=[GET],produces=[application/vnd.spring-boot.actuator.v2+json || application/json]}" onto public java.lang.Object org.springframework.boot.actuate.endpoint.web.servlet.AbstractWebMvcEndpointHandlerMapping$OperationHandler.handle(javax.servlet.http.HttpServletRequest,java.util.Map<java.lang.String, java.lang.String>)
2019-06-04 15:28:03.645  INFO [security-center,,,] 19648 --- [main] s.b.a.e.w.s.WebMvcEndpointHandlerMapping : Mapped "{[/actuator/refresh],methods=[POST],produces=[application/vnd.spring-boot.actuator.v2+json || application/json]}" onto public java.lang.Object org.springframework.boot.actuate.endpoint.web.servlet.AbstractWebMvcEndpointHandlerMapping$OperationHandler.handle(javax.servlet.http.HttpServletRequest,java.util.Map<java.lang.String, java.lang.String>)
2019-06-04 15:28:03.645  INFO [security-center,,,] 19648 --- [main] s.b.a.e.w.s.WebMvcEndpointHandlerMapping : Mapped "{[/actuator/features],methods=[GET],produces=[application/vnd.spring-boot.actuator.v2+json || application/json]}" onto public java.lang.Object org.springframework.boot.actuate.endpoint.web.servlet.AbstractWebMvcEndpointHandlerMapping$OperationHandler.handle(javax.servlet.http.HttpServletRequest,java.util.Map<java.lang.String, java.lang.String>)
2019-06-04 15:28:03.645  INFO [security-center,,,] 19648 --- [main] s.b.a.e.w.s.WebMvcEndpointHandlerMapping : Mapped "{[/actuator/service-registry],methods=[GET],produces=[application/vnd.spring-boot.actuator.v2+json || application/json]}" onto public java.lang.Object org.springframework.boot.actuate.endpoint.web.servlet.AbstractWebMvcEndpointHandlerMapping$OperationHandler.handle(javax.servlet.http.HttpServletRequest,java.util.Map<java.lang.String, java.lang.String>)
2019-06-04 15:28:03.645  INFO [security-center,,,] 19648 --- [main] s.b.a.e.w.s.WebMvcEndpointHandlerMapping : Mapped "{[/actuator/service-registry],methods=[POST],consumes=[application/vnd.spring-boot.actuator.v2+json || application/json],produces=[application/vnd.spring-boot.actuator.v2+json || application/json]}" onto public java.lang.Object org.springframework.boot.actuate.endpoint.web.servlet.AbstractWebMvcEndpointHandlerMapping$OperationHandler.handle(javax.servlet.http.HttpServletRequest,java.util.Map<java.lang.String, java.lang.String>)
2019-06-04 15:28:03.646  INFO [security-center,,,] 19648 --- [main] s.b.a.e.w.s.WebMvcEndpointHandlerMapping : Mapped "{[/actuator],methods=[GET],produces=[application/vnd.spring-boot.actuator.v2+json || application/json]}" onto protected java.util.Map<java.lang.String, java.util.Map<java.lang.String, org.springframework.boot.actuate.endpoint.web.Link>> org.springframework.boot.actuate.endpoint.web.servlet.WebMvcEndpointHandlerMapping.links(javax.servlet.http.HttpServletRequest,javax.servlet.http.HttpServletResponse)
2019-06-04 15:28:03.683  INFO [security-center,,,] 19648 --- [main] o.s.j.e.a.AnnotationMBeanExporter        : Registering beans for JMX exposure on startup
2019-06-04 15:28:03.688  INFO [security-center,,,] 19648 --- [main] o.s.j.e.a.AnnotationMBeanExporter        : Bean with name 'environmentManager' has been autodetected for JMX exposure
2019-06-04 15:28:03.688  INFO [security-center,,,] 19648 --- [main] o.s.j.e.a.AnnotationMBeanExporter        : Bean with name 'refreshScope' has been autodetected for JMX exposure
2019-06-04 15:28:03.689  INFO [security-center,,,] 19648 --- [main] o.s.j.e.a.AnnotationMBeanExporter        : Bean with name 'configurationPropertiesRebinder' has been autodetected for JMX exposure
2019-06-04 15:28:03.691  INFO [security-center,,,] 19648 --- [main] o.s.j.e.a.AnnotationMBeanExporter        : Located managed bean 'environmentManager': registering with JMX server as MBean [org.springframework.cloud.context.environment:name=environmentManager,type=EnvironmentManager]
2019-06-04 15:28:03.696  INFO [security-center,,,] 19648 --- [main] o.s.j.e.a.AnnotationMBeanExporter        : Located managed bean 'refreshScope': registering with JMX server as MBean [org.springframework.cloud.context.scope.refresh:name=refreshScope,type=RefreshScope]
2019-06-04 15:28:03.701  INFO [security-center,,,] 19648 --- [main] o.s.j.e.a.AnnotationMBeanExporter        : Located managed bean 'configurationPropertiesRebinder': registering with JMX server as MBean [org.springframework.cloud.context.properties:name=configurationPropertiesRebinder,context=2e140e59,type=ConfigurationPropertiesRebinder]
2019-06-04 15:28:03.714  INFO [security-center,,,] 19648 --- [main] o.s.c.support.DefaultLifecycleProcessor  : Starting beans in phase 0
2019-06-04 15:28:03.716  INFO [security-center,,,] 19648 --- [main] o.s.c.n.eureka.InstanceInfoFactory       : Setting initial instance status as: STARTING
2019-06-04 15:28:03.721  INFO [security-center,,,] 19648 --- [main] com.netflix.discovery.DiscoveryClient    : Initializing Eureka in region us-east-1
2019-06-04 15:28:03.722  INFO [security-center,,,] 19648 --- [main] c.n.d.provider.DiscoveryJerseyProvider   : Using JSON encoding codec LegacyJacksonJson
2019-06-04 15:28:03.722  INFO [security-center,,,] 19648 --- [main] c.n.d.provider.DiscoveryJerseyProvider   : Using JSON decoding codec LegacyJacksonJson
2019-06-04 15:28:03.722  INFO [security-center,,,] 19648 --- [main] c.n.d.provider.DiscoveryJerseyProvider   : Using XML encoding codec XStreamXml
2019-06-04 15:28:03.722  INFO [security-center,,,] 19648 --- [main] c.n.d.provider.DiscoveryJerseyProvider   : Using XML decoding codec XStreamXml
2019-06-04 15:28:03.752  INFO [security-center,,,] 19648 --- [main] c.n.d.s.r.aws.ConfigClusterResolver      : Resolving eureka endpoints via configuration
2019-06-04 15:28:03.753  INFO [security-center,,,] 19648 --- [main] com.netflix.discovery.DiscoveryClient    : Disable delta property : false
2019-06-04 15:28:03.753  INFO [security-center,,,] 19648 --- [main] com.netflix.discovery.DiscoveryClient    : Single vip registry refresh property : null
2019-06-04 15:28:03.753  INFO [security-center,,,] 19648 --- [main] com.netflix.discovery.DiscoveryClient    : Force full registry fetch : false
2019-06-04 15:28:03.753  INFO [security-center,,,] 19648 --- [main] com.netflix.discovery.DiscoveryClient    : Application is null : false
2019-06-04 15:28:03.753  INFO [security-center,,,] 19648 --- [main] com.netflix.discovery.DiscoveryClient    : Registered Applications size is zero : true
2019-06-04 15:28:03.753  INFO [security-center,,,] 19648 --- [main] com.netflix.discovery.DiscoveryClient    : Application version is -1: true
2019-06-04 15:28:03.753  INFO [security-center,,,] 19648 --- [main] com.netflix.discovery.DiscoveryClient    : Getting all instance registry info from the eureka server
2019-06-04 15:28:03.755  INFO [security-center,,,] 19648 --- [main] com.netflix.discovery.DiscoveryClient    : The response status is 200
2019-06-04 15:28:03.756  INFO [security-center,,,] 19648 --- [main] com.netflix.discovery.DiscoveryClient    : Starting heartbeat executor: renew interval is: 5
2019-06-04 15:28:03.757  INFO [security-center,,,] 19648 --- [main] c.n.discovery.InstanceInfoReplicator     : InstanceInfoReplicator onDemand update allowed rate per min is 4
2019-06-04 15:28:03.757  INFO [security-center,,,] 19648 --- [main] com.netflix.discovery.DiscoveryClient    : Discovery Client initialized at timestamp 1559633283757 with initial instances count: 2
2019-06-04 15:28:03.762  INFO [security-center,,,] 19648 --- [main] o.s.c.n.e.s.EurekaServiceRegistry        : Registering application security-center with eureka with status UP
2019-06-04 15:28:03.762  INFO [security-center,,,] 19648 --- [main] com.netflix.discovery.DiscoveryClient    : Saw local status change event StatusChangeEvent [timestamp=1559633283762, current=UP, previous=STARTING]
2019-06-04 15:28:03.763  INFO [security-center,,,] 19648 --- [DiscoveryClient-InstanceInfoReplicator-0] com.netflix.discovery.DiscoveryClient    : DiscoveryClient_SECURITY-CENTER/security-center:156870311: registering service...
2019-06-04 15:28:03.781  INFO [security-center,,,] 19648 --- [DiscoveryClient-InstanceInfoReplicator-0] com.netflix.discovery.DiscoveryClient    : DiscoveryClient_SECURITY-CENTER/security-center:156870311 - registration status: 204
2019-06-04 15:28:03.792  INFO [security-center,,,] 19648 --- [main] o.s.b.w.embedded.tomcat.TomcatWebServer  : Tomcat started on port(s): 8993 (http) with context path ''
2019-06-04 15:28:03.792  INFO [security-center,,,] 19648 --- [main] .s.c.n.e.s.EurekaAutoServiceRegistration : Updating port to 8993
2019-06-04 15:28:03.793  INFO [security-center,,,] 19648 --- [main] c.t.s.SecurityCenterApplication          : Started SecurityCenterApplication in 9.832 seconds (JVM running for 10.422)
2019-06-04 15:28:04.034  INFO [security-center,,,] 19648 --- [RMI TCP Connection(4)-127.0.0.1] o.a.c.c.C.[Tomcat].[localhost].[/]       : Initializing Spring FrameworkServlet 'dispatcherServlet'
2019-06-04 15:28:04.034  INFO [security-center,,,] 19648 --- [RMI TCP Connection(4)-127.0.0.1] o.s.web.servlet.DispatcherServlet        : FrameworkServlet 'dispatcherServlet': initialization started
2019-06-04 15:28:04.035  INFO [security-center,,,] 19648 --- [RMI TCP Connection(2)-127.0.0.1] c.c.c.ConfigServicePropertySourceLocator : Fetching config from server at : http://192.168.131.1:8991/
2019-06-04 15:28:04.050  INFO [security-center,,,] 19648 --- [RMI TCP Connection(4)-127.0.0.1] o.s.web.servlet.DispatcherServlet        : FrameworkServlet 'dispatcherServlet': initialization completed in 16 ms
2019-06-04 15:28:04.241  INFO [security-center,,,] 19648 --- [RMI TCP Connection(2)-127.0.0.1] c.c.c.ConfigServicePropertySourceLocator : Located environment: name=security-center, profiles=[dev], label=null, version=null, state=null
2019-06-04 15:33:03.755  INFO [security-center,,,] 19648 --- [AsyncResolver-bootstrap-executor-0] c.n.d.s.r.aws.ConfigClusterResolver      : Resolving eureka endpoints via configuration
2019-06-04 15:49:52.437  INFO [security-center,,,] 13168 --- [main] s.c.a.AnnotationConfigApplicationContext : Refreshing org.springframework.context.annotation.AnnotationConfigApplicationContext@120f102b: startup date [Tue Jun 04 15:49:52 CST 2019]; root of context hierarchy
2019-06-04 15:49:52.606  INFO [security-center,,,] 13168 --- [main] f.a.AutowiredAnnotationBeanPostProcessor : JSR-330 'javax.inject.Inject' annotation found and supported for autowiring
2019-06-04 15:49:52.628  INFO [security-center,,,] 13168 --- [main] trationDelegate$BeanPostProcessorChecker : Bean 'configurationPropertiesRebinderAutoConfiguration' of type [org.springframework.cloud.autoconfigure.ConfigurationPropertiesRebinderAutoConfiguration$$EnhancerBySpringCGLIB$$c343b92f] is not eligible for getting processed by all BeanPostProcessors (for example: not eligible for auto-proxying)
2019-06-04 15:49:53.520  INFO [security-center,,,] 13168 --- [main] o.s.c.n.eureka.InstanceInfoFactory       : Setting initial instance status as: STARTING
2019-06-04 15:49:53.552  INFO [security-center,,,] 13168 --- [main] com.netflix.discovery.DiscoveryClient    : Initializing Eureka in region us-east-1
2019-06-04 15:49:53.833  INFO [security-center,,,] 13168 --- [main] c.n.d.provider.DiscoveryJerseyProvider   : Using JSON encoding codec LegacyJacksonJson
2019-06-04 15:49:53.833  INFO [security-center,,,] 13168 --- [main] c.n.d.provider.DiscoveryJerseyProvider   : Using JSON decoding codec LegacyJacksonJson
2019-06-04 15:49:53.898  INFO [security-center,,,] 13168 --- [main] c.n.d.provider.DiscoveryJerseyProvider   : Using XML encoding codec XStreamXml
2019-06-04 15:49:53.898  INFO [security-center,,,] 13168 --- [main] c.n.d.provider.DiscoveryJerseyProvider   : Using XML decoding codec XStreamXml
2019-06-04 15:49:53.997  INFO [security-center,,,] 13168 --- [main] c.n.d.s.r.aws.ConfigClusterResolver      : Resolving eureka endpoints via configuration
2019-06-04 15:49:54.155  INFO [security-center,,,] 13168 --- [main] com.netflix.discovery.DiscoveryClient    : Disable delta property : false
2019-06-04 15:49:54.156  INFO [security-center,,,] 13168 --- [main] com.netflix.discovery.DiscoveryClient    : Single vip registry refresh property : null
2019-06-04 15:49:54.156  INFO [security-center,,,] 13168 --- [main] com.netflix.discovery.DiscoveryClient    : Force full registry fetch : false
2019-06-04 15:49:54.156  INFO [security-center,,,] 13168 --- [main] com.netflix.discovery.DiscoveryClient    : Application is null : false
2019-06-04 15:49:54.156  INFO [security-center,,,] 13168 --- [main] com.netflix.discovery.DiscoveryClient    : Registered Applications size is zero : true
2019-06-04 15:49:54.156  INFO [security-center,,,] 13168 --- [main] com.netflix.discovery.DiscoveryClient    : Application version is -1: true
2019-06-04 15:49:54.156  INFO [security-center,,,] 13168 --- [main] com.netflix.discovery.DiscoveryClient    : Getting all instance registry info from the eureka server
2019-06-04 15:49:54.247  INFO [security-center,,,] 13168 --- [main] com.netflix.discovery.DiscoveryClient    : The response status is 200
2019-06-04 15:49:54.249  INFO [security-center,,,] 13168 --- [main] com.netflix.discovery.DiscoveryClient    : Not registering with Eureka server per configuration
2019-06-04 15:49:54.251  INFO [security-center,,,] 13168 --- [main] com.netflix.discovery.DiscoveryClient    : Discovery Client initialized at timestamp 1559634594250 with initial instances count: 1
2019-06-04 15:49:54.551  INFO [security-center,,,] 13168 --- [main] c.c.c.ConfigServicePropertySourceLocator : Fetching config from server at : http://192.168.131.1:8991/
2019-06-04 15:49:55.787  INFO [security-center,,,] 13168 --- [main] c.c.c.ConfigServicePropertySourceLocator : Located environment: name=security-center, profiles=[dev], label=null, version=null, state=null
2019-06-04 15:49:55.788  INFO [security-center,,,] 13168 --- [main] b.c.PropertySourceBootstrapConfiguration : Located property source: CompositePropertySource {name='configService', propertySources=[]}
2019-06-04 15:49:55.813  INFO [security-center,,,] 13168 --- [main] c.t.s.SecurityCenterApplication          : No active profile set, falling back to default profiles: default
2019-06-04 15:49:55.819  INFO [security-center,,,] 13168 --- [main] ConfigServletWebServerApplicationContext : Refreshing org.springframework.boot.web.servlet.context.AnnotationConfigServletWebServerApplicationContext@646811d6: startup date [Tue Jun 04 15:49:55 CST 2019]; parent: org.springframework.context.annotation.AnnotationConfigApplicationContext@120f102b
2019-06-04 15:49:56.388  INFO [security-center,,,] 13168 --- [main] o.s.cloud.context.scope.GenericScope     : BeanFactory id=3322c63f-0ab1-3a77-874b-b03539e2513f
2019-06-04 15:49:56.400  INFO [security-center,,,] 13168 --- [main] f.a.AutowiredAnnotationBeanPostProcessor : JSR-330 'javax.inject.Inject' annotation found and supported for autowiring
2019-06-04 15:49:56.546  INFO [security-center,,,] 13168 --- [main] trationDelegate$BeanPostProcessorChecker : Bean 'org.springframework.cloud.autoconfigure.ConfigurationPropertiesRebinderAutoConfiguration' of type [org.springframework.cloud.autoconfigure.ConfigurationPropertiesRebinderAutoConfiguration$$EnhancerBySpringCGLIB$$c343b92f] is not eligible for getting processed by all BeanPostProcessors (for example: not eligible for auto-proxying)
2019-06-04 15:49:56.826  INFO [security-center,,,] 13168 --- [main] o.s.b.w.embedded.tomcat.TomcatWebServer  : Tomcat initialized with port(s): 8993 (http)
2019-06-04 15:49:56.838  INFO [security-center,,,] 13168 --- [main] o.apache.catalina.core.StandardService   : Starting service [Tomcat]
2019-06-04 15:49:56.839  INFO [security-center,,,] 13168 --- [main] org.apache.catalina.core.StandardEngine  : Starting Servlet Engine: Apache Tomcat/8.5.34
2019-06-04 15:49:56.841  INFO [security-center,,,] 13168 --- [localhost-startStop-1] o.a.catalina.core.AprLifecycleListener   : The APR based Apache Tomcat Native library which allows optimal performance in production environments was not found on the java.library.path: [C:\Program Files\Java\jdk1.8.0_192\bin;C:\Windows\Sun\Java\bin;C:\Windows\system32;C:\Windows;C:\Program Files (x86)\NetSarang\Xshell 6\;G:\ftp\;C:\Program Files (x86)\Common Files\Oracle\Java\javapath;C:\Program Files (x86)\Intel\Intel(R) Management Engine Components\iCLS\;C:\Program Files\Intel\Intel(R) Management Engine Components\iCLS\;C:\Windows\system32;C:\Windows;C:\Windows\System32\Wbem;C:\Windows\System32\WindowsPowerShell\v1.0\;C:\Windows\System32\OpenSSH\;C:\Program Files (x86)\Intel\Intel(R) Management Engine Components\DAL;C:\Program Files\Intel\Intel(R) Management Engine Components\DAL;%MAVEN_HOME%\bin;C:\Program Files (x86)\NVIDIA Corporation\PhysX\Common;C:\Program Files\NVIDIA Corporation\NVIDIA NvDLISR;G:\git\Git\cmd;D:\nodejs\;C:\Users\dell\AppData\Local\Microsoft\WindowsApps;;G:\IDEA\IntelliJ IDEA 2018.3.2\bin;;D:\vscode\Microsoft VS Code\bin;C:\Users\dell\AppData\Roaming\npm;.]
2019-06-04 15:49:56.931  INFO [security-center,,,] 13168 --- [localhost-startStop-1] o.a.c.c.C.[Tomcat].[localhost].[/]       : Initializing Spring embedded WebApplicationContext
2019-06-04 15:49:56.931  INFO [security-center,,,] 13168 --- [localhost-startStop-1] o.s.web.context.ContextLoader            : Root WebApplicationContext: initialization completed in 1112 ms
2019-06-04 15:49:57.076  WARN [security-center,,,] 13168 --- [localhost-startStop-1] c.n.c.sources.URLConfigurationSource     : No URLs will be polled as dynamic configuration sources.
2019-06-04 15:49:57.076  INFO [security-center,,,] 13168 --- [localhost-startStop-1] c.n.c.sources.URLConfigurationSource     : To enable URLs as dynamic configuration sources, define System property archaius.configurationSource.additionalUrls or make config.properties available on classpath.
2019-06-04 15:49:57.081  INFO [security-center,,,] 13168 --- [localhost-startStop-1] c.netflix.config.DynamicPropertyFactory  : DynamicPropertyFactory is initialized with configuration sources: com.netflix.config.ConcurrentCompositeConfiguration@6392a82f
2019-06-04 15:49:58.386  INFO [security-center,,,] 13168 --- [localhost-startStop-1] o.s.b.w.servlet.FilterRegistrationBean   : Mapping filter: 'characterEncodingFilter' to: [/*]
2019-06-04 15:49:58.386  INFO [security-center,,,] 13168 --- [localhost-startStop-1] o.s.b.w.servlet.FilterRegistrationBean   : Mapping filter: 'webMvcMetricsFilter' to: [/*]
2019-06-04 15:49:58.386  INFO [security-center,,,] 13168 --- [localhost-startStop-1] o.s.b.w.servlet.FilterRegistrationBean   : Mapping filter: 'tracingFilter' to: [/*]
2019-06-04 15:49:58.386  INFO [security-center,,,] 13168 --- [localhost-startStop-1] o.s.b.w.servlet.FilterRegistrationBean   : Mapping filter: 'exceptionLoggingFilter' to: [/*]
2019-06-04 15:49:58.386  INFO [security-center,,,] 13168 --- [localhost-startStop-1] o.s.b.w.servlet.FilterRegistrationBean   : Mapping filter: 'hiddenHttpMethodFilter' to: [/*]
2019-06-04 15:49:58.386  INFO [security-center,,,] 13168 --- [localhost-startStop-1] o.s.b.w.servlet.FilterRegistrationBean   : Mapping filter: 'httpPutFormContentFilter' to: [/*]
2019-06-04 15:49:58.387  INFO [security-center,,,] 13168 --- [localhost-startStop-1] o.s.b.w.servlet.FilterRegistrationBean   : Mapping filter: 'requestContextFilter' to: [/*]
2019-06-04 15:49:58.387  INFO [security-center,,,] 13168 --- [localhost-startStop-1] o.s.b.w.servlet.FilterRegistrationBean   : Mapping filter: 'httpTraceFilter' to: [/*]
2019-06-04 15:49:58.387  INFO [security-center,,,] 13168 --- [localhost-startStop-1] o.s.b.w.servlet.ServletRegistrationBean  : Servlet dispatcherServlet mapped to [/]
2019-06-04 15:49:58.437  WARN [security-center,,,] 13168 --- [main] c.n.c.sources.URLConfigurationSource     : No URLs will be polled as dynamic configuration sources.
2019-06-04 15:49:58.438  INFO [security-center,,,] 13168 --- [main] c.n.c.sources.URLConfigurationSource     : To enable URLs as dynamic configuration sources, define System property archaius.configurationSource.additionalUrls or make config.properties available on classpath.
2019-06-04 15:49:58.506  INFO [security-center,,,] 13168 --- [main] o.s.w.s.handler.SimpleUrlHandlerMapping  : Mapped URL path [/**/favicon.ico] onto handler of type [class org.springframework.web.servlet.resource.ResourceHttpRequestHandler]
2019-06-04 15:49:58.666  INFO [security-center,,,] 13168 --- [main] s.w.s.m.m.a.RequestMappingHandlerAdapter : Looking for @ControllerAdvice: org.springframework.boot.web.servlet.context.AnnotationConfigServletWebServerApplicationContext@646811d6: startup date [Tue Jun 04 15:49:55 CST 2019]; parent: org.springframework.context.annotation.AnnotationConfigApplicationContext@120f102b
2019-06-04 15:49:58.712  INFO [security-center,,,] 13168 --- [main] s.w.s.m.m.a.RequestMappingHandlerMapping : Mapped "{[/error]}" onto public org.springframework.http.ResponseEntity<java.util.Map<java.lang.String, java.lang.Object>> org.springframework.boot.autoconfigure.web.servlet.error.BasicErrorController.error(javax.servlet.http.HttpServletRequest)
2019-06-04 15:49:58.713  INFO [security-center,,,] 13168 --- [main] s.w.s.m.m.a.RequestMappingHandlerMapping : Mapped "{[/error],produces=[text/html]}" onto public org.springframework.web.servlet.ModelAndView org.springframework.boot.autoconfigure.web.servlet.error.BasicErrorController.errorHtml(javax.servlet.http.HttpServletRequest,javax.servlet.http.HttpServletResponse)
2019-06-04 15:49:58.744  INFO [security-center,,,] 13168 --- [main] o.s.w.s.handler.SimpleUrlHandlerMapping  : Mapped URL path [/webjars/**] onto handler of type [class org.springframework.web.servlet.resource.ResourceHttpRequestHandler]
2019-06-04 15:49:58.744  INFO [security-center,,,] 13168 --- [main] o.s.w.s.handler.SimpleUrlHandlerMapping  : Mapped URL path [/**] onto handler of type [class org.springframework.web.servlet.resource.ResourceHttpRequestHandler]
2019-06-04 15:49:59.379  INFO [security-center,,,] 13168 --- [main] com.netflix.discovery.DiscoveryClient    : Shutting down DiscoveryClient ...
2019-06-04 15:49:59.383  INFO [security-center,,,] 13168 --- [main] com.netflix.discovery.DiscoveryClient    : Completed shut down of DiscoveryClient
2019-06-04 15:49:59.467  INFO [security-center,,,] 13168 --- [main] o.s.b.a.e.web.EndpointLinksResolver      : Exposing 19 endpoint(s) beneath base path '/actuator'
2019-06-04 15:49:59.474  INFO [security-center,,,] 13168 --- [main] s.b.a.e.w.s.WebMvcEndpointHandlerMapping : Mapped "{[/actuator/archaius],methods=[GET],produces=[application/vnd.spring-boot.actuator.v2+json || application/json]}" onto public java.lang.Object org.springframework.boot.actuate.endpoint.web.servlet.AbstractWebMvcEndpointHandlerMapping$OperationHandler.handle(javax.servlet.http.HttpServletRequest,java.util.Map<java.lang.String, java.lang.String>)
2019-06-04 15:49:59.475  INFO [security-center,,,] 13168 --- [main] s.b.a.e.w.s.WebMvcEndpointHandlerMapping : Mapped "{[/actuator/auditevents],methods=[GET],produces=[application/vnd.spring-boot.actuator.v2+json || application/json]}" onto public java.lang.Object org.springframework.boot.actuate.endpoint.web.servlet.AbstractWebMvcEndpointHandlerMapping$OperationHandler.handle(javax.servlet.http.HttpServletRequest,java.util.Map<java.lang.String, java.lang.String>)
2019-06-04 15:49:59.475  INFO [security-center,,,] 13168 --- [main] s.b.a.e.w.s.WebMvcEndpointHandlerMapping : Mapped "{[/actuator/beans],methods=[GET],produces=[application/vnd.spring-boot.actuator.v2+json || application/json]}" onto public java.lang.Object org.springframework.boot.actuate.endpoint.web.servlet.AbstractWebMvcEndpointHandlerMapping$OperationHandler.handle(javax.servlet.http.HttpServletRequest,java.util.Map<java.lang.String, java.lang.String>)
2019-06-04 15:49:59.475  INFO [security-center,,,] 13168 --- [main] s.b.a.e.w.s.WebMvcEndpointHandlerMapping : Mapped "{[/actuator/health],methods=[GET],produces=[application/vnd.spring-boot.actuator.v2+json || application/json]}" onto public java.lang.Object org.springframework.boot.actuate.endpoint.web.servlet.AbstractWebMvcEndpointHandlerMapping$OperationHandler.handle(javax.servlet.http.HttpServletRequest,java.util.Map<java.lang.String, java.lang.String>)
2019-06-04 15:49:59.475  INFO [security-center,,,] 13168 --- [main] s.b.a.e.w.s.WebMvcEndpointHandlerMapping : Mapped "{[/actuator/conditions],methods=[GET],produces=[application/vnd.spring-boot.actuator.v2+json || application/json]}" onto public java.lang.Object org.springframework.boot.actuate.endpoint.web.servlet.AbstractWebMvcEndpointHandlerMapping$OperationHandler.handle(javax.servlet.http.HttpServletRequest,java.util.Map<java.lang.String, java.lang.String>)
2019-06-04 15:49:59.476  INFO [security-center,,,] 13168 --- [main] s.b.a.e.w.s.WebMvcEndpointHandlerMapping : Mapped "{[/actuator/configprops],methods=[GET],produces=[application/vnd.spring-boot.actuator.v2+json || application/json]}" onto public java.lang.Object org.springframework.boot.actuate.endpoint.web.servlet.AbstractWebMvcEndpointHandlerMapping$OperationHandler.handle(javax.servlet.http.HttpServletRequest,java.util.Map<java.lang.String, java.lang.String>)
2019-06-04 15:49:59.476  INFO [security-center,,,] 13168 --- [main] s.b.a.e.w.s.WebMvcEndpointHandlerMapping : Mapped "{[/actuator/env],methods=[GET],produces=[application/vnd.spring-boot.actuator.v2+json || application/json]}" onto public java.lang.Object org.springframework.boot.actuate.endpoint.web.servlet.AbstractWebMvcEndpointHandlerMapping$OperationHandler.handle(javax.servlet.http.HttpServletRequest,java.util.Map<java.lang.String, java.lang.String>)
2019-06-04 15:49:59.476  INFO [security-center,,,] 13168 --- [main] s.b.a.e.w.s.WebMvcEndpointHandlerMapping : Mapped "{[/actuator/env/{toMatch}],methods=[GET],produces=[application/vnd.spring-boot.actuator.v2+json || application/json]}" onto public java.lang.Object org.springframework.boot.actuate.endpoint.web.servlet.AbstractWebMvcEndpointHandlerMapping$OperationHandler.handle(javax.servlet.http.HttpServletRequest,java.util.Map<java.lang.String, java.lang.String>)
2019-06-04 15:49:59.476  INFO [security-center,,,] 13168 --- [main] s.b.a.e.w.s.WebMvcEndpointHandlerMapping : Mapped "{[/actuator/env],methods=[POST],consumes=[application/vnd.spring-boot.actuator.v2+json || application/json],produces=[application/vnd.spring-boot.actuator.v2+json || application/json]}" onto public java.lang.Object org.springframework.boot.actuate.endpoint.web.servlet.AbstractWebMvcEndpointHandlerMapping$OperationHandler.handle(javax.servlet.http.HttpServletRequest,java.util.Map<java.lang.String, java.lang.String>)
2019-06-04 15:49:59.476  INFO [security-center,,,] 13168 --- [main] s.b.a.e.w.s.WebMvcEndpointHandlerMapping : Mapped "{[/actuator/env],methods=[DELETE],produces=[application/vnd.spring-boot.actuator.v2+json || application/json]}" onto public java.lang.Object org.springframework.boot.actuate.endpoint.web.servlet.AbstractWebMvcEndpointHandlerMapping$OperationHandler.handle(javax.servlet.http.HttpServletRequest,java.util.Map<java.lang.String, java.lang.String>)
2019-06-04 15:49:59.477  INFO [security-center,,,] 13168 --- [main] s.b.a.e.w.s.WebMvcEndpointHandlerMapping : Mapped "{[/actuator/info],methods=[GET],produces=[application/vnd.spring-boot.actuator.v2+json || application/json]}" onto public java.lang.Object org.springframework.boot.actuate.endpoint.web.servlet.AbstractWebMvcEndpointHandlerMapping$OperationHandler.handle(javax.servlet.http.HttpServletRequest,java.util.Map<java.lang.String, java.lang.String>)
2019-06-04 15:49:59.477  INFO [security-center,,,] 13168 --- [main] s.b.a.e.w.s.WebMvcEndpointHandlerMapping : Mapped "{[/actuator/logfile],methods=[GET],produces=[application/octet-stream]}" onto public java.lang.Object org.springframework.boot.actuate.endpoint.web.servlet.AbstractWebMvcEndpointHandlerMapping$OperationHandler.handle(javax.servlet.http.HttpServletRequest,java.util.Map<java.lang.String, java.lang.String>)
2019-06-04 15:49:59.477  INFO [security-center,,,] 13168 --- [main] s.b.a.e.w.s.WebMvcEndpointHandlerMapping : Mapped "{[/actuator/loggers/{name}],methods=[GET],produces=[application/vnd.spring-boot.actuator.v2+json || application/json]}" onto public java.lang.Object org.springframework.boot.actuate.endpoint.web.servlet.AbstractWebMvcEndpointHandlerMapping$OperationHandler.handle(javax.servlet.http.HttpServletRequest,java.util.Map<java.lang.String, java.lang.String>)
2019-06-04 15:49:59.477  INFO [security-center,,,] 13168 --- [main] s.b.a.e.w.s.WebMvcEndpointHandlerMapping : Mapped "{[/actuator/loggers],methods=[GET],produces=[application/vnd.spring-boot.actuator.v2+json || application/json]}" onto public java.lang.Object org.springframework.boot.actuate.endpoint.web.servlet.AbstractWebMvcEndpointHandlerMapping$OperationHandler.handle(javax.servlet.http.HttpServletRequest,java.util.Map<java.lang.String, java.lang.String>)
2019-06-04 15:49:59.477  INFO [security-center,,,] 13168 --- [main] s.b.a.e.w.s.WebMvcEndpointHandlerMapping : Mapped "{[/actuator/loggers/{name}],methods=[POST],consumes=[application/vnd.spring-boot.actuator.v2+json || application/json]}" onto public java.lang.Object org.springframework.boot.actuate.endpoint.web.servlet.AbstractWebMvcEndpointHandlerMapping$OperationHandler.handle(javax.servlet.http.HttpServletRequest,java.util.Map<java.lang.String, java.lang.String>)
2019-06-04 15:49:59.477  INFO [security-center,,,] 13168 --- [main] s.b.a.e.w.s.WebMvcEndpointHandlerMapping : Mapped "{[/actuator/heapdump],methods=[GET],produces=[application/octet-stream]}" onto public java.lang.Object org.springframework.boot.actuate.endpoint.web.servlet.AbstractWebMvcEndpointHandlerMapping$OperationHandler.handle(javax.servlet.http.HttpServletRequest,java.util.Map<java.lang.String, java.lang.String>)
2019-06-04 15:49:59.477  INFO [security-center,,,] 13168 --- [main] s.b.a.e.w.s.WebMvcEndpointHandlerMapping : Mapped "{[/actuator/threaddump],methods=[GET],produces=[application/vnd.spring-boot.actuator.v2+json || application/json]}" onto public java.lang.Object org.springframework.boot.actuate.endpoint.web.servlet.AbstractWebMvcEndpointHandlerMapping$OperationHandler.handle(javax.servlet.http.HttpServletRequest,java.util.Map<java.lang.String, java.lang.String>)
2019-06-04 15:49:59.478  INFO [security-center,,,] 13168 --- [main] s.b.a.e.w.s.WebMvcEndpointHandlerMapping : Mapped "{[/actuator/metrics/{requiredMetricName}],methods=[GET],produces=[application/vnd.spring-boot.actuator.v2+json || application/json]}" onto public java.lang.Object org.springframework.boot.actuate.endpoint.web.servlet.AbstractWebMvcEndpointHandlerMapping$OperationHandler.handle(javax.servlet.http.HttpServletRequest,java.util.Map<java.lang.String, java.lang.String>)
2019-06-04 15:49:59.478  INFO [security-center,,,] 13168 --- [main] s.b.a.e.w.s.WebMvcEndpointHandlerMapping : Mapped "{[/actuator/metrics],methods=[GET],produces=[application/vnd.spring-boot.actuator.v2+json || application/json]}" onto public java.lang.Object org.springframework.boot.actuate.endpoint.web.servlet.AbstractWebMvcEndpointHandlerMapping$OperationHandler.handle(javax.servlet.http.HttpServletRequest,java.util.Map<java.lang.String, java.lang.String>)
2019-06-04 15:49:59.478  INFO [security-center,,,] 13168 --- [main] s.b.a.e.w.s.WebMvcEndpointHandlerMapping : Mapped "{[/actuator/scheduledtasks],methods=[GET],produces=[application/vnd.spring-boot.actuator.v2+json || application/json]}" onto public java.lang.Object org.springframework.boot.actuate.endpoint.web.servlet.AbstractWebMvcEndpointHandlerMapping$OperationHandler.handle(javax.servlet.http.HttpServletRequest,java.util.Map<java.lang.String, java.lang.String>)
2019-06-04 15:49:59.478  INFO [security-center,,,] 13168 --- [main] s.b.a.e.w.s.WebMvcEndpointHandlerMapping : Mapped "{[/actuator/httptrace],methods=[GET],produces=[application/vnd.spring-boot.actuator.v2+json || application/json]}" onto public java.lang.Object org.springframework.boot.actuate.endpoint.web.servlet.AbstractWebMvcEndpointHandlerMapping$OperationHandler.handle(javax.servlet.http.HttpServletRequest,java.util.Map<java.lang.String, java.lang.String>)
2019-06-04 15:49:59.478  INFO [security-center,,,] 13168 --- [main] s.b.a.e.w.s.WebMvcEndpointHandlerMapping : Mapped "{[/actuator/mappings],methods=[GET],produces=[application/vnd.spring-boot.actuator.v2+json || application/json]}" onto public java.lang.Object org.springframework.boot.actuate.endpoint.web.servlet.AbstractWebMvcEndpointHandlerMapping$OperationHandler.handle(javax.servlet.http.HttpServletRequest,java.util.Map<java.lang.String, java.lang.String>)
2019-06-04 15:49:59.478  INFO [security-center,,,] 13168 --- [main] s.b.a.e.w.s.WebMvcEndpointHandlerMapping : Mapped "{[/actuator/refresh],methods=[POST],produces=[application/vnd.spring-boot.actuator.v2+json || application/json]}" onto public java.lang.Object org.springframework.boot.actuate.endpoint.web.servlet.AbstractWebMvcEndpointHandlerMapping$OperationHandler.handle(javax.servlet.http.HttpServletRequest,java.util.Map<java.lang.String, java.lang.String>)
2019-06-04 15:49:59.478  INFO [security-center,,,] 13168 --- [main] s.b.a.e.w.s.WebMvcEndpointHandlerMapping : Mapped "{[/actuator/features],methods=[GET],produces=[application/vnd.spring-boot.actuator.v2+json || application/json]}" onto public java.lang.Object org.springframework.boot.actuate.endpoint.web.servlet.AbstractWebMvcEndpointHandlerMapping$OperationHandler.handle(javax.servlet.http.HttpServletRequest,java.util.Map<java.lang.String, java.lang.String>)
2019-06-04 15:49:59.478  INFO [security-center,,,] 13168 --- [main] s.b.a.e.w.s.WebMvcEndpointHandlerMapping : Mapped "{[/actuator/service-registry],methods=[GET],produces=[application/vnd.spring-boot.actuator.v2+json || application/json]}" onto public java.lang.Object org.springframework.boot.actuate.endpoint.web.servlet.AbstractWebMvcEndpointHandlerMapping$OperationHandler.handle(javax.servlet.http.HttpServletRequest,java.util.Map<java.lang.String, java.lang.String>)
2019-06-04 15:49:59.479  INFO [security-center,,,] 13168 --- [main] s.b.a.e.w.s.WebMvcEndpointHandlerMapping : Mapped "{[/actuator/service-registry],methods=[POST],consumes=[application/vnd.spring-boot.actuator.v2+json || application/json],produces=[application/vnd.spring-boot.actuator.v2+json || application/json]}" onto public java.lang.Object org.springframework.boot.actuate.endpoint.web.servlet.AbstractWebMvcEndpointHandlerMapping$OperationHandler.handle(javax.servlet.http.HttpServletRequest,java.util.Map<java.lang.String, java.lang.String>)
2019-06-04 15:49:59.479  INFO [security-center,,,] 13168 --- [main] s.b.a.e.w.s.WebMvcEndpointHandlerMapping : Mapped "{[/actuator],methods=[GET],produces=[application/vnd.spring-boot.actuator.v2+json || application/json]}" onto protected java.util.Map<java.lang.String, java.util.Map<java.lang.String, org.springframework.boot.actuate.endpoint.web.Link>> org.springframework.boot.actuate.endpoint.web.servlet.WebMvcEndpointHandlerMapping.links(javax.servlet.http.HttpServletRequest,javax.servlet.http.HttpServletResponse)
2019-06-04 15:49:59.521  INFO [security-center,,,] 13168 --- [main] o.s.j.e.a.AnnotationMBeanExporter        : Registering beans for JMX exposure on startup
2019-06-04 15:49:59.527  INFO [security-center,,,] 13168 --- [main] o.s.j.e.a.AnnotationMBeanExporter        : Bean with name 'environmentManager' has been autodetected for JMX exposure
2019-06-04 15:49:59.528  INFO [security-center,,,] 13168 --- [main] o.s.j.e.a.AnnotationMBeanExporter        : Bean with name 'refreshScope' has been autodetected for JMX exposure
2019-06-04 15:49:59.528  INFO [security-center,,,] 13168 --- [main] o.s.j.e.a.AnnotationMBeanExporter        : Bean with name 'configurationPropertiesRebinder' has been autodetected for JMX exposure
2019-06-04 15:49:59.531  INFO [security-center,,,] 13168 --- [main] o.s.j.e.a.AnnotationMBeanExporter        : Located managed bean 'environmentManager': registering with JMX server as MBean [org.springframework.cloud.context.environment:name=environmentManager,type=EnvironmentManager]
2019-06-04 15:49:59.536  INFO [security-center,,,] 13168 --- [main] o.s.j.e.a.AnnotationMBeanExporter        : Located managed bean 'refreshScope': registering with JMX server as MBean [org.springframework.cloud.context.scope.refresh:name=refreshScope,type=RefreshScope]
2019-06-04 15:49:59.542  INFO [security-center,,,] 13168 --- [main] o.s.j.e.a.AnnotationMBeanExporter        : Located managed bean 'configurationPropertiesRebinder': registering with JMX server as MBean [org.springframework.cloud.context.properties:name=configurationPropertiesRebinder,context=646811d6,type=ConfigurationPropertiesRebinder]
2019-06-04 15:49:59.556  INFO [security-center,,,] 13168 --- [main] o.s.c.support.DefaultLifecycleProcessor  : Starting beans in phase 0
2019-06-04 15:49:59.558  INFO [security-center,,,] 13168 --- [main] o.s.c.n.eureka.InstanceInfoFactory       : Setting initial instance status as: STARTING
2019-06-04 15:49:59.563  INFO [security-center,,,] 13168 --- [main] com.netflix.discovery.DiscoveryClient    : Initializing Eureka in region us-east-1
2019-06-04 15:49:59.565  INFO [security-center,,,] 13168 --- [main] c.n.d.provider.DiscoveryJerseyProvider   : Using JSON encoding codec LegacyJacksonJson
2019-06-04 15:49:59.565  INFO [security-center,,,] 13168 --- [main] c.n.d.provider.DiscoveryJerseyProvider   : Using JSON decoding codec LegacyJacksonJson
2019-06-04 15:49:59.565  INFO [security-center,,,] 13168 --- [main] c.n.d.provider.DiscoveryJerseyProvider   : Using XML encoding codec XStreamXml
2019-06-04 15:49:59.565  INFO [security-center,,,] 13168 --- [main] c.n.d.provider.DiscoveryJerseyProvider   : Using XML decoding codec XStreamXml
2019-06-04 15:49:59.598  INFO [security-center,,,] 13168 --- [main] c.n.d.s.r.aws.ConfigClusterResolver      : Resolving eureka endpoints via configuration
2019-06-04 15:49:59.599  INFO [security-center,,,] 13168 --- [main] com.netflix.discovery.DiscoveryClient    : Disable delta property : false
2019-06-04 15:49:59.599  INFO [security-center,,,] 13168 --- [main] com.netflix.discovery.DiscoveryClient    : Single vip registry refresh property : null
2019-06-04 15:49:59.599  INFO [security-center,,,] 13168 --- [main] com.netflix.discovery.DiscoveryClient    : Force full registry fetch : false
2019-06-04 15:49:59.599  INFO [security-center,,,] 13168 --- [main] com.netflix.discovery.DiscoveryClient    : Application is null : false
2019-06-04 15:49:59.599  INFO [security-center,,,] 13168 --- [main] com.netflix.discovery.DiscoveryClient    : Registered Applications size is zero : true
2019-06-04 15:49:59.599  INFO [security-center,,,] 13168 --- [main] com.netflix.discovery.DiscoveryClient    : Application version is -1: true
2019-06-04 15:49:59.599  INFO [security-center,,,] 13168 --- [main] com.netflix.discovery.DiscoveryClient    : Getting all instance registry info from the eureka server
2019-06-04 15:49:59.602  INFO [security-center,,,] 13168 --- [main] com.netflix.discovery.DiscoveryClient    : The response status is 200
2019-06-04 15:49:59.602  INFO [security-center,,,] 13168 --- [main] com.netflix.discovery.DiscoveryClient    : Starting heartbeat executor: renew interval is: 5
2019-06-04 15:49:59.603  INFO [security-center,,,] 13168 --- [main] c.n.discovery.InstanceInfoReplicator     : InstanceInfoReplicator onDemand update allowed rate per min is 4
2019-06-04 15:49:59.604  INFO [security-center,,,] 13168 --- [main] com.netflix.discovery.DiscoveryClient    : Discovery Client initialized at timestamp 1559634599604 with initial instances count: 1
2019-06-04 15:49:59.609  INFO [security-center,,,] 13168 --- [main] o.s.c.n.e.s.EurekaServiceRegistry        : Registering application security-center with eureka with status UP
2019-06-04 15:49:59.610  INFO [security-center,,,] 13168 --- [main] com.netflix.discovery.DiscoveryClient    : Saw local status change event StatusChangeEvent [timestamp=1559634599610, current=UP, previous=STARTING]
2019-06-04 15:49:59.611  INFO [security-center,,,] 13168 --- [DiscoveryClient-InstanceInfoReplicator-0] com.netflix.discovery.DiscoveryClient    : DiscoveryClient_SECURITY-CENTER/security-center:420522034: registering service...
2019-06-04 15:49:59.630  INFO [security-center,,,] 13168 --- [DiscoveryClient-InstanceInfoReplicator-0] com.netflix.discovery.DiscoveryClient    : DiscoveryClient_SECURITY-CENTER/security-center:420522034 - registration status: 204
2019-06-04 15:49:59.642  INFO [security-center,,,] 13168 --- [main] o.s.b.w.embedded.tomcat.TomcatWebServer  : Tomcat started on port(s): 8993 (http) with context path ''
2019-06-04 15:49:59.643  INFO [security-center,,,] 13168 --- [main] .s.c.n.e.s.EurekaAutoServiceRegistration : Updating port to 8993
2019-06-04 15:49:59.645  INFO [security-center,,,] 13168 --- [main] c.t.s.SecurityCenterApplication          : Started SecurityCenterApplication in 8.831 seconds (JVM running for 9.471)
2019-06-04 15:49:59.764  INFO [security-center,,,] 13168 --- [RMI TCP Connection(2)-127.0.0.1] o.a.c.c.C.[Tomcat].[localhost].[/]       : Initializing Spring FrameworkServlet 'dispatcherServlet'
2019-06-04 15:49:59.764  INFO [security-center,,,] 13168 --- [RMI TCP Connection(2)-127.0.0.1] o.s.web.servlet.DispatcherServlet        : FrameworkServlet 'dispatcherServlet': initialization started
2019-06-04 15:49:59.764  INFO [security-center,,,] 13168 --- [RMI TCP Connection(4)-127.0.0.1] c.c.c.ConfigServicePropertySourceLocator : Fetching config from server at : http://192.168.131.1:8991/
2019-06-04 15:49:59.779  INFO [security-center,,,] 13168 --- [RMI TCP Connection(2)-127.0.0.1] o.s.web.servlet.DispatcherServlet        : FrameworkServlet 'dispatcherServlet': initialization completed in 15 ms
2019-06-04 15:50:00.973  INFO [security-center,,,] 13168 --- [RMI TCP Connection(4)-127.0.0.1] c.c.c.ConfigServicePropertySourceLocator : Located environment: name=security-center, profiles=[dev], label=null, version=null, state=null
2019-06-04 15:54:59.601  INFO [security-center,,,] 13168 --- [AsyncResolver-bootstrap-executor-0] c.n.d.s.r.aws.ConfigClusterResolver      : Resolving eureka endpoints via configuration
2019-06-04 15:59:59.602  INFO [security-center,,,] 13168 --- [AsyncResolver-bootstrap-executor-0] c.n.d.s.r.aws.ConfigClusterResolver      : Resolving eureka endpoints via configuration
2019-06-04 16:04:59.603  INFO [security-center,,,] 13168 --- [AsyncResolver-bootstrap-executor-0] c.n.d.s.r.aws.ConfigClusterResolver      : Resolving eureka endpoints via configuration
2019-06-04 16:09:59.605  INFO [security-center,,,] 13168 --- [AsyncResolver-bootstrap-executor-0] c.n.d.s.r.aws.ConfigClusterResolver      : Resolving eureka endpoints via configuration
2019-06-04 16:14:59.606  INFO [security-center,,,] 13168 --- [AsyncResolver-bootstrap-executor-0] c.n.d.s.r.aws.ConfigClusterResolver      : Resolving eureka endpoints via configuration
