2019-06-12 10:59:12.195  INFO [user-center,,,] 20848 --- [main] s.c.a.AnnotationConfigApplicationContext : Refreshing org.springframework.context.annotation.AnnotationConfigApplicationContext@505fc5a4: startup date [Wed Jun 12 10:59:12 CST 2019]; root of context hierarchy
2019-06-12 10:59:12.362  INFO [user-center,,,] 20848 --- [main] f.a.AutowiredAnnotationBeanPostProcessor : JSR-330 'javax.inject.Inject' annotation found and supported for autowiring
2019-06-12 10:59:12.382  INFO [user-center,,,] 20848 --- [main] trationDelegate$BeanPostProcessorChecker : Bean 'configurationPropertiesRebinderAutoConfiguration' of type [org.springframework.cloud.autoconfigure.ConfigurationPropertiesRebinderAutoConfiguration$$EnhancerBySpringCGLIB$$7606aa48] is not eligible for getting processed by all BeanPostProcessors (for example: not eligible for auto-proxying)
2019-06-12 10:59:12.697  INFO [user-center,,,] 20848 --- [main] o.s.c.n.eureka.InstanceInfoFactory       : Setting initial instance status as: STARTING
2019-06-12 10:59:12.731  INFO [user-center,,,] 20848 --- [main] com.netflix.discovery.DiscoveryClient    : Initializing Eureka in region us-east-1
2019-06-12 10:59:13.000  INFO [user-center,,,] 20848 --- [main] c.n.d.provider.DiscoveryJerseyProvider   : Using JSON encoding codec LegacyJacksonJson
2019-06-12 10:59:13.000  INFO [user-center,,,] 20848 --- [main] c.n.d.provider.DiscoveryJerseyProvider   : Using JSON decoding codec LegacyJacksonJson
2019-06-12 10:59:13.058  INFO [user-center,,,] 20848 --- [main] c.n.d.provider.DiscoveryJerseyProvider   : Using XML encoding codec XStreamXml
2019-06-12 10:59:13.058  INFO [user-center,,,] 20848 --- [main] c.n.d.provider.DiscoveryJerseyProvider   : Using XML decoding codec XStreamXml
2019-06-12 10:59:13.157  INFO [user-center,,,] 20848 --- [main] c.n.d.s.r.aws.ConfigClusterResolver      : Resolving eureka endpoints via configuration
2019-06-12 10:59:13.310  INFO [user-center,,,] 20848 --- [main] com.netflix.discovery.DiscoveryClient    : Disable delta property : false
2019-06-12 10:59:13.310  INFO [user-center,,,] 20848 --- [main] com.netflix.discovery.DiscoveryClient    : Single vip registry refresh property : null
2019-06-12 10:59:13.310  INFO [user-center,,,] 20848 --- [main] com.netflix.discovery.DiscoveryClient    : Force full registry fetch : false
2019-06-12 10:59:13.310  INFO [user-center,,,] 20848 --- [main] com.netflix.discovery.DiscoveryClient    : Application is null : false
2019-06-12 10:59:13.310  INFO [user-center,,,] 20848 --- [main] com.netflix.discovery.DiscoveryClient    : Registered Applications size is zero : true
2019-06-12 10:59:13.310  INFO [user-center,,,] 20848 --- [main] com.netflix.discovery.DiscoveryClient    : Application version is -1: true
2019-06-12 10:59:13.310  INFO [user-center,,,] 20848 --- [main] com.netflix.discovery.DiscoveryClient    : Getting all instance registry info from the eureka server
2019-06-12 10:59:13.406  INFO [user-center,,,] 20848 --- [main] com.netflix.discovery.DiscoveryClient    : The response status is 200
2019-06-12 10:59:13.408  INFO [user-center,,,] 20848 --- [main] com.netflix.discovery.DiscoveryClient    : Not registering with Eureka server per configuration
2019-06-12 10:59:13.410  INFO [user-center,,,] 20848 --- [main] com.netflix.discovery.DiscoveryClient    : Discovery Client initialized at timestamp 1560308353409 with initial instances count: 1
2019-06-12 10:59:13.706  INFO [user-center,,,] 20848 --- [main] c.c.c.ConfigServicePropertySourceLocator : Fetching config from server at : http://192.168.131.1:8991/
2019-06-12 10:59:13.956  INFO [user-center,,,] 20848 --- [main] c.c.c.ConfigServicePropertySourceLocator : Located environment: name=user-center, profiles=[dev], label=null, version=null, state=null
2019-06-12 10:59:13.956  INFO [user-center,,,] 20848 --- [main] b.c.PropertySourceBootstrapConfiguration : Located property source: CompositePropertySource {name='configService', propertySources=[MapPropertySource {name='classpath:/configs/dev/user-center.yml'}]}
2019-06-12 10:59:13.987  INFO [user-center,,,] 20848 --- [main] c.test.usercenter.UserCenterApplication  : No active profile set, falling back to default profiles: default
2019-06-12 10:59:13.995  INFO [user-center,,,] 20848 --- [main] ConfigServletWebServerApplicationContext : Refreshing org.springframework.boot.web.servlet.context.AnnotationConfigServletWebServerApplicationContext@5b12012e: startup date [Wed Jun 12 10:59:13 CST 2019]; parent: org.springframework.context.annotation.AnnotationConfigApplicationContext@505fc5a4
2019-06-12 10:59:14.782  INFO [user-center,,,] 20848 --- [main] .s.d.r.c.RepositoryConfigurationDelegate : Multiple Spring Data modules found, entering strict repository configuration mode!
2019-06-12 10:59:14.928  INFO [user-center,,,] 20848 --- [main] o.s.b.f.s.DefaultListableBeanFactory     : Overriding bean definition for bean 'dataSource' with a different definition: replacing [Root bean: class [null]; scope=refresh; abstract=false; lazyInit=false; autowireMode=3; dependencyCheck=0; autowireCandidate=false; primary=false; factoryBeanName=org.springframework.boot.autoconfigure.jdbc.DataSourceConfiguration$Hikari; factoryMethodName=dataSource; initMethodName=null; destroyMethodName=(inferred); defined in class path resource [org/springframework/boot/autoconfigure/jdbc/DataSourceConfiguration$Hikari.class]] with [Root bean: class [org.springframework.aop.scope.ScopedProxyFactoryBean]; scope=; abstract=false; lazyInit=false; autowireMode=0; dependencyCheck=0; autowireCandidate=true; primary=false; factoryBeanName=null; factoryMethodName=null; initMethodName=null; destroyMethodName=null; defined in BeanDefinition defined in class path resource [org/springframework/boot/autoconfigure/jdbc/DataSourceConfiguration$Hikari.class]]
2019-06-12 10:59:15.062  INFO [user-center,,,] 20848 --- [main] o.s.cloud.context.scope.GenericScope     : BeanFactory id=179a6a74-76c7-3f4f-b8b5-34622947b63a
2019-06-12 10:59:15.086  INFO [user-center,,,] 20848 --- [main] f.a.AutowiredAnnotationBeanPostProcessor : JSR-330 'javax.inject.Inject' annotation found and supported for autowiring
2019-06-12 10:59:15.246  INFO [user-center,,,] 20848 --- [main] trationDelegate$BeanPostProcessorChecker : Bean 'org.springframework.transaction.annotation.ProxyTransactionManagementConfiguration' of type [org.springframework.transaction.annotation.ProxyTransactionManagementConfiguration$$EnhancerBySpringCGLIB$$59eca74b] is not eligible for getting processed by all BeanPostProcessors (for example: not eligible for auto-proxying)
2019-06-12 10:59:15.288  INFO [user-center,,,] 20848 --- [main] trationDelegate$BeanPostProcessorChecker : Bean 'org.springframework.security.config.annotation.configuration.ObjectPostProcessorConfiguration' of type [org.springframework.security.config.annotation.configuration.ObjectPostProcessorConfiguration$$EnhancerBySpringCGLIB$$f29a6f85] is not eligible for getting processed by all BeanPostProcessors (for example: not eligible for auto-proxying)
2019-06-12 10:59:15.294  INFO [user-center,,,] 20848 --- [main] trationDelegate$BeanPostProcessorChecker : Bean 'objectPostProcessor' of type [org.springframework.security.config.annotation.configuration.AutowireBeanFactoryObjectPostProcessor] is not eligible for getting processed by all BeanPostProcessors (for example: not eligible for auto-proxying)
2019-06-12 10:59:15.299  INFO [user-center,,,] 20848 --- [main] trationDelegate$BeanPostProcessorChecker : Bean 'org.springframework.security.access.expression.method.DefaultMethodSecurityExpressionHandler@f2fb225' of type [org.springframework.security.oauth2.provider.expression.OAuth2MethodSecurityExpressionHandler] is not eligible for getting processed by all BeanPostProcessors (for example: not eligible for auto-proxying)
2019-06-12 10:59:15.303  INFO [user-center,,,] 20848 --- [main] trationDelegate$BeanPostProcessorChecker : Bean 'org.springframework.security.config.annotation.method.configuration.GlobalMethodSecurityConfiguration' of type [org.springframework.security.config.annotation.method.configuration.GlobalMethodSecurityConfiguration$$EnhancerBySpringCGLIB$$176f1237] is not eligible for getting processed by all BeanPostProcessors (for example: not eligible for auto-proxying)
2019-06-12 10:59:15.315  INFO [user-center,,,] 20848 --- [main] trationDelegate$BeanPostProcessorChecker : Bean 'methodSecurityMetadataSource' of type [org.springframework.security.access.method.DelegatingMethodSecurityMetadataSource] is not eligible for getting processed by all BeanPostProcessors (for example: not eligible for auto-proxying)
2019-06-12 10:59:15.324  INFO [user-center,,,] 20848 --- [main] trationDelegate$BeanPostProcessorChecker : Bean 'redisConfig' of type [com.test.usercenter.config.RedisConfig$$EnhancerBySpringCGLIB$$dd711880] is not eligible for getting processed by all BeanPostProcessors (for example: not eligible for auto-proxying)
2019-06-12 10:59:15.373  INFO [user-center,,,] 20848 --- [main] trationDelegate$BeanPostProcessorChecker : Bean 'org.springframework.cloud.autoconfigure.ConfigurationPropertiesRebinderAutoConfiguration' of type [org.springframework.cloud.autoconfigure.ConfigurationPropertiesRebinderAutoConfiguration$$EnhancerBySpringCGLIB$$7606aa48] is not eligible for getting processed by all BeanPostProcessors (for example: not eligible for auto-proxying)
2019-06-12 10:59:15.385  INFO [user-center,,,] 20848 --- [main] trationDelegate$BeanPostProcessorChecker : Bean 'org.springframework.cloud.sleuth.instrument.web.client.TraceWebClientAutoConfiguration$TraceOAuthConfiguration' of type [org.springframework.cloud.sleuth.instrument.web.client.TraceWebClientAutoConfiguration$TraceOAuthConfiguration$$EnhancerBySpringCGLIB$$9ee939aa] is not eligible for getting processed by all BeanPostProcessors (for example: not eligible for auto-proxying)
2019-06-12 10:59:15.723  INFO [user-center,,,] 20848 --- [main] o.s.b.w.embedded.tomcat.TomcatWebServer  : Tomcat initialized with port(s): 8994 (http)
2019-06-12 10:59:15.739  INFO [user-center,,,] 20848 --- [main] o.apache.catalina.core.StandardService   : Starting service [Tomcat]
2019-06-12 10:59:15.739  INFO [user-center,,,] 20848 --- [main] org.apache.catalina.core.StandardEngine  : Starting Servlet Engine: Apache Tomcat/8.5.34
2019-06-12 10:59:15.742  INFO [user-center,,,] 20848 --- [localhost-startStop-1] o.a.catalina.core.AprLifecycleListener   : The APR based Apache Tomcat Native library which allows optimal performance in production environments was not found on the java.library.path: [C:\Program Files\Java\jdk1.8.0_192\bin;C:\Windows\Sun\Java\bin;C:\Windows\system32;C:\Windows;C:\Program Files (x86)\NetSarang\Xshell 6\;G:\ftp\;C:\Program Files (x86)\Common Files\Oracle\Java\javapath;C:\Program Files (x86)\Intel\Intel(R) Management Engine Components\iCLS\;C:\Program Files\Intel\Intel(R) Management Engine Components\iCLS\;C:\Windows\system32;C:\Windows;C:\Windows\System32\Wbem;C:\Windows\System32\WindowsPowerShell\v1.0\;C:\Windows\System32\OpenSSH\;C:\Program Files (x86)\Intel\Intel(R) Management Engine Components\DAL;C:\Program Files\Intel\Intel(R) Management Engine Components\DAL;%MAVEN_HOME%\bin;C:\Program Files (x86)\NVIDIA Corporation\PhysX\Common;C:\Program Files\NVIDIA Corporation\NVIDIA NvDLISR;G:\git\Git\cmd;D:\nodejs\;C:\Users\dell\AppData\Local\Microsoft\WindowsApps;;G:\IDEA\IntelliJ IDEA 2018.3.2\bin;;D:\vscode\Microsoft VS Code\bin;C:\Users\dell\AppData\Roaming\npm;.]
2019-06-12 10:59:15.849  INFO [user-center,,,] 20848 --- [localhost-startStop-1] o.a.c.c.C.[Tomcat].[localhost].[/]       : Initializing Spring embedded WebApplicationContext
2019-06-12 10:59:15.849  INFO [user-center,,,] 20848 --- [localhost-startStop-1] o.s.web.context.ContextLoader            : Root WebApplicationContext: initialization completed in 1854 ms
2019-06-12 10:59:16.030  WARN [user-center,,,] 20848 --- [localhost-startStop-1] c.n.c.sources.URLConfigurationSource     : No URLs will be polled as dynamic configuration sources.
2019-06-12 10:59:16.030  INFO [user-center,,,] 20848 --- [localhost-startStop-1] c.n.c.sources.URLConfigurationSource     : To enable URLs as dynamic configuration sources, define System property archaius.configurationSource.additionalUrls or make config.properties available on classpath.
2019-06-12 10:59:16.035  INFO [user-center,,,] 20848 --- [localhost-startStop-1] c.netflix.config.DynamicPropertyFactory  : DynamicPropertyFactory is initialized with configuration sources: com.netflix.config.ConcurrentCompositeConfiguration@17f784f1
2019-06-12 10:59:17.792  INFO [user-center,,,] 20848 --- [localhost-startStop-1] o.s.b.w.servlet.FilterRegistrationBean   : Mapping filter: 'characterEncodingFilter' to: [/*]
2019-06-12 10:59:17.792  INFO [user-center,,,] 20848 --- [localhost-startStop-1] o.s.b.w.servlet.FilterRegistrationBean   : Mapping filter: 'webMvcMetricsFilter' to: [/*]
2019-06-12 10:59:17.792  INFO [user-center,,,] 20848 --- [localhost-startStop-1] o.s.b.w.servlet.FilterRegistrationBean   : Mapping filter: 'tracingFilter' to: [/*]
2019-06-12 10:59:17.792  INFO [user-center,,,] 20848 --- [localhost-startStop-1] o.s.b.w.servlet.FilterRegistrationBean   : Mapping filter: 'exceptionLoggingFilter' to: [/*]
2019-06-12 10:59:17.792  INFO [user-center,,,] 20848 --- [localhost-startStop-1] o.s.b.w.servlet.FilterRegistrationBean   : Mapping filter: 'hiddenHttpMethodFilter' to: [/*]
2019-06-12 10:59:17.792  INFO [user-center,,,] 20848 --- [localhost-startStop-1] o.s.b.w.servlet.FilterRegistrationBean   : Mapping filter: 'httpPutFormContentFilter' to: [/*]
2019-06-12 10:59:17.792  INFO [user-center,,,] 20848 --- [localhost-startStop-1] o.s.b.w.servlet.FilterRegistrationBean   : Mapping filter: 'requestContextFilter' to: [/*]
2019-06-12 10:59:17.793  INFO [user-center,,,] 20848 --- [localhost-startStop-1] .s.DelegatingFilterProxyRegistrationBean : Mapping filter: 'springSecurityFilterChain' to: [/*]
2019-06-12 10:59:17.793  INFO [user-center,,,] 20848 --- [localhost-startStop-1] o.s.b.w.servlet.FilterRegistrationBean   : Mapping filter: 'httpTraceFilter' to: [/*]
2019-06-12 10:59:17.793  INFO [user-center,,,] 20848 --- [localhost-startStop-1] o.s.b.w.servlet.ServletRegistrationBean  : Servlet dispatcherServlet mapped to [/]
2019-06-12 10:59:17.979  INFO [user-center,,,] 20848 --- [main] com.zaxxer.hikari.HikariDataSource       : HikariPool-1 - Starting...
2019-06-12 10:59:18.091  INFO [user-center,,,] 20848 --- [main] com.zaxxer.hikari.HikariDataSource       : HikariPool-1 - Start completed.
2019-06-12 10:59:18.356  WARN [user-center,,,] 20848 --- [main] c.b.m.core.toolkit.TableInfoHelper       : Warn: Could not find @TableId in Class: com.test.usercenter.entity.SysFunctionPermission.
2019-06-12 10:59:18.434  WARN [user-center,,,] 20848 --- [main] c.b.m.core.toolkit.TableInfoHelper       : Warn: Could not find @TableId in Class: com.test.usercenter.entity.SysRolePermission.
2019-06-12 10:59:18.456  WARN [user-center,,,] 20848 --- [main] c.b.m.core.toolkit.TableInfoHelper       : Warn: Could not find @TableId in Class: com.test.usercenter.entity.SysRoleUser.
2019-06-12 10:59:18.951  INFO [user-center,,,] 20848 --- [main] .s.s.UserDetailsServiceAutoConfiguration : 

Using generated security password: f16668c1-b672-4ab9-a877-6f69bd81f172

2019-06-12 10:59:19.109  INFO [user-center,,,] 20848 --- [main] o.s.s.web.DefaultSecurityFilterChain     : Creating filter chain: org.springframework.security.web.util.matcher.AnyRequestMatcher@1, [org.springframework.security.web.context.request.async.WebAsyncManagerIntegrationFilter@126254ec, org.springframework.security.web.context.SecurityContextPersistenceFilter@57b33c29, org.springframework.security.web.header.HeaderWriterFilter@10f8e2d2, org.springframework.security.web.authentication.logout.LogoutFilter@2110684a, org.springframework.security.oauth2.provider.authentication.OAuth2AuthenticationProcessingFilter@5e2975ca, org.springframework.security.web.authentication.www.BasicAuthenticationFilter@7c682e26, org.springframework.security.web.savedrequest.RequestCacheAwareFilter@664f49f, org.springframework.security.web.servletapi.SecurityContextHolderAwareRequestFilter@51869ad6, org.springframework.security.web.authentication.AnonymousAuthenticationFilter@275902e1, org.springframework.security.web.session.SessionManagementFilter@13cf5f8a, org.springframework.security.web.access.ExceptionTranslationFilter@77d95e5a, org.springframework.security.web.access.intercept.FilterSecurityInterceptor@507f47f9]
2019-06-12 10:59:19.147  WARN [user-center,,,] 20848 --- [main] c.n.c.sources.URLConfigurationSource     : No URLs will be polled as dynamic configuration sources.
2019-06-12 10:59:19.147  INFO [user-center,,,] 20848 --- [main] c.n.c.sources.URLConfigurationSource     : To enable URLs as dynamic configuration sources, define System property archaius.configurationSource.additionalUrls or make config.properties available on classpath.
2019-06-12 10:59:19.264  INFO [user-center,,,] 20848 --- [main] o.s.w.s.handler.SimpleUrlHandlerMapping  : Mapped URL path [/**/favicon.ico] onto handler of type [class org.springframework.web.servlet.resource.ResourceHttpRequestHandler]
2019-06-12 10:59:19.461  INFO [user-center,,,] 20848 --- [main] s.w.s.m.m.a.RequestMappingHandlerAdapter : Looking for @ControllerAdvice: org.springframework.boot.web.servlet.context.AnnotationConfigServletWebServerApplicationContext@5b12012e: startup date [Wed Jun 12 10:59:13 CST 2019]; parent: org.springframework.context.annotation.AnnotationConfigApplicationContext@505fc5a4
2019-06-12 10:59:19.520  INFO [user-center,,,] 20848 --- [main] s.w.s.m.m.a.RequestMappingHandlerMapping : Mapped "{[/user/v1/internal/getUserByPhoneNo],methods=[GET],produces=[application/json;charset=UTF-8]}" onto public com.common.apicommon.model.ResultData<com.common.apicommon.security.LoginUser> com.test.usercenter.controller.UserController.getUserByPhoneNoInternal(java.lang.String)
2019-06-12 10:59:19.521  INFO [user-center,,,] 20848 --- [main] s.w.s.m.m.a.RequestMappingHandlerMapping : Mapped "{[/user/v1/getUserByPhoneNo],methods=[GET],produces=[application/json;charset=UTF-8]}" onto public com.common.apicommon.model.ResultData<com.common.apicommon.security.LoginUser> com.test.usercenter.controller.UserController.getUserByPhoneNo(java.lang.String)
2019-06-12 10:59:19.521  INFO [user-center,,,] 20848 --- [main] s.w.s.m.m.a.RequestMappingHandlerMapping : Mapped "{[/user/v1/getUserById],methods=[GET],params=[id],produces=[application/json;charset=UTF-8]}" onto public boolean com.test.usercenter.controller.UserController.getUserById(java.lang.String)
2019-06-12 10:59:19.521  INFO [user-center,,,] 20848 --- [main] s.w.s.m.m.a.RequestMappingHandlerMapping : Mapped "{[/user/v1/internal/getUserByName],methods=[GET],produces=[application/json;charset=UTF-8]}" onto public com.common.apicommon.model.ResultData<com.common.apicommon.security.LoginUser> com.test.usercenter.controller.UserController.getUserByName(java.lang.String)
2019-06-12 10:59:19.522  INFO [user-center,,,] 20848 --- [main] s.w.s.m.m.a.RequestMappingHandlerMapping : Mapped "{[/error]}" onto public org.springframework.http.ResponseEntity<java.util.Map<java.lang.String, java.lang.Object>> org.springframework.boot.autoconfigure.web.servlet.error.BasicErrorController.error(javax.servlet.http.HttpServletRequest)
2019-06-12 10:59:19.522  INFO [user-center,,,] 20848 --- [main] s.w.s.m.m.a.RequestMappingHandlerMapping : Mapped "{[/error],produces=[text/html]}" onto public org.springframework.web.servlet.ModelAndView org.springframework.boot.autoconfigure.web.servlet.error.BasicErrorController.errorHtml(javax.servlet.http.HttpServletRequest,javax.servlet.http.HttpServletResponse)
2019-06-12 10:59:19.569  INFO [user-center,,,] 20848 --- [main] o.s.w.s.handler.SimpleUrlHandlerMapping  : Mapped URL path [/webjars/**] onto handler of type [class org.springframework.web.servlet.resource.ResourceHttpRequestHandler]
2019-06-12 10:59:19.570  INFO [user-center,,,] 20848 --- [main] o.s.w.s.handler.SimpleUrlHandlerMapping  : Mapped URL path [/**] onto handler of type [class org.springframework.web.servlet.resource.ResourceHttpRequestHandler]
2019-06-12 10:59:20.294  INFO [user-center,,,] 20848 --- [main] o.s.b.a.e.web.EndpointLinksResolver      : Exposing 19 endpoint(s) beneath base path '/actuator'
2019-06-12 10:59:20.311  INFO [user-center,,,] 20848 --- [main] s.b.a.e.w.s.WebMvcEndpointHandlerMapping : Mapped "{[/actuator/archaius],methods=[GET],produces=[application/vnd.spring-boot.actuator.v2+json || application/json]}" onto public java.lang.Object org.springframework.boot.actuate.endpoint.web.servlet.AbstractWebMvcEndpointHandlerMapping$OperationHandler.handle(javax.servlet.http.HttpServletRequest,java.util.Map<java.lang.String, java.lang.String>)
2019-06-12 10:59:20.312  INFO [user-center,,,] 20848 --- [main] s.b.a.e.w.s.WebMvcEndpointHandlerMapping : Mapped "{[/actuator/auditevents],methods=[GET],produces=[application/vnd.spring-boot.actuator.v2+json || application/json]}" onto public java.lang.Object org.springframework.boot.actuate.endpoint.web.servlet.AbstractWebMvcEndpointHandlerMapping$OperationHandler.handle(javax.servlet.http.HttpServletRequest,java.util.Map<java.lang.String, java.lang.String>)
2019-06-12 10:59:20.312  INFO [user-center,,,] 20848 --- [main] s.b.a.e.w.s.WebMvcEndpointHandlerMapping : Mapped "{[/actuator/beans],methods=[GET],produces=[application/vnd.spring-boot.actuator.v2+json || application/json]}" onto public java.lang.Object org.springframework.boot.actuate.endpoint.web.servlet.AbstractWebMvcEndpointHandlerMapping$OperationHandler.handle(javax.servlet.http.HttpServletRequest,java.util.Map<java.lang.String, java.lang.String>)
2019-06-12 10:59:20.312  INFO [user-center,,,] 20848 --- [main] s.b.a.e.w.s.WebMvcEndpointHandlerMapping : Mapped "{[/actuator/health],methods=[GET],produces=[application/vnd.spring-boot.actuator.v2+json || application/json]}" onto public java.lang.Object org.springframework.boot.actuate.endpoint.web.servlet.AbstractWebMvcEndpointHandlerMapping$OperationHandler.handle(javax.servlet.http.HttpServletRequest,java.util.Map<java.lang.String, java.lang.String>)
2019-06-12 10:59:20.312  INFO [user-center,,,] 20848 --- [main] s.b.a.e.w.s.WebMvcEndpointHandlerMapping : Mapped "{[/actuator/conditions],methods=[GET],produces=[application/vnd.spring-boot.actuator.v2+json || application/json]}" onto public java.lang.Object org.springframework.boot.actuate.endpoint.web.servlet.AbstractWebMvcEndpointHandlerMapping$OperationHandler.handle(javax.servlet.http.HttpServletRequest,java.util.Map<java.lang.String, java.lang.String>)
2019-06-12 10:59:20.313  INFO [user-center,,,] 20848 --- [main] s.b.a.e.w.s.WebMvcEndpointHandlerMapping : Mapped "{[/actuator/configprops],methods=[GET],produces=[application/vnd.spring-boot.actuator.v2+json || application/json]}" onto public java.lang.Object org.springframework.boot.actuate.endpoint.web.servlet.AbstractWebMvcEndpointHandlerMapping$OperationHandler.handle(javax.servlet.http.HttpServletRequest,java.util.Map<java.lang.String, java.lang.String>)
2019-06-12 10:59:20.313  INFO [user-center,,,] 20848 --- [main] s.b.a.e.w.s.WebMvcEndpointHandlerMapping : Mapped "{[/actuator/env],methods=[GET],produces=[application/vnd.spring-boot.actuator.v2+json || application/json]}" onto public java.lang.Object org.springframework.boot.actuate.endpoint.web.servlet.AbstractWebMvcEndpointHandlerMapping$OperationHandler.handle(javax.servlet.http.HttpServletRequest,java.util.Map<java.lang.String, java.lang.String>)
2019-06-12 10:59:20.313  INFO [user-center,,,] 20848 --- [main] s.b.a.e.w.s.WebMvcEndpointHandlerMapping : Mapped "{[/actuator/env/{toMatch}],methods=[GET],produces=[application/vnd.spring-boot.actuator.v2+json || application/json]}" onto public java.lang.Object org.springframework.boot.actuate.endpoint.web.servlet.AbstractWebMvcEndpointHandlerMapping$OperationHandler.handle(javax.servlet.http.HttpServletRequest,java.util.Map<java.lang.String, java.lang.String>)
2019-06-12 10:59:20.313  INFO [user-center,,,] 20848 --- [main] s.b.a.e.w.s.WebMvcEndpointHandlerMapping : Mapped "{[/actuator/env],methods=[POST],consumes=[application/vnd.spring-boot.actuator.v2+json || application/json],produces=[application/vnd.spring-boot.actuator.v2+json || application/json]}" onto public java.lang.Object org.springframework.boot.actuate.endpoint.web.servlet.AbstractWebMvcEndpointHandlerMapping$OperationHandler.handle(javax.servlet.http.HttpServletRequest,java.util.Map<java.lang.String, java.lang.String>)
2019-06-12 10:59:20.314  INFO [user-center,,,] 20848 --- [main] s.b.a.e.w.s.WebMvcEndpointHandlerMapping : Mapped "{[/actuator/env],methods=[DELETE],produces=[application/vnd.spring-boot.actuator.v2+json || application/json]}" onto public java.lang.Object org.springframework.boot.actuate.endpoint.web.servlet.AbstractWebMvcEndpointHandlerMapping$OperationHandler.handle(javax.servlet.http.HttpServletRequest,java.util.Map<java.lang.String, java.lang.String>)
2019-06-12 10:59:20.314  INFO [user-center,,,] 20848 --- [main] s.b.a.e.w.s.WebMvcEndpointHandlerMapping : Mapped "{[/actuator/info],methods=[GET],produces=[application/vnd.spring-boot.actuator.v2+json || application/json]}" onto public java.lang.Object org.springframework.boot.actuate.endpoint.web.servlet.AbstractWebMvcEndpointHandlerMapping$OperationHandler.handle(javax.servlet.http.HttpServletRequest,java.util.Map<java.lang.String, java.lang.String>)
2019-06-12 10:59:20.314  INFO [user-center,,,] 20848 --- [main] s.b.a.e.w.s.WebMvcEndpointHandlerMapping : Mapped "{[/actuator/logfile],methods=[GET],produces=[application/octet-stream]}" onto public java.lang.Object org.springframework.boot.actuate.endpoint.web.servlet.AbstractWebMvcEndpointHandlerMapping$OperationHandler.handle(javax.servlet.http.HttpServletRequest,java.util.Map<java.lang.String, java.lang.String>)
2019-06-12 10:59:20.314  INFO [user-center,,,] 20848 --- [main] s.b.a.e.w.s.WebMvcEndpointHandlerMapping : Mapped "{[/actuator/loggers],methods=[GET],produces=[application/vnd.spring-boot.actuator.v2+json || application/json]}" onto public java.lang.Object org.springframework.boot.actuate.endpoint.web.servlet.AbstractWebMvcEndpointHandlerMapping$OperationHandler.handle(javax.servlet.http.HttpServletRequest,java.util.Map<java.lang.String, java.lang.String>)
2019-06-12 10:59:20.314  INFO [user-center,,,] 20848 --- [main] s.b.a.e.w.s.WebMvcEndpointHandlerMapping : Mapped "{[/actuator/loggers/{name}],methods=[POST],consumes=[application/vnd.spring-boot.actuator.v2+json || application/json]}" onto public java.lang.Object org.springframework.boot.actuate.endpoint.web.servlet.AbstractWebMvcEndpointHandlerMapping$OperationHandler.handle(javax.servlet.http.HttpServletRequest,java.util.Map<java.lang.String, java.lang.String>)
2019-06-12 10:59:20.314  INFO [user-center,,,] 20848 --- [main] s.b.a.e.w.s.WebMvcEndpointHandlerMapping : Mapped "{[/actuator/loggers/{name}],methods=[GET],produces=[application/vnd.spring-boot.actuator.v2+json || application/json]}" onto public java.lang.Object org.springframework.boot.actuate.endpoint.web.servlet.AbstractWebMvcEndpointHandlerMapping$OperationHandler.handle(javax.servlet.http.HttpServletRequest,java.util.Map<java.lang.String, java.lang.String>)
2019-06-12 10:59:20.314  INFO [user-center,,,] 20848 --- [main] s.b.a.e.w.s.WebMvcEndpointHandlerMapping : Mapped "{[/actuator/heapdump],methods=[GET],produces=[application/octet-stream]}" onto public java.lang.Object org.springframework.boot.actuate.endpoint.web.servlet.AbstractWebMvcEndpointHandlerMapping$OperationHandler.handle(javax.servlet.http.HttpServletRequest,java.util.Map<java.lang.String, java.lang.String>)
2019-06-12 10:59:20.314  INFO [user-center,,,] 20848 --- [main] s.b.a.e.w.s.WebMvcEndpointHandlerMapping : Mapped "{[/actuator/threaddump],methods=[GET],produces=[application/vnd.spring-boot.actuator.v2+json || application/json]}" onto public java.lang.Object org.springframework.boot.actuate.endpoint.web.servlet.AbstractWebMvcEndpointHandlerMapping$OperationHandler.handle(javax.servlet.http.HttpServletRequest,java.util.Map<java.lang.String, java.lang.String>)
2019-06-12 10:59:20.314  INFO [user-center,,,] 20848 --- [main] s.b.a.e.w.s.WebMvcEndpointHandlerMapping : Mapped "{[/actuator/metrics/{requiredMetricName}],methods=[GET],produces=[application/vnd.spring-boot.actuator.v2+json || application/json]}" onto public java.lang.Object org.springframework.boot.actuate.endpoint.web.servlet.AbstractWebMvcEndpointHandlerMapping$OperationHandler.handle(javax.servlet.http.HttpServletRequest,java.util.Map<java.lang.String, java.lang.String>)
2019-06-12 10:59:20.315  INFO [user-center,,,] 20848 --- [main] s.b.a.e.w.s.WebMvcEndpointHandlerMapping : Mapped "{[/actuator/metrics],methods=[GET],produces=[application/vnd.spring-boot.actuator.v2+json || application/json]}" onto public java.lang.Object org.springframework.boot.actuate.endpoint.web.servlet.AbstractWebMvcEndpointHandlerMapping$OperationHandler.handle(javax.servlet.http.HttpServletRequest,java.util.Map<java.lang.String, java.lang.String>)
2019-06-12 10:59:20.315  INFO [user-center,,,] 20848 --- [main] s.b.a.e.w.s.WebMvcEndpointHandlerMapping : Mapped "{[/actuator/scheduledtasks],methods=[GET],produces=[application/vnd.spring-boot.actuator.v2+json || application/json]}" onto public java.lang.Object org.springframework.boot.actuate.endpoint.web.servlet.AbstractWebMvcEndpointHandlerMapping$OperationHandler.handle(javax.servlet.http.HttpServletRequest,java.util.Map<java.lang.String, java.lang.String>)
2019-06-12 10:59:20.315  INFO [user-center,,,] 20848 --- [main] s.b.a.e.w.s.WebMvcEndpointHandlerMapping : Mapped "{[/actuator/httptrace],methods=[GET],produces=[application/vnd.spring-boot.actuator.v2+json || application/json]}" onto public java.lang.Object org.springframework.boot.actuate.endpoint.web.servlet.AbstractWebMvcEndpointHandlerMapping$OperationHandler.handle(javax.servlet.http.HttpServletRequest,java.util.Map<java.lang.String, java.lang.String>)
2019-06-12 10:59:20.315  INFO [user-center,,,] 20848 --- [main] s.b.a.e.w.s.WebMvcEndpointHandlerMapping : Mapped "{[/actuator/mappings],methods=[GET],produces=[application/vnd.spring-boot.actuator.v2+json || application/json]}" onto public java.lang.Object org.springframework.boot.actuate.endpoint.web.servlet.AbstractWebMvcEndpointHandlerMapping$OperationHandler.handle(javax.servlet.http.HttpServletRequest,java.util.Map<java.lang.String, java.lang.String>)
2019-06-12 10:59:20.315  INFO [user-center,,,] 20848 --- [main] s.b.a.e.w.s.WebMvcEndpointHandlerMapping : Mapped "{[/actuator/refresh],methods=[POST],produces=[application/vnd.spring-boot.actuator.v2+json || application/json]}" onto public java.lang.Object org.springframework.boot.actuate.endpoint.web.servlet.AbstractWebMvcEndpointHandlerMapping$OperationHandler.handle(javax.servlet.http.HttpServletRequest,java.util.Map<java.lang.String, java.lang.String>)
2019-06-12 10:59:20.315  INFO [user-center,,,] 20848 --- [main] s.b.a.e.w.s.WebMvcEndpointHandlerMapping : Mapped "{[/actuator/features],methods=[GET],produces=[application/vnd.spring-boot.actuator.v2+json || application/json]}" onto public java.lang.Object org.springframework.boot.actuate.endpoint.web.servlet.AbstractWebMvcEndpointHandlerMapping$OperationHandler.handle(javax.servlet.http.HttpServletRequest,java.util.Map<java.lang.String, java.lang.String>)
2019-06-12 10:59:20.315  INFO [user-center,,,] 20848 --- [main] s.b.a.e.w.s.WebMvcEndpointHandlerMapping : Mapped "{[/actuator/service-registry],methods=[GET],produces=[application/vnd.spring-boot.actuator.v2+json || application/json]}" onto public java.lang.Object org.springframework.boot.actuate.endpoint.web.servlet.AbstractWebMvcEndpointHandlerMapping$OperationHandler.handle(javax.servlet.http.HttpServletRequest,java.util.Map<java.lang.String, java.lang.String>)
2019-06-12 10:59:20.315  INFO [user-center,,,] 20848 --- [main] s.b.a.e.w.s.WebMvcEndpointHandlerMapping : Mapped "{[/actuator/service-registry],methods=[POST],consumes=[application/vnd.spring-boot.actuator.v2+json || application/json],produces=[application/vnd.spring-boot.actuator.v2+json || application/json]}" onto public java.lang.Object org.springframework.boot.actuate.endpoint.web.servlet.AbstractWebMvcEndpointHandlerMapping$OperationHandler.handle(javax.servlet.http.HttpServletRequest,java.util.Map<java.lang.String, java.lang.String>)
2019-06-12 10:59:20.316  INFO [user-center,,,] 20848 --- [main] s.b.a.e.w.s.WebMvcEndpointHandlerMapping : Mapped "{[/actuator],methods=[GET],produces=[application/vnd.spring-boot.actuator.v2+json || application/json]}" onto protected java.util.Map<java.lang.String, java.util.Map<java.lang.String, org.springframework.boot.actuate.endpoint.web.Link>> org.springframework.boot.actuate.endpoint.web.servlet.WebMvcEndpointHandlerMapping.links(javax.servlet.http.HttpServletRequest,javax.servlet.http.HttpServletResponse)
2019-06-12 10:59:20.792  INFO [user-center,,,] 20848 --- [main] com.netflix.discovery.DiscoveryClient    : Shutting down DiscoveryClient ...
2019-06-12 10:59:20.796  INFO [user-center,,,] 20848 --- [main] com.netflix.discovery.DiscoveryClient    : Completed shut down of DiscoveryClient
2019-06-12 10:59:20.923  INFO [user-center,,,] 20848 --- [main] o.s.j.e.a.AnnotationMBeanExporter        : Registering beans for JMX exposure on startup
2019-06-12 10:59:20.924  INFO [user-center,,,] 20848 --- [main] o.s.j.e.a.AnnotationMBeanExporter        : Bean with name 'dataSource' has been autodetected for JMX exposure
2019-06-12 10:59:20.930  INFO [user-center,,,] 20848 --- [main] o.s.j.e.a.AnnotationMBeanExporter        : Bean with name 'environmentManager' has been autodetected for JMX exposure
2019-06-12 10:59:20.930  INFO [user-center,,,] 20848 --- [main] o.s.j.e.a.AnnotationMBeanExporter        : Bean with name 'refreshScope' has been autodetected for JMX exposure
2019-06-12 10:59:20.931  INFO [user-center,,,] 20848 --- [main] o.s.j.e.a.AnnotationMBeanExporter        : Bean with name 'configurationPropertiesRebinder' has been autodetected for JMX exposure
2019-06-12 10:59:20.935  INFO [user-center,,,] 20848 --- [main] o.s.j.e.a.AnnotationMBeanExporter        : Located managed bean 'environmentManager': registering with JMX server as MBean [org.springframework.cloud.context.environment:name=environmentManager,type=EnvironmentManager]
2019-06-12 10:59:20.940  INFO [user-center,,,] 20848 --- [main] o.s.j.e.a.AnnotationMBeanExporter        : Located managed bean 'refreshScope': registering with JMX server as MBean [org.springframework.cloud.context.scope.refresh:name=refreshScope,type=RefreshScope]
2019-06-12 10:59:20.947  INFO [user-center,,,] 20848 --- [main] o.s.j.e.a.AnnotationMBeanExporter        : Located managed bean 'configurationPropertiesRebinder': registering with JMX server as MBean [org.springframework.cloud.context.properties:name=configurationPropertiesRebinder,context=5b12012e,type=ConfigurationPropertiesRebinder]
2019-06-12 10:59:20.951  INFO [user-center,,,] 20848 --- [main] o.s.j.e.a.AnnotationMBeanExporter        : Located MBean 'dataSource': registering with JMX server as MBean [com.zaxxer.hikari:name=dataSource,type=HikariDataSource]
2019-06-12 10:59:20.965  INFO [user-center,,,] 20848 --- [main] o.s.c.support.DefaultLifecycleProcessor  : Starting beans in phase 0
2019-06-12 10:59:20.968  INFO [user-center,,,] 20848 --- [main] o.s.c.n.eureka.InstanceInfoFactory       : Setting initial instance status as: STARTING
2019-06-12 10:59:20.973  INFO [user-center,,,] 20848 --- [main] com.netflix.discovery.DiscoveryClient    : Initializing Eureka in region us-east-1
2019-06-12 10:59:20.974  INFO [user-center,,,] 20848 --- [main] c.n.d.provider.DiscoveryJerseyProvider   : Using JSON encoding codec LegacyJacksonJson
2019-06-12 10:59:20.974  INFO [user-center,,,] 20848 --- [main] c.n.d.provider.DiscoveryJerseyProvider   : Using JSON decoding codec LegacyJacksonJson
2019-06-12 10:59:20.975  INFO [user-center,,,] 20848 --- [main] c.n.d.provider.DiscoveryJerseyProvider   : Using XML encoding codec XStreamXml
2019-06-12 10:59:20.975  INFO [user-center,,,] 20848 --- [main] c.n.d.provider.DiscoveryJerseyProvider   : Using XML decoding codec XStreamXml
2019-06-12 10:59:21.008  INFO [user-center,,,] 20848 --- [main] c.n.d.s.r.aws.ConfigClusterResolver      : Resolving eureka endpoints via configuration
2019-06-12 10:59:21.009  INFO [user-center,,,] 20848 --- [main] com.netflix.discovery.DiscoveryClient    : Disable delta property : false
2019-06-12 10:59:21.009  INFO [user-center,,,] 20848 --- [main] com.netflix.discovery.DiscoveryClient    : Single vip registry refresh property : null
2019-06-12 10:59:21.009  INFO [user-center,,,] 20848 --- [main] com.netflix.discovery.DiscoveryClient    : Force full registry fetch : false
2019-06-12 10:59:21.009  INFO [user-center,,,] 20848 --- [main] com.netflix.discovery.DiscoveryClient    : Application is null : false
2019-06-12 10:59:21.009  INFO [user-center,,,] 20848 --- [main] com.netflix.discovery.DiscoveryClient    : Registered Applications size is zero : true
2019-06-12 10:59:21.009  INFO [user-center,,,] 20848 --- [main] com.netflix.discovery.DiscoveryClient    : Application version is -1: true
2019-06-12 10:59:21.009  INFO [user-center,,,] 20848 --- [main] com.netflix.discovery.DiscoveryClient    : Getting all instance registry info from the eureka server
2019-06-12 10:59:21.012  INFO [user-center,,,] 20848 --- [main] com.netflix.discovery.DiscoveryClient    : The response status is 200
2019-06-12 10:59:21.013  INFO [user-center,,,] 20848 --- [main] com.netflix.discovery.DiscoveryClient    : Starting heartbeat executor: renew interval is: 5
2019-06-12 10:59:21.013  INFO [user-center,,,] 20848 --- [main] c.n.discovery.InstanceInfoReplicator     : InstanceInfoReplicator onDemand update allowed rate per min is 4
2019-06-12 10:59:21.014  INFO [user-center,,,] 20848 --- [main] com.netflix.discovery.DiscoveryClient    : Discovery Client initialized at timestamp 1560308361014 with initial instances count: 1
2019-06-12 10:59:21.025  INFO [user-center,,,] 20848 --- [main] o.s.c.n.e.s.EurekaServiceRegistry        : Registering application user-center with eureka with status UP
2019-06-12 10:59:21.025  INFO [user-center,,,] 20848 --- [main] com.netflix.discovery.DiscoveryClient    : Saw local status change event StatusChangeEvent [timestamp=1560308361025, current=UP, previous=STARTING]
2019-06-12 10:59:21.026  INFO [user-center,,,] 20848 --- [DiscoveryClient-InstanceInfoReplicator-0] com.netflix.discovery.DiscoveryClient    : DiscoveryClient_USER-CENTER/user-center:1841046957: registering service...
2019-06-12 10:59:21.045  INFO [user-center,,,] 20848 --- [DiscoveryClient-InstanceInfoReplicator-0] com.netflix.discovery.DiscoveryClient    : DiscoveryClient_USER-CENTER/user-center:1841046957 - registration status: 204
2019-06-12 10:59:21.062  INFO [user-center,,,] 20848 --- [main] o.a.c.c.C.[Tomcat].[localhost].[/]       : Initializing Spring FrameworkServlet 'dispatcherServlet'
2019-06-12 10:59:21.063  INFO [user-center,,,] 20848 --- [main] o.s.web.servlet.DispatcherServlet        : FrameworkServlet 'dispatcherServlet': initialization started
2019-06-12 10:59:21.082  INFO [user-center,,,] 20848 --- [main] o.s.web.servlet.DispatcherServlet        : FrameworkServlet 'dispatcherServlet': initialization completed in 19 ms
2019-06-12 10:59:21.082  INFO [user-center,,,] 20848 --- [main] o.s.b.w.embedded.tomcat.TomcatWebServer  : Tomcat started on port(s): 8994 (http) with context path ''
2019-06-12 10:59:21.083  INFO [user-center,,,] 20848 --- [main] .s.c.n.e.s.EurekaAutoServiceRegistration : Updating port to 8994
2019-06-12 10:59:21.084  INFO [user-center,,,] 20848 --- [main] c.test.usercenter.UserCenterApplication  : Started UserCenterApplication in 9.503 seconds (JVM running for 10.161)
2019-06-12 10:59:21.567  INFO [user-center,,,] 20848 --- [RMI TCP Connection(6)-127.0.0.1] c.c.c.ConfigServicePropertySourceLocator : Fetching config from server at : http://192.168.131.1:8991/
2019-06-12 10:59:21.771  INFO [user-center,,,] 20848 --- [RMI TCP Connection(6)-127.0.0.1] c.c.c.ConfigServicePropertySourceLocator : Located environment: name=user-center, profiles=[dev], label=null, version=null, state=null
2019-06-12 10:59:21.826  INFO [user-center,,,] 20848 --- [RMI TCP Connection(6)-127.0.0.1] io.lettuce.core.EpollProvider            : Starting without optional epoll library
2019-06-12 10:59:21.827  INFO [user-center,,,] 20848 --- [RMI TCP Connection(6)-127.0.0.1] io.lettuce.core.KqueueProvider           : Starting without optional kqueue library
2019-06-12 11:04:21.011  INFO [user-center,,,] 20848 --- [AsyncResolver-bootstrap-executor-0] c.n.d.s.r.aws.ConfigClusterResolver      : Resolving eureka endpoints via configuration
2019-06-12 11:09:21.013  INFO [user-center,,,] 20848 --- [AsyncResolver-bootstrap-executor-0] c.n.d.s.r.aws.ConfigClusterResolver      : Resolving eureka endpoints via configuration
2019-06-12 11:14:21.015  INFO [user-center,,,] 20848 --- [AsyncResolver-bootstrap-executor-0] c.n.d.s.r.aws.ConfigClusterResolver      : Resolving eureka endpoints via configuration
2019-06-12 11:19:21.016  INFO [user-center,,,] 20848 --- [AsyncResolver-bootstrap-executor-0] c.n.d.s.r.aws.ConfigClusterResolver      : Resolving eureka endpoints via configuration
2019-06-12 11:24:21.018  INFO [user-center,,,] 20848 --- [AsyncResolver-bootstrap-executor-0] c.n.d.s.r.aws.ConfigClusterResolver      : Resolving eureka endpoints via configuration
2019-06-12 11:29:21.020  INFO [user-center,,,] 20848 --- [AsyncResolver-bootstrap-executor-0] c.n.d.s.r.aws.ConfigClusterResolver      : Resolving eureka endpoints via configuration
2019-06-12 11:34:21.021  INFO [user-center,,,] 20848 --- [AsyncResolver-bootstrap-executor-0] c.n.d.s.r.aws.ConfigClusterResolver      : Resolving eureka endpoints via configuration
2019-06-12 11:39:21.022  INFO [user-center,,,] 20848 --- [AsyncResolver-bootstrap-executor-0] c.n.d.s.r.aws.ConfigClusterResolver      : Resolving eureka endpoints via configuration
2019-06-12 11:44:21.023  INFO [user-center,,,] 20848 --- [AsyncResolver-bootstrap-executor-0] c.n.d.s.r.aws.ConfigClusterResolver      : Resolving eureka endpoints via configuration
2019-06-12 11:49:21.025  INFO [user-center,,,] 20848 --- [AsyncResolver-bootstrap-executor-0] c.n.d.s.r.aws.ConfigClusterResolver      : Resolving eureka endpoints via configuration
2019-06-12 11:54:21.026  INFO [user-center,,,] 20848 --- [AsyncResolver-bootstrap-executor-0] c.n.d.s.r.aws.ConfigClusterResolver      : Resolving eureka endpoints via configuration
2019-06-12 11:59:21.027  INFO [user-center,,,] 20848 --- [AsyncResolver-bootstrap-executor-0] c.n.d.s.r.aws.ConfigClusterResolver      : Resolving eureka endpoints via configuration
2019-06-12 12:04:21.029  INFO [user-center,,,] 20848 --- [AsyncResolver-bootstrap-executor-0] c.n.d.s.r.aws.ConfigClusterResolver      : Resolving eureka endpoints via configuration
2019-06-12 12:09:21.031  INFO [user-center,,,] 20848 --- [AsyncResolver-bootstrap-executor-0] c.n.d.s.r.aws.ConfigClusterResolver      : Resolving eureka endpoints via configuration
2019-06-12 12:14:21.032  INFO [user-center,,,] 20848 --- [AsyncResolver-bootstrap-executor-0] c.n.d.s.r.aws.ConfigClusterResolver      : Resolving eureka endpoints via configuration
2019-06-12 12:19:21.033  INFO [user-center,,,] 20848 --- [AsyncResolver-bootstrap-executor-0] c.n.d.s.r.aws.ConfigClusterResolver      : Resolving eureka endpoints via configuration
2019-06-12 12:24:21.035  INFO [user-center,,,] 20848 --- [AsyncResolver-bootstrap-executor-0] c.n.d.s.r.aws.ConfigClusterResolver      : Resolving eureka endpoints via configuration
2019-06-12 12:29:21.035  INFO [user-center,,,] 20848 --- [AsyncResolver-bootstrap-executor-0] c.n.d.s.r.aws.ConfigClusterResolver      : Resolving eureka endpoints via configuration
2019-06-12 12:34:21.037  INFO [user-center,,,] 20848 --- [AsyncResolver-bootstrap-executor-0] c.n.d.s.r.aws.ConfigClusterResolver      : Resolving eureka endpoints via configuration
2019-06-12 12:39:21.038  INFO [user-center,,,] 20848 --- [AsyncResolver-bootstrap-executor-0] c.n.d.s.r.aws.ConfigClusterResolver      : Resolving eureka endpoints via configuration
2019-06-12 12:44:21.039  INFO [user-center,,,] 20848 --- [AsyncResolver-bootstrap-executor-0] c.n.d.s.r.aws.ConfigClusterResolver      : Resolving eureka endpoints via configuration
2019-06-12 12:49:21.041  INFO [user-center,,,] 20848 --- [AsyncResolver-bootstrap-executor-0] c.n.d.s.r.aws.ConfigClusterResolver      : Resolving eureka endpoints via configuration
2019-06-12 12:54:21.042  INFO [user-center,,,] 20848 --- [AsyncResolver-bootstrap-executor-0] c.n.d.s.r.aws.ConfigClusterResolver      : Resolving eureka endpoints via configuration
2019-06-12 12:59:21.043  INFO [user-center,,,] 20848 --- [AsyncResolver-bootstrap-executor-0] c.n.d.s.r.aws.ConfigClusterResolver      : Resolving eureka endpoints via configuration
2019-06-12 13:04:21.046  INFO [user-center,,,] 20848 --- [AsyncResolver-bootstrap-executor-0] c.n.d.s.r.aws.ConfigClusterResolver      : Resolving eureka endpoints via configuration
2019-06-12 13:09:21.047  INFO [user-center,,,] 20848 --- [AsyncResolver-bootstrap-executor-0] c.n.d.s.r.aws.ConfigClusterResolver      : Resolving eureka endpoints via configuration
2019-06-12 13:14:21.049  INFO [user-center,,,] 20848 --- [AsyncResolver-bootstrap-executor-0] c.n.d.s.r.aws.ConfigClusterResolver      : Resolving eureka endpoints via configuration
2019-06-12 13:19:21.051  INFO [user-center,,,] 20848 --- [AsyncResolver-bootstrap-executor-0] c.n.d.s.r.aws.ConfigClusterResolver      : Resolving eureka endpoints via configuration
2019-06-12 13:24:21.052  INFO [user-center,,,] 20848 --- [AsyncResolver-bootstrap-executor-0] c.n.d.s.r.aws.ConfigClusterResolver      : Resolving eureka endpoints via configuration
2019-06-12 13:29:21.054  INFO [user-center,,,] 20848 --- [AsyncResolver-bootstrap-executor-0] c.n.d.s.r.aws.ConfigClusterResolver      : Resolving eureka endpoints via configuration
2019-06-12 13:34:21.055  INFO [user-center,,,] 20848 --- [AsyncResolver-bootstrap-executor-0] c.n.d.s.r.aws.ConfigClusterResolver      : Resolving eureka endpoints via configuration
2019-06-12 13:39:21.056  INFO [user-center,,,] 20848 --- [AsyncResolver-bootstrap-executor-0] c.n.d.s.r.aws.ConfigClusterResolver      : Resolving eureka endpoints via configuration
2019-06-12 13:44:21.057  INFO [user-center,,,] 20848 --- [AsyncResolver-bootstrap-executor-0] c.n.d.s.r.aws.ConfigClusterResolver      : Resolving eureka endpoints via configuration
2019-06-12 13:49:21.059  INFO [user-center,,,] 20848 --- [AsyncResolver-bootstrap-executor-0] c.n.d.s.r.aws.ConfigClusterResolver      : Resolving eureka endpoints via configuration
2019-06-12 13:54:21.061  INFO [user-center,,,] 20848 --- [AsyncResolver-bootstrap-executor-0] c.n.d.s.r.aws.ConfigClusterResolver      : Resolving eureka endpoints via configuration
2019-06-12 13:59:21.062  INFO [user-center,,,] 20848 --- [AsyncResolver-bootstrap-executor-0] c.n.d.s.r.aws.ConfigClusterResolver      : Resolving eureka endpoints via configuration
2019-06-12 14:04:21.063  INFO [user-center,,,] 20848 --- [AsyncResolver-bootstrap-executor-0] c.n.d.s.r.aws.ConfigClusterResolver      : Resolving eureka endpoints via configuration
2019-06-12 14:09:21.070  INFO [user-center,,,] 20848 --- [AsyncResolver-bootstrap-executor-0] c.n.d.s.r.aws.ConfigClusterResolver      : Resolving eureka endpoints via configuration
2019-06-12 14:14:21.073  INFO [user-center,,,] 20848 --- [AsyncResolver-bootstrap-executor-0] c.n.d.s.r.aws.ConfigClusterResolver      : Resolving eureka endpoints via configuration
2019-06-12 14:19:21.075  INFO [user-center,,,] 20848 --- [AsyncResolver-bootstrap-executor-0] c.n.d.s.r.aws.ConfigClusterResolver      : Resolving eureka endpoints via configuration
2019-06-12 14:24:21.077  INFO [user-center,,,] 20848 --- [AsyncResolver-bootstrap-executor-0] c.n.d.s.r.aws.ConfigClusterResolver      : Resolving eureka endpoints via configuration
2019-06-12 14:29:21.078  INFO [user-center,,,] 20848 --- [AsyncResolver-bootstrap-executor-0] c.n.d.s.r.aws.ConfigClusterResolver      : Resolving eureka endpoints via configuration
2019-06-12 14:34:21.079  INFO [user-center,,,] 20848 --- [AsyncResolver-bootstrap-executor-0] c.n.d.s.r.aws.ConfigClusterResolver      : Resolving eureka endpoints via configuration
2019-06-12 14:39:21.080  INFO [user-center,,,] 20848 --- [AsyncResolver-bootstrap-executor-0] c.n.d.s.r.aws.ConfigClusterResolver      : Resolving eureka endpoints via configuration
2019-06-12 14:44:21.081  INFO [user-center,,,] 20848 --- [AsyncResolver-bootstrap-executor-0] c.n.d.s.r.aws.ConfigClusterResolver      : Resolving eureka endpoints via configuration
2019-06-12 14:49:21.083  INFO [user-center,,,] 20848 --- [AsyncResolver-bootstrap-executor-0] c.n.d.s.r.aws.ConfigClusterResolver      : Resolving eureka endpoints via configuration
2019-06-12 14:54:21.085  INFO [user-center,,,] 20848 --- [AsyncResolver-bootstrap-executor-0] c.n.d.s.r.aws.ConfigClusterResolver      : Resolving eureka endpoints via configuration
2019-06-12 14:59:21.087  INFO [user-center,,,] 20848 --- [AsyncResolver-bootstrap-executor-0] c.n.d.s.r.aws.ConfigClusterResolver      : Resolving eureka endpoints via configuration
2019-06-12 15:04:21.088  INFO [user-center,,,] 20848 --- [AsyncResolver-bootstrap-executor-0] c.n.d.s.r.aws.ConfigClusterResolver      : Resolving eureka endpoints via configuration
2019-06-12 15:09:21.090  INFO [user-center,,,] 20848 --- [AsyncResolver-bootstrap-executor-0] c.n.d.s.r.aws.ConfigClusterResolver      : Resolving eureka endpoints via configuration
2019-06-12 15:14:21.091  INFO [user-center,,,] 20848 --- [AsyncResolver-bootstrap-executor-0] c.n.d.s.r.aws.ConfigClusterResolver      : Resolving eureka endpoints via configuration
2019-06-12 15:19:21.093  INFO [user-center,,,] 20848 --- [AsyncResolver-bootstrap-executor-0] c.n.d.s.r.aws.ConfigClusterResolver      : Resolving eureka endpoints via configuration
2019-06-12 15:24:21.095  INFO [user-center,,,] 20848 --- [AsyncResolver-bootstrap-executor-0] c.n.d.s.r.aws.ConfigClusterResolver      : Resolving eureka endpoints via configuration
2019-06-12 15:29:21.097  INFO [user-center,,,] 20848 --- [AsyncResolver-bootstrap-executor-0] c.n.d.s.r.aws.ConfigClusterResolver      : Resolving eureka endpoints via configuration
2019-06-12 15:34:21.098  INFO [user-center,,,] 20848 --- [AsyncResolver-bootstrap-executor-0] c.n.d.s.r.aws.ConfigClusterResolver      : Resolving eureka endpoints via configuration
2019-06-12 15:39:21.100  INFO [user-center,,,] 20848 --- [AsyncResolver-bootstrap-executor-0] c.n.d.s.r.aws.ConfigClusterResolver      : Resolving eureka endpoints via configuration
2019-06-12 15:44:21.102  INFO [user-center,,,] 20848 --- [AsyncResolver-bootstrap-executor-0] c.n.d.s.r.aws.ConfigClusterResolver      : Resolving eureka endpoints via configuration
2019-06-12 15:49:21.103  INFO [user-center,,,] 20848 --- [AsyncResolver-bootstrap-executor-0] c.n.d.s.r.aws.ConfigClusterResolver      : Resolving eureka endpoints via configuration
2019-06-12 15:54:21.104  INFO [user-center,,,] 20848 --- [AsyncResolver-bootstrap-executor-0] c.n.d.s.r.aws.ConfigClusterResolver      : Resolving eureka endpoints via configuration
2019-06-12 15:59:21.105  INFO [user-center,,,] 20848 --- [AsyncResolver-bootstrap-executor-0] c.n.d.s.r.aws.ConfigClusterResolver      : Resolving eureka endpoints via configuration
2019-06-12 16:04:21.107  INFO [user-center,,,] 20848 --- [AsyncResolver-bootstrap-executor-0] c.n.d.s.r.aws.ConfigClusterResolver      : Resolving eureka endpoints via configuration
2019-06-12 16:09:21.108  INFO [user-center,,,] 20848 --- [AsyncResolver-bootstrap-executor-0] c.n.d.s.r.aws.ConfigClusterResolver      : Resolving eureka endpoints via configuration
2019-06-12 16:14:21.110  INFO [user-center,,,] 20848 --- [AsyncResolver-bootstrap-executor-0] c.n.d.s.r.aws.ConfigClusterResolver      : Resolving eureka endpoints via configuration
2019-06-12 16:19:21.111  INFO [user-center,,,] 20848 --- [AsyncResolver-bootstrap-executor-0] c.n.d.s.r.aws.ConfigClusterResolver      : Resolving eureka endpoints via configuration
2019-06-12 16:24:21.113  INFO [user-center,,,] 20848 --- [AsyncResolver-bootstrap-executor-0] c.n.d.s.r.aws.ConfigClusterResolver      : Resolving eureka endpoints via configuration
2019-06-12 16:29:21.115  INFO [user-center,,,] 20848 --- [AsyncResolver-bootstrap-executor-0] c.n.d.s.r.aws.ConfigClusterResolver      : Resolving eureka endpoints via configuration
2019-06-12 16:34:21.117  INFO [user-center,,,] 20848 --- [AsyncResolver-bootstrap-executor-0] c.n.d.s.r.aws.ConfigClusterResolver      : Resolving eureka endpoints via configuration
2019-06-12 16:39:21.119  INFO [user-center,,,] 20848 --- [AsyncResolver-bootstrap-executor-0] c.n.d.s.r.aws.ConfigClusterResolver      : Resolving eureka endpoints via configuration
2019-06-12 16:44:21.121  INFO [user-center,,,] 20848 --- [AsyncResolver-bootstrap-executor-0] c.n.d.s.r.aws.ConfigClusterResolver      : Resolving eureka endpoints via configuration
2019-06-12 16:49:21.123  INFO [user-center,,,] 20848 --- [AsyncResolver-bootstrap-executor-0] c.n.d.s.r.aws.ConfigClusterResolver      : Resolving eureka endpoints via configuration
2019-06-12 16:54:21.124  INFO [user-center,,,] 20848 --- [AsyncResolver-bootstrap-executor-0] c.n.d.s.r.aws.ConfigClusterResolver      : Resolving eureka endpoints via configuration
2019-06-12 16:59:21.126  INFO [user-center,,,] 20848 --- [AsyncResolver-bootstrap-executor-0] c.n.d.s.r.aws.ConfigClusterResolver      : Resolving eureka endpoints via configuration
2019-06-12 17:04:21.128  INFO [user-center,,,] 20848 --- [AsyncResolver-bootstrap-executor-0] c.n.d.s.r.aws.ConfigClusterResolver      : Resolving eureka endpoints via configuration
2019-06-12 17:09:21.129  INFO [user-center,,,] 20848 --- [AsyncResolver-bootstrap-executor-0] c.n.d.s.r.aws.ConfigClusterResolver      : Resolving eureka endpoints via configuration
2019-06-12 17:14:21.130  INFO [user-center,,,] 20848 --- [AsyncResolver-bootstrap-executor-0] c.n.d.s.r.aws.ConfigClusterResolver      : Resolving eureka endpoints via configuration
2019-06-12 17:19:21.131  INFO [user-center,,,] 20848 --- [AsyncResolver-bootstrap-executor-0] c.n.d.s.r.aws.ConfigClusterResolver      : Resolving eureka endpoints via configuration
2019-06-12 17:24:21.133  INFO [user-center,,,] 20848 --- [AsyncResolver-bootstrap-executor-0] c.n.d.s.r.aws.ConfigClusterResolver      : Resolving eureka endpoints via configuration
2019-06-12 17:29:21.134  INFO [user-center,,,] 20848 --- [AsyncResolver-bootstrap-executor-0] c.n.d.s.r.aws.ConfigClusterResolver      : Resolving eureka endpoints via configuration
2019-06-12 17:34:21.136  INFO [user-center,,,] 20848 --- [AsyncResolver-bootstrap-executor-0] c.n.d.s.r.aws.ConfigClusterResolver      : Resolving eureka endpoints via configuration
2019-06-12 17:39:21.138  INFO [user-center,,,] 20848 --- [AsyncResolver-bootstrap-executor-0] c.n.d.s.r.aws.ConfigClusterResolver      : Resolving eureka endpoints via configuration
2019-06-12 17:44:21.139  INFO [user-center,,,] 20848 --- [AsyncResolver-bootstrap-executor-0] c.n.d.s.r.aws.ConfigClusterResolver      : Resolving eureka endpoints via configuration
2019-06-12 17:49:21.156  INFO [user-center,,,] 20848 --- [AsyncResolver-bootstrap-executor-0] c.n.d.s.r.aws.ConfigClusterResolver      : Resolving eureka endpoints via configuration
2019-06-12 17:54:21.158  INFO [user-center,,,] 20848 --- [AsyncResolver-bootstrap-executor-0] c.n.d.s.r.aws.ConfigClusterResolver      : Resolving eureka endpoints via configuration
2019-06-12 17:59:21.160  INFO [user-center,,,] 20848 --- [AsyncResolver-bootstrap-executor-0] c.n.d.s.r.aws.ConfigClusterResolver      : Resolving eureka endpoints via configuration
2019-06-12 18:04:21.161  INFO [user-center,,,] 20848 --- [AsyncResolver-bootstrap-executor-0] c.n.d.s.r.aws.ConfigClusterResolver      : Resolving eureka endpoints via configuration
2019-06-12 18:09:21.163  INFO [user-center,,,] 20848 --- [AsyncResolver-bootstrap-executor-0] c.n.d.s.r.aws.ConfigClusterResolver      : Resolving eureka endpoints via configuration
2019-06-12 18:14:21.165  INFO [user-center,,,] 20848 --- [AsyncResolver-bootstrap-executor-0] c.n.d.s.r.aws.ConfigClusterResolver      : Resolving eureka endpoints via configuration
2019-06-12 18:19:21.173  INFO [user-center,,,] 20848 --- [AsyncResolver-bootstrap-executor-0] c.n.d.s.r.aws.ConfigClusterResolver      : Resolving eureka endpoints via configuration
2019-06-12 18:24:21.175  INFO [user-center,,,] 20848 --- [AsyncResolver-bootstrap-executor-0] c.n.d.s.r.aws.ConfigClusterResolver      : Resolving eureka endpoints via configuration
2019-06-12 18:29:21.176  INFO [user-center,,,] 20848 --- [AsyncResolver-bootstrap-executor-0] c.n.d.s.r.aws.ConfigClusterResolver      : Resolving eureka endpoints via configuration
2019-06-12 18:34:21.177  INFO [user-center,,,] 20848 --- [AsyncResolver-bootstrap-executor-0] c.n.d.s.r.aws.ConfigClusterResolver      : Resolving eureka endpoints via configuration
2019-06-12 18:39:21.179  INFO [user-center,,,] 20848 --- [AsyncResolver-bootstrap-executor-0] c.n.d.s.r.aws.ConfigClusterResolver      : Resolving eureka endpoints via configuration
2019-06-12 18:44:21.181  INFO [user-center,,,] 20848 --- [AsyncResolver-bootstrap-executor-0] c.n.d.s.r.aws.ConfigClusterResolver      : Resolving eureka endpoints via configuration
2019-06-12 18:49:21.183  INFO [user-center,,,] 20848 --- [AsyncResolver-bootstrap-executor-0] c.n.d.s.r.aws.ConfigClusterResolver      : Resolving eureka endpoints via configuration
2019-06-12 18:54:21.184  INFO [user-center,,,] 20848 --- [AsyncResolver-bootstrap-executor-0] c.n.d.s.r.aws.ConfigClusterResolver      : Resolving eureka endpoints via configuration
